INFO: [VRFC 10-2263] Analyzing Verilog file "F:/Users/Lenovo/Desktop/fpga_zynq/energy_detection_2/vivado_prj/energy_detection_2.sim/sim_1/synth/func/xsim/tb_overall_func_synth.v" into library xil_defaultlib
INFO: [VRFC 10-311] analyzing module CU_fft_controller
INFO: [VRFC 10-311] analyzing module accumulator
INFO: [VRFC 10-311] analyzing module adder
INFO: [VRFC 10-311] analyzing module control_unit_detection
INFO: [VRFC 10-311] analyzing module control_unit_ed
INFO: [VRFC 10-311] analyzing module control_unit_fft
INFO: [VRFC 10-311] analyzing module control_unit_packing
INFO: [VRFC 10-311] analyzing module counter_mod_10
INFO: [VRFC 10-311] analyzing module datapath_fft_controller
INFO: [VRFC 10-311] analyzing module datapath_unit_ed
INFO: [VRFC 10-311] analyzing module energy_detection_fixed_th
INFO: [VRFC 10-311] analyzing module energy_detection_module
INFO: [VRFC 10-311] analyzing module ffd
INFO: [VRFC 10-311] analyzing module ffd_0
INFO: [VRFC 10-311] analyzing module ffd_1
INFO: [VRFC 10-311] analyzing module ffd_en
INFO: [VRFC 10-311] analyzing module fft_t
INFO: [VRFC 10-311] analyzing module fifo
INFO: [VRFC 10-311] analyzing module multiplier
INFO: [VRFC 10-311] analyzing module rom_32x1024
INFO: [VRFC 10-311] analyzing module square_mag
INFO: [VRFC 10-311] analyzing module xfft_0
INFO: [VRFC 10-311] analyzing module accumulator_c_accum_v12_0_11
INFO: [VRFC 10-311] analyzing module adder__c_addsub_v12_0_11
INFO: [VRFC 10-311] analyzing module counter_mod_10_c_counter_binary_v12_0_11
INFO: [VRFC 10-311] analyzing module fifo_builtin_extdepth_v6
INFO: [VRFC 10-311] analyzing module fifo_builtin_prim_v6
INFO: [VRFC 10-311] analyzing module fifo_builtin_top_v6
INFO: [VRFC 10-311] analyzing module fifo_fifo_generator_top
INFO: [VRFC 10-311] analyzing module fifo_fifo_generator_v13_2_1
INFO: [VRFC 10-311] analyzing module fifo_fifo_generator_v13_2_1_builtin
INFO: [VRFC 10-311] analyzing module fifo_fifo_generator_v13_2_1_synth
INFO: [VRFC 10-311] analyzing module fifo_reset_builtin
INFO: [VRFC 10-311] analyzing module multiplier__mult_gen_v12_0_13
INFO: [VRFC 10-311] analyzing module rom_32x1024_blk_mem_gen_generic_cstr
INFO: [VRFC 10-311] analyzing module rom_32x1024_blk_mem_gen_prim_width
INFO: [VRFC 10-311] analyzing module rom_32x1024_blk_mem_gen_prim_wrapper_init
INFO: [VRFC 10-311] analyzing module rom_32x1024_blk_mem_gen_top
INFO: [VRFC 10-311] analyzing module rom_32x1024_blk_mem_gen_v8_4_1
INFO: [VRFC 10-311] analyzing module rom_32x1024_blk_mem_gen_v8_4_1_synth
INFO: [VRFC 10-311] analyzing module xfft_0_xfft_v9_0_14
INFO: [VRFC 10-311] analyzing module accumulator_c_accum_v12_0_11_viv
INFO: [VRFC 10-311] analyzing module accumulator_xbip_accum_v3_0_4_viv
INFO: [VRFC 10-311] analyzing module accumulator_xbip_dsp48_acc_synth
INFO: [VRFC 10-311] analyzing module accumulator_xbip_dsp48_acc_v3_0_4_viv
INFO: [VRFC 10-311] analyzing module accumulator_xbip_dsp48e_wrapper_v3_0
INFO: [VRFC 10-311] analyzing module adder__c_addsub_v12_0_11_viv
INFO: [VRFC 10-311] analyzing module adder__xbip_addsub_v3_0_4_viv
INFO: [VRFC 10-311] analyzing module adder__xbip_dsp48_addsub_synth
INFO: [VRFC 10-311] analyzing module adder__xbip_dsp48_addsub_v3_0_4_viv
INFO: [VRFC 10-311] analyzing module adder__xbip_dsp48e1_wrapper_v3_0
INFO: [VRFC 10-311] analyzing module adder__xbip_pipe_v3_0_4_viv
INFO: [VRFC 10-311] analyzing module counter_mod_10_c_counter_binary_v12_0_11_viv
INFO: [VRFC 10-311] analyzing module counter_mod_10_dsp48_counter
INFO: [VRFC 10-311] analyzing module counter_mod_10_xbip_counter_v3_0_4_viv
INFO: [VRFC 10-311] analyzing module counter_mod_10_xbip_dsp48e1_wrapper_v3_0
INFO: [VRFC 10-311] analyzing module multiplier__luts
INFO: [VRFC 10-311] analyzing module multiplier__mult_gen_v12_0_13_viv
INFO: [VRFC 10-311] analyzing module xfft_0_adder
INFO: [VRFC 10-311] analyzing module xfft_0_adder__parameterized0
INFO: [VRFC 10-311] analyzing module xfft_0_adder__parameterized1
INFO: [VRFC 10-311] analyzing module xfft_0_adder__parameterized1_101
INFO: [VRFC 10-311] analyzing module xfft_0_adder__parameterized1_102
INFO: [VRFC 10-311] analyzing module xfft_0_adder__parameterized1_41
INFO: [VRFC 10-311] analyzing module xfft_0_adder__parameterized1_42
INFO: [VRFC 10-311] analyzing module xfft_0_adder__parameterized1_9
INFO: [VRFC 10-311] analyzing module xfft_0_adder__parameterized2
INFO: [VRFC 10-311] analyzing module xfft_0_adder__parameterized3
INFO: [VRFC 10-311] analyzing module xfft_0_adder__parameterized3_23
INFO: [VRFC 10-311] analyzing module xfft_0_adder__parameterized3_71
INFO: [VRFC 10-311] analyzing module xfft_0_adder__parameterized3_72
INFO: [VRFC 10-311] analyzing module xfft_0_adder__parameterized4
INFO: [VRFC 10-311] analyzing module xfft_0_adder_bypass
INFO: [VRFC 10-311] analyzing module xfft_0_adder_bypass_156
INFO: [VRFC 10-311] analyzing module xfft_0_adder_bypass_239
INFO: [VRFC 10-311] analyzing module xfft_0_adder_bypass_240
INFO: [VRFC 10-311] analyzing module xfft_0_adder_bypass_349
INFO: [VRFC 10-311] analyzing module xfft_0_adder_bypass_350
INFO: [VRFC 10-311] analyzing module xfft_0_adder_bypass__parameterized0
INFO: [VRFC 10-311] analyzing module xfft_0_adder_bypass__parameterized0_192
INFO: [VRFC 10-311] analyzing module xfft_0_adder_bypass__parameterized0_292
INFO: [VRFC 10-311] analyzing module xfft_0_adder_bypass__parameterized0_293
INFO: [VRFC 10-311] analyzing module xfft_0_arith_shift3
INFO: [VRFC 10-311] analyzing module xfft_0_arith_shift3_175
INFO: [VRFC 10-311] analyzing module xfft_0_arith_shift3_176
INFO: [VRFC 10-311] analyzing module xfft_0_arith_shift3_272
INFO: [VRFC 10-311] analyzing module xfft_0_arith_shift3_273
INFO: [VRFC 10-311] analyzing module xfft_0_arith_shift3_35
INFO: [VRFC 10-311] analyzing module xfft_0_arith_shift3_93
INFO: [VRFC 10-311] analyzing module xfft_0_arith_shift3_94
INFO: [VRFC 10-311] analyzing module xfft_0_arith_shift3__parameterized0
INFO: [VRFC 10-311] analyzing module xfft_0_arith_shift3__parameterized0_7
INFO: [VRFC 10-311] analyzing module xfft_0_axi_wrapper
INFO: [VRFC 10-311] analyzing module xfft_0_axi_wrapper_input_fifo
INFO: [VRFC 10-311] analyzing module xfft_0_axi_wrapper_input_fifo__parameterized0
INFO: [VRFC 10-311] analyzing module xfft_0_axi_wrapper_output_fifo
INFO: [VRFC 10-311] analyzing module xfft_0_axi_wrapper_output_fifo__parameterized0
INFO: [VRFC 10-311] analyzing module xfft_0_c_addsub_v12_0_11_fabric_legacy
INFO: [VRFC 10-311] analyzing module xfft_0_c_addsub_v12_0_11_fabric_legacy__parameterized1
INFO: [VRFC 10-311] analyzing module xfft_0_c_addsub_v12_0_11_fabric_legacy__parameterized11
INFO: [VRFC 10-311] analyzing module xfft_0_c_addsub_v12_0_11_fabric_legacy__parameterized13
INFO: [VRFC 10-311] analyzing module xfft_0_c_addsub_v12_0_11_fabric_legacy__parameterized13_164
INFO: [VRFC 10-311] analyzing module xfft_0_c_addsub_v12_0_11_fabric_legacy__parameterized13_252
INFO: [VRFC 10-311] analyzing module xfft_0_c_addsub_v12_0_11_fabric_legacy__parameterized13_256
INFO: [VRFC 10-311] analyzing module xfft_0_c_addsub_v12_0_11_fabric_legacy__parameterized13_362
INFO: [VRFC 10-311] analyzing module xfft_0_c_addsub_v12_0_11_fabric_legacy__parameterized13_366
INFO: [VRFC 10-311] analyzing module xfft_0_c_addsub_v12_0_11_fabric_legacy__parameterized15
INFO: [VRFC 10-311] analyzing module xfft_0_c_addsub_v12_0_11_fabric_legacy__parameterized15_159
INFO: [VRFC 10-311] analyzing module xfft_0_c_addsub_v12_0_11_fabric_legacy__parameterized15_244
INFO: [VRFC 10-311] analyzing module xfft_0_c_addsub_v12_0_11_fabric_legacy__parameterized15_248
INFO: [VRFC 10-311] analyzing module xfft_0_c_addsub_v12_0_11_fabric_legacy__parameterized15_354
INFO: [VRFC 10-311] analyzing module xfft_0_c_addsub_v12_0_11_fabric_legacy__parameterized15_358
INFO: [VRFC 10-311] analyzing module xfft_0_c_addsub_v12_0_11_fabric_legacy__parameterized17
INFO: [VRFC 10-311] analyzing module xfft_0_c_addsub_v12_0_11_fabric_legacy__parameterized17_199
INFO: [VRFC 10-311] analyzing module xfft_0_c_addsub_v12_0_11_fabric_legacy__parameterized17_305
INFO: [VRFC 10-311] analyzing module xfft_0_c_addsub_v12_0_11_fabric_legacy__parameterized17_309
INFO: [VRFC 10-311] analyzing module xfft_0_c_addsub_v12_0_11_fabric_legacy__parameterized19
INFO: [VRFC 10-311] analyzing module xfft_0_c_addsub_v12_0_11_fabric_legacy__parameterized19_195
INFO: [VRFC 10-311] analyzing module xfft_0_c_addsub_v12_0_11_fabric_legacy__parameterized19_297
INFO: [VRFC 10-311] analyzing module xfft_0_c_addsub_v12_0_11_fabric_legacy__parameterized19_301
INFO: [VRFC 10-311] analyzing module xfft_0_c_addsub_v12_0_11_fabric_legacy__parameterized1_379
INFO: [VRFC 10-311] analyzing module xfft_0_c_addsub_v12_0_11_fabric_legacy__parameterized1_382
INFO: [VRFC 10-311] analyzing module xfft_0_c_addsub_v12_0_11_fabric_legacy__parameterized21
INFO: [VRFC 10-311] analyzing module xfft_0_c_addsub_v12_0_11_fabric_legacy__parameterized23
INFO: [VRFC 10-311] analyzing module xfft_0_c_addsub_v12_0_11_fabric_legacy__parameterized23_181
INFO: [VRFC 10-311] analyzing module xfft_0_c_addsub_v12_0_11_fabric_legacy__parameterized23_278
INFO: [VRFC 10-311] analyzing module xfft_0_c_addsub_v12_0_11_fabric_legacy__parameterized23_39
INFO: [VRFC 10-311] analyzing module xfft_0_c_addsub_v12_0_11_fabric_legacy__parameterized23_99
INFO: [VRFC 10-311] analyzing module xfft_0_c_addsub_v12_0_11_fabric_legacy__parameterized25
INFO: [VRFC 10-311] analyzing module xfft_0_c_addsub_v12_0_11_fabric_legacy__parameterized27
INFO: [VRFC 10-311] analyzing module xfft_0_c_addsub_v12_0_11_fabric_legacy__parameterized27_116
INFO: [VRFC 10-311] analyzing module xfft_0_c_addsub_v12_0_11_fabric_legacy__parameterized27_120
INFO: [VRFC 10-311] analyzing module xfft_0_c_addsub_v12_0_11_fabric_legacy__parameterized27_20
INFO: [VRFC 10-311] analyzing module xfft_0_c_addsub_v12_0_11_fabric_legacy__parameterized27_56
INFO: [VRFC 10-311] analyzing module xfft_0_c_addsub_v12_0_11_fabric_legacy__parameterized27_60
INFO: [VRFC 10-311] analyzing module xfft_0_c_addsub_v12_0_11_fabric_legacy__parameterized29
INFO: [VRFC 10-311] analyzing module xfft_0_c_addsub_v12_0_11_fabric_legacy__parameterized3
INFO: [VRFC 10-311] analyzing module xfft_0_c_addsub_v12_0_11_fabric_legacy__parameterized31
INFO: [VRFC 10-311] analyzing module xfft_0_c_addsub_v12_0_11_fabric_legacy__parameterized31_30
INFO: [VRFC 10-311] analyzing module xfft_0_c_addsub_v12_0_11_fabric_legacy__parameterized31_81
INFO: [VRFC 10-311] analyzing module xfft_0_c_addsub_v12_0_11_fabric_legacy__parameterized31_85
INFO: [VRFC 10-311] analyzing module xfft_0_c_addsub_v12_0_11_fabric_legacy__parameterized33
INFO: [VRFC 10-311] analyzing module xfft_0_c_addsub_v12_0_11_fabric_legacy__parameterized5
INFO: [VRFC 10-311] analyzing module xfft_0_c_addsub_v12_0_11_fabric_legacy__parameterized7
INFO: [VRFC 10-311] analyzing module xfft_0_c_addsub_v12_0_11_fabric_legacy__parameterized9
INFO: [VRFC 10-311] analyzing module xfft_0_c_addsub_v12_0_11_fabric_legacy__parameterized9_127
INFO: [VRFC 10-311] analyzing module xfft_0_c_addsub_v12_0_11_fabric_legacy__parameterized9_134
INFO: [VRFC 10-311] analyzing module xfft_0_c_addsub_v12_0_11_fabric_legacy__parameterized9_206
INFO: [VRFC 10-311] analyzing module xfft_0_c_addsub_v12_0_11_fabric_legacy__parameterized9_213
INFO: [VRFC 10-311] analyzing module xfft_0_c_addsub_v12_0_11_fabric_legacy__parameterized9_316
INFO: [VRFC 10-311] analyzing module xfft_0_c_addsub_v12_0_11_fabric_legacy__parameterized9_323
INFO: [VRFC 10-311] analyzing module xfft_0_c_addsub_v12_0_11_fabric_legacy__parameterized9_372
INFO: [VRFC 10-311] analyzing module xfft_0_c_addsub_v12_0_11_fabric_legacy__parameterized9_386
INFO: [VRFC 10-311] analyzing module xfft_0_c_addsub_v12_0_11_fabric_legacy__parameterized9_392
INFO: [VRFC 10-311] analyzing module xfft_0_c_addsub_v12_0_11_fabric_legacy__parameterized9_67
INFO: [VRFC 10-311] analyzing module xfft_0_c_addsub_v12_0_11_legacy
INFO: [VRFC 10-311] analyzing module xfft_0_c_addsub_v12_0_11_legacy__parameterized1
INFO: [VRFC 10-311] analyzing module xfft_0_c_addsub_v12_0_11_legacy__parameterized11
INFO: [VRFC 10-311] analyzing module xfft_0_c_addsub_v12_0_11_legacy__parameterized13
INFO: [VRFC 10-311] analyzing module xfft_0_c_addsub_v12_0_11_legacy__parameterized13_163
INFO: [VRFC 10-311] analyzing module xfft_0_c_addsub_v12_0_11_legacy__parameterized13_251
INFO: [VRFC 10-311] analyzing module xfft_0_c_addsub_v12_0_11_legacy__parameterized13_255
INFO: [VRFC 10-311] analyzing module xfft_0_c_addsub_v12_0_11_legacy__parameterized13_361
INFO: [VRFC 10-311] analyzing module xfft_0_c_addsub_v12_0_11_legacy__parameterized13_365
INFO: [VRFC 10-311] analyzing module xfft_0_c_addsub_v12_0_11_legacy__parameterized15
INFO: [VRFC 10-311] analyzing module xfft_0_c_addsub_v12_0_11_legacy__parameterized15_158
INFO: [VRFC 10-311] analyzing module xfft_0_c_addsub_v12_0_11_legacy__parameterized15_243
INFO: [VRFC 10-311] analyzing module xfft_0_c_addsub_v12_0_11_legacy__parameterized15_247
INFO: [VRFC 10-311] analyzing module xfft_0_c_addsub_v12_0_11_legacy__parameterized15_353
INFO: [VRFC 10-311] analyzing module xfft_0_c_addsub_v12_0_11_legacy__parameterized15_357
INFO: [VRFC 10-311] analyzing module xfft_0_c_addsub_v12_0_11_legacy__parameterized17
INFO: [VRFC 10-311] analyzing module xfft_0_c_addsub_v12_0_11_legacy__parameterized17_198
INFO: [VRFC 10-311] analyzing module xfft_0_c_addsub_v12_0_11_legacy__parameterized17_304
INFO: [VRFC 10-311] analyzing module xfft_0_c_addsub_v12_0_11_legacy__parameterized17_308
INFO: [VRFC 10-311] analyzing module xfft_0_c_addsub_v12_0_11_legacy__parameterized19
INFO: [VRFC 10-311] analyzing module xfft_0_c_addsub_v12_0_11_legacy__parameterized19_194
INFO: [VRFC 10-311] analyzing module xfft_0_c_addsub_v12_0_11_legacy__parameterized19_296
INFO: [VRFC 10-311] analyzing module xfft_0_c_addsub_v12_0_11_legacy__parameterized19_300
INFO: [VRFC 10-311] analyzing module xfft_0_c_addsub_v12_0_11_legacy__parameterized1_378
INFO: [VRFC 10-311] analyzing module xfft_0_c_addsub_v12_0_11_legacy__parameterized1_381
INFO: [VRFC 10-311] analyzing module xfft_0_c_addsub_v12_0_11_legacy__parameterized21
INFO: [VRFC 10-311] analyzing module xfft_0_c_addsub_v12_0_11_legacy__parameterized23
INFO: [VRFC 10-311] analyzing module xfft_0_c_addsub_v12_0_11_legacy__parameterized23_180
INFO: [VRFC 10-311] analyzing module xfft_0_c_addsub_v12_0_11_legacy__parameterized23_277
INFO: [VRFC 10-311] analyzing module xfft_0_c_addsub_v12_0_11_legacy__parameterized23_38
INFO: [VRFC 10-311] analyzing module xfft_0_c_addsub_v12_0_11_legacy__parameterized23_98
INFO: [VRFC 10-311] analyzing module xfft_0_c_addsub_v12_0_11_legacy__parameterized25
INFO: [VRFC 10-311] analyzing module xfft_0_c_addsub_v12_0_11_legacy__parameterized27
INFO: [VRFC 10-311] analyzing module xfft_0_c_addsub_v12_0_11_legacy__parameterized27_115
INFO: [VRFC 10-311] analyzing module xfft_0_c_addsub_v12_0_11_legacy__parameterized27_119
INFO: [VRFC 10-311] analyzing module xfft_0_c_addsub_v12_0_11_legacy__parameterized27_19
INFO: [VRFC 10-311] analyzing module xfft_0_c_addsub_v12_0_11_legacy__parameterized27_55
INFO: [VRFC 10-311] analyzing module xfft_0_c_addsub_v12_0_11_legacy__parameterized27_59
INFO: [VRFC 10-311] analyzing module xfft_0_c_addsub_v12_0_11_legacy__parameterized29
INFO: [VRFC 10-311] analyzing module xfft_0_c_addsub_v12_0_11_legacy__parameterized3
INFO: [VRFC 10-311] analyzing module xfft_0_c_addsub_v12_0_11_legacy__parameterized31
INFO: [VRFC 10-311] analyzing module xfft_0_c_addsub_v12_0_11_legacy__parameterized31_29
INFO: [VRFC 10-311] analyzing module xfft_0_c_addsub_v12_0_11_legacy__parameterized31_80
INFO: [VRFC 10-311] analyzing module xfft_0_c_addsub_v12_0_11_legacy__parameterized31_84
INFO: [VRFC 10-311] analyzing module xfft_0_c_addsub_v12_0_11_legacy__parameterized33
INFO: [VRFC 10-311] analyzing module xfft_0_c_addsub_v12_0_11_legacy__parameterized5
INFO: [VRFC 10-311] analyzing module xfft_0_c_addsub_v12_0_11_legacy__parameterized7
INFO: [VRFC 10-311] analyzing module xfft_0_c_addsub_v12_0_11_legacy__parameterized9
INFO: [VRFC 10-311] analyzing module xfft_0_c_addsub_v12_0_11_legacy__parameterized9_126
INFO: [VRFC 10-311] analyzing module xfft_0_c_addsub_v12_0_11_legacy__parameterized9_133
INFO: [VRFC 10-311] analyzing module xfft_0_c_addsub_v12_0_11_legacy__parameterized9_205
INFO: [VRFC 10-311] analyzing module xfft_0_c_addsub_v12_0_11_legacy__parameterized9_212
INFO: [VRFC 10-311] analyzing module xfft_0_c_addsub_v12_0_11_legacy__parameterized9_315
INFO: [VRFC 10-311] analyzing module xfft_0_c_addsub_v12_0_11_legacy__parameterized9_322
INFO: [VRFC 10-311] analyzing module xfft_0_c_addsub_v12_0_11_legacy__parameterized9_371
INFO: [VRFC 10-311] analyzing module xfft_0_c_addsub_v12_0_11_legacy__parameterized9_385
INFO: [VRFC 10-311] analyzing module xfft_0_c_addsub_v12_0_11_legacy__parameterized9_391
INFO: [VRFC 10-311] analyzing module xfft_0_c_addsub_v12_0_11_legacy__parameterized9_66
INFO: [VRFC 10-311] analyzing module xfft_0_c_addsub_v12_0_11_lut6_legacy
INFO: [VRFC 10-311] analyzing module xfft_0_c_addsub_v12_0_11_lut6_legacy__parameterized1
INFO: [VRFC 10-311] analyzing module xfft_0_c_addsub_v12_0_11_lut6_legacy__parameterized11
INFO: [VRFC 10-311] analyzing module xfft_0_c_addsub_v12_0_11_lut6_legacy__parameterized13
INFO: [VRFC 10-311] analyzing module xfft_0_c_addsub_v12_0_11_lut6_legacy__parameterized13_165
INFO: [VRFC 10-311] analyzing module xfft_0_c_addsub_v12_0_11_lut6_legacy__parameterized13_253
INFO: [VRFC 10-311] analyzing module xfft_0_c_addsub_v12_0_11_lut6_legacy__parameterized13_257
INFO: [VRFC 10-311] analyzing module xfft_0_c_addsub_v12_0_11_lut6_legacy__parameterized13_363
INFO: [VRFC 10-311] analyzing module xfft_0_c_addsub_v12_0_11_lut6_legacy__parameterized13_367
INFO: [VRFC 10-311] analyzing module xfft_0_c_addsub_v12_0_11_lut6_legacy__parameterized15
INFO: [VRFC 10-311] analyzing module xfft_0_c_addsub_v12_0_11_lut6_legacy__parameterized15_160
INFO: [VRFC 10-311] analyzing module xfft_0_c_addsub_v12_0_11_lut6_legacy__parameterized15_245
INFO: [VRFC 10-311] analyzing module xfft_0_c_addsub_v12_0_11_lut6_legacy__parameterized15_249
INFO: [VRFC 10-311] analyzing module xfft_0_c_addsub_v12_0_11_lut6_legacy__parameterized15_355
INFO: [VRFC 10-311] analyzing module xfft_0_c_addsub_v12_0_11_lut6_legacy__parameterized15_359
INFO: [VRFC 10-311] analyzing module xfft_0_c_addsub_v12_0_11_lut6_legacy__parameterized17
INFO: [VRFC 10-311] analyzing module xfft_0_c_addsub_v12_0_11_lut6_legacy__parameterized17_200
INFO: [VRFC 10-311] analyzing module xfft_0_c_addsub_v12_0_11_lut6_legacy__parameterized17_306
INFO: [VRFC 10-311] analyzing module xfft_0_c_addsub_v12_0_11_lut6_legacy__parameterized17_310
INFO: [VRFC 10-311] analyzing module xfft_0_c_addsub_v12_0_11_lut6_legacy__parameterized19
INFO: [VRFC 10-311] analyzing module xfft_0_c_addsub_v12_0_11_lut6_legacy__parameterized19_196
INFO: [VRFC 10-311] analyzing module xfft_0_c_addsub_v12_0_11_lut6_legacy__parameterized19_298
INFO: [VRFC 10-311] analyzing module xfft_0_c_addsub_v12_0_11_lut6_legacy__parameterized19_302
INFO: [VRFC 10-311] analyzing module xfft_0_c_addsub_v12_0_11_lut6_legacy__parameterized1_380
INFO: [VRFC 10-311] analyzing module xfft_0_c_addsub_v12_0_11_lut6_legacy__parameterized1_383
INFO: [VRFC 10-311] analyzing module xfft_0_c_addsub_v12_0_11_lut6_legacy__parameterized21
INFO: [VRFC 10-311] analyzing module xfft_0_c_addsub_v12_0_11_lut6_legacy__parameterized23
INFO: [VRFC 10-311] analyzing module xfft_0_c_addsub_v12_0_11_lut6_legacy__parameterized23_100
INFO: [VRFC 10-311] analyzing module xfft_0_c_addsub_v12_0_11_lut6_legacy__parameterized23_182
INFO: [VRFC 10-311] analyzing module xfft_0_c_addsub_v12_0_11_lut6_legacy__parameterized23_279
INFO: [VRFC 10-311] analyzing module xfft_0_c_addsub_v12_0_11_lut6_legacy__parameterized23_40
INFO: [VRFC 10-311] analyzing module xfft_0_c_addsub_v12_0_11_lut6_legacy__parameterized25
INFO: [VRFC 10-311] analyzing module xfft_0_c_addsub_v12_0_11_lut6_legacy__parameterized27
INFO: [VRFC 10-311] analyzing module xfft_0_c_addsub_v12_0_11_lut6_legacy__parameterized27_117
INFO: [VRFC 10-311] analyzing module xfft_0_c_addsub_v12_0_11_lut6_legacy__parameterized27_121
INFO: [VRFC 10-311] analyzing module xfft_0_c_addsub_v12_0_11_lut6_legacy__parameterized27_21
INFO: [VRFC 10-311] analyzing module xfft_0_c_addsub_v12_0_11_lut6_legacy__parameterized27_57
INFO: [VRFC 10-311] analyzing module xfft_0_c_addsub_v12_0_11_lut6_legacy__parameterized27_61
INFO: [VRFC 10-311] analyzing module xfft_0_c_addsub_v12_0_11_lut6_legacy__parameterized29
INFO: [VRFC 10-311] analyzing module xfft_0_c_addsub_v12_0_11_lut6_legacy__parameterized3
INFO: [VRFC 10-311] analyzing module xfft_0_c_addsub_v12_0_11_lut6_legacy__parameterized31
INFO: [VRFC 10-311] analyzing module xfft_0_c_addsub_v12_0_11_lut6_legacy__parameterized31_31
INFO: [VRFC 10-311] analyzing module xfft_0_c_addsub_v12_0_11_lut6_legacy__parameterized31_82
INFO: [VRFC 10-311] analyzing module xfft_0_c_addsub_v12_0_11_lut6_legacy__parameterized31_86
INFO: [VRFC 10-311] analyzing module xfft_0_c_addsub_v12_0_11_lut6_legacy__parameterized33
INFO: [VRFC 10-311] analyzing module xfft_0_c_addsub_v12_0_11_lut6_legacy__parameterized5
INFO: [VRFC 10-311] analyzing module xfft_0_c_addsub_v12_0_11_lut6_legacy__parameterized7
INFO: [VRFC 10-311] analyzing module xfft_0_c_addsub_v12_0_11_lut6_legacy__parameterized9
INFO: [VRFC 10-311] analyzing module xfft_0_c_addsub_v12_0_11_lut6_legacy__parameterized9_128
INFO: [VRFC 10-311] analyzing module xfft_0_c_addsub_v12_0_11_lut6_legacy__parameterized9_135
INFO: [VRFC 10-311] analyzing module xfft_0_c_addsub_v12_0_11_lut6_legacy__parameterized9_207
INFO: [VRFC 10-311] analyzing module xfft_0_c_addsub_v12_0_11_lut6_legacy__parameterized9_214
INFO: [VRFC 10-311] analyzing module xfft_0_c_addsub_v12_0_11_lut6_legacy__parameterized9_317
INFO: [VRFC 10-311] analyzing module xfft_0_c_addsub_v12_0_11_lut6_legacy__parameterized9_324
INFO: [VRFC 10-311] analyzing module xfft_0_c_addsub_v12_0_11_lut6_legacy__parameterized9_373
INFO: [VRFC 10-311] analyzing module xfft_0_c_addsub_v12_0_11_lut6_legacy__parameterized9_387
INFO: [VRFC 10-311] analyzing module xfft_0_c_addsub_v12_0_11_lut6_legacy__parameterized9_393
INFO: [VRFC 10-311] analyzing module xfft_0_c_addsub_v12_0_11_lut6_legacy__parameterized9_68
INFO: [VRFC 10-311] analyzing module xfft_0_c_addsub_v12_0_11_viv
INFO: [VRFC 10-311] analyzing module xfft_0_c_addsub_v12_0_11_viv__parameterized0
INFO: [VRFC 10-311] analyzing module xfft_0_c_addsub_v12_0_11_viv__parameterized0__1
INFO: [VRFC 10-311] analyzing module xfft_0_c_addsub_v12_0_11_viv__parameterized0__2
INFO: [VRFC 10-311] analyzing module xfft_0_c_addsub_v12_0_11_viv__parameterized1
INFO: [VRFC 10-311] analyzing module xfft_0_c_addsub_v12_0_11_viv__parameterized10
INFO: [VRFC 10-311] analyzing module xfft_0_c_addsub_v12_0_11_viv__parameterized11
INFO: [VRFC 10-311] analyzing module xfft_0_c_addsub_v12_0_11_viv__parameterized11__1
INFO: [VRFC 10-311] analyzing module xfft_0_c_addsub_v12_0_11_viv__parameterized11__2
INFO: [VRFC 10-311] analyzing module xfft_0_c_addsub_v12_0_11_viv__parameterized11__3
INFO: [VRFC 10-311] analyzing module xfft_0_c_addsub_v12_0_11_viv__parameterized11__4
INFO: [VRFC 10-311] analyzing module xfft_0_c_addsub_v12_0_11_viv__parameterized12
INFO: [VRFC 10-311] analyzing module xfft_0_c_addsub_v12_0_11_viv__parameterized13
INFO: [VRFC 10-311] analyzing module xfft_0_c_addsub_v12_0_11_viv__parameterized13__1
INFO: [VRFC 10-311] analyzing module xfft_0_c_addsub_v12_0_11_viv__parameterized13__2
INFO: [VRFC 10-311] analyzing module xfft_0_c_addsub_v12_0_11_viv__parameterized13__3
INFO: [VRFC 10-311] analyzing module xfft_0_c_addsub_v12_0_11_viv__parameterized13__4
INFO: [VRFC 10-311] analyzing module xfft_0_c_addsub_v12_0_11_viv__parameterized13__5
INFO: [VRFC 10-311] analyzing module xfft_0_c_addsub_v12_0_11_viv__parameterized14
INFO: [VRFC 10-311] analyzing module xfft_0_c_addsub_v12_0_11_viv__parameterized15
INFO: [VRFC 10-311] analyzing module xfft_0_c_addsub_v12_0_11_viv__parameterized15__1
INFO: [VRFC 10-311] analyzing module xfft_0_c_addsub_v12_0_11_viv__parameterized15__2
INFO: [VRFC 10-311] analyzing module xfft_0_c_addsub_v12_0_11_viv__parameterized15__3
INFO: [VRFC 10-311] analyzing module xfft_0_c_addsub_v12_0_11_viv__parameterized16
INFO: [VRFC 10-311] analyzing module xfft_0_c_addsub_v12_0_11_viv__parameterized2
INFO: [VRFC 10-311] analyzing module xfft_0_c_addsub_v12_0_11_viv__parameterized3
INFO: [VRFC 10-311] analyzing module xfft_0_c_addsub_v12_0_11_viv__parameterized4
INFO: [VRFC 10-311] analyzing module xfft_0_c_addsub_v12_0_11_viv__parameterized4__1
INFO: [VRFC 10-311] analyzing module xfft_0_c_addsub_v12_0_11_viv__parameterized4__10
INFO: [VRFC 10-311] analyzing module xfft_0_c_addsub_v12_0_11_viv__parameterized4__2
INFO: [VRFC 10-311] analyzing module xfft_0_c_addsub_v12_0_11_viv__parameterized4__3
INFO: [VRFC 10-311] analyzing module xfft_0_c_addsub_v12_0_11_viv__parameterized4__4
INFO: [VRFC 10-311] analyzing module xfft_0_c_addsub_v12_0_11_viv__parameterized4__5
INFO: [VRFC 10-311] analyzing module xfft_0_c_addsub_v12_0_11_viv__parameterized4__6
INFO: [VRFC 10-311] analyzing module xfft_0_c_addsub_v12_0_11_viv__parameterized4__7
INFO: [VRFC 10-311] analyzing module xfft_0_c_addsub_v12_0_11_viv__parameterized4__8
INFO: [VRFC 10-311] analyzing module xfft_0_c_addsub_v12_0_11_viv__parameterized4__9
INFO: [VRFC 10-311] analyzing module xfft_0_c_addsub_v12_0_11_viv__parameterized5
INFO: [VRFC 10-311] analyzing module xfft_0_c_addsub_v12_0_11_viv__parameterized6
INFO: [VRFC 10-311] analyzing module xfft_0_c_addsub_v12_0_11_viv__parameterized6__1
INFO: [VRFC 10-311] analyzing module xfft_0_c_addsub_v12_0_11_viv__parameterized6__2
INFO: [VRFC 10-311] analyzing module xfft_0_c_addsub_v12_0_11_viv__parameterized6__3
INFO: [VRFC 10-311] analyzing module xfft_0_c_addsub_v12_0_11_viv__parameterized6__4
INFO: [VRFC 10-311] analyzing module xfft_0_c_addsub_v12_0_11_viv__parameterized6__5
INFO: [VRFC 10-311] analyzing module xfft_0_c_addsub_v12_0_11_viv__parameterized7
INFO: [VRFC 10-311] analyzing module xfft_0_c_addsub_v12_0_11_viv__parameterized7__1
INFO: [VRFC 10-311] analyzing module xfft_0_c_addsub_v12_0_11_viv__parameterized7__2
INFO: [VRFC 10-311] analyzing module xfft_0_c_addsub_v12_0_11_viv__parameterized7__3
INFO: [VRFC 10-311] analyzing module xfft_0_c_addsub_v12_0_11_viv__parameterized7__4
INFO: [VRFC 10-311] analyzing module xfft_0_c_addsub_v12_0_11_viv__parameterized7__5
INFO: [VRFC 10-311] analyzing module xfft_0_c_addsub_v12_0_11_viv__parameterized8
INFO: [VRFC 10-311] analyzing module xfft_0_c_addsub_v12_0_11_viv__parameterized8__1
INFO: [VRFC 10-311] analyzing module xfft_0_c_addsub_v12_0_11_viv__parameterized8__2
INFO: [VRFC 10-311] analyzing module xfft_0_c_addsub_v12_0_11_viv__parameterized8__3
INFO: [VRFC 10-311] analyzing module xfft_0_c_addsub_v12_0_11_viv__parameterized9
INFO: [VRFC 10-311] analyzing module xfft_0_c_addsub_v12_0_11_viv__parameterized9__1
INFO: [VRFC 10-311] analyzing module xfft_0_c_addsub_v12_0_11_viv__parameterized9__2
INFO: [VRFC 10-311] analyzing module xfft_0_c_addsub_v12_0_11_viv__parameterized9__3
INFO: [VRFC 10-311] analyzing module xfft_0_c_reg_fd_v12_0_4_viv
INFO: [VRFC 10-311] analyzing module xfft_0_c_reg_fd_v12_0_4_viv_129
INFO: [VRFC 10-311] analyzing module xfft_0_c_reg_fd_v12_0_4_viv_136
INFO: [VRFC 10-311] analyzing module xfft_0_c_reg_fd_v12_0_4_viv_208
INFO: [VRFC 10-311] analyzing module xfft_0_c_reg_fd_v12_0_4_viv_215
INFO: [VRFC 10-311] analyzing module xfft_0_c_reg_fd_v12_0_4_viv_318
INFO: [VRFC 10-311] analyzing module xfft_0_c_reg_fd_v12_0_4_viv_325
INFO: [VRFC 10-311] analyzing module xfft_0_c_reg_fd_v12_0_4_viv_374
INFO: [VRFC 10-311] analyzing module xfft_0_c_reg_fd_v12_0_4_viv_388
INFO: [VRFC 10-311] analyzing module xfft_0_c_reg_fd_v12_0_4_viv_394
INFO: [VRFC 10-311] analyzing module xfft_0_c_reg_fd_v12_0_4_viv_69
INFO: [VRFC 10-311] analyzing module xfft_0_c_reg_fd_v12_0_4_viv__parameterized1
INFO: [VRFC 10-311] analyzing module xfft_0_c_reg_fd_v12_0_4_viv__parameterized11
INFO: [VRFC 10-311] analyzing module xfft_0_c_reg_fd_v12_0_4_viv__parameterized13
INFO: [VRFC 10-311] analyzing module xfft_0_c_reg_fd_v12_0_4_viv__parameterized15
INFO: [VRFC 10-311] analyzing module xfft_0_c_reg_fd_v12_0_4_viv__parameterized15_32
INFO: [VRFC 10-311] analyzing module xfft_0_c_reg_fd_v12_0_4_viv__parameterized15_83
INFO: [VRFC 10-311] analyzing module xfft_0_c_reg_fd_v12_0_4_viv__parameterized15_87
INFO: [VRFC 10-311] analyzing module xfft_0_c_reg_fd_v12_0_4_viv__parameterized17
INFO: [VRFC 10-311] analyzing module xfft_0_c_reg_fd_v12_0_4_viv__parameterized1_118
INFO: [VRFC 10-311] analyzing module xfft_0_c_reg_fd_v12_0_4_viv__parameterized1_122
INFO: [VRFC 10-311] analyzing module xfft_0_c_reg_fd_v12_0_4_viv__parameterized1_162
INFO: [VRFC 10-311] analyzing module xfft_0_c_reg_fd_v12_0_4_viv__parameterized1_166
INFO: [VRFC 10-311] analyzing module xfft_0_c_reg_fd_v12_0_4_viv__parameterized1_22
INFO: [VRFC 10-311] analyzing module xfft_0_c_reg_fd_v12_0_4_viv__parameterized1_254
INFO: [VRFC 10-311] analyzing module xfft_0_c_reg_fd_v12_0_4_viv__parameterized1_258
INFO: [VRFC 10-311] analyzing module xfft_0_c_reg_fd_v12_0_4_viv__parameterized1_364
INFO: [VRFC 10-311] analyzing module xfft_0_c_reg_fd_v12_0_4_viv__parameterized1_368
INFO: [VRFC 10-311] analyzing module xfft_0_c_reg_fd_v12_0_4_viv__parameterized1_58
INFO: [VRFC 10-311] analyzing module xfft_0_c_reg_fd_v12_0_4_viv__parameterized1_62
INFO: [VRFC 10-311] analyzing module xfft_0_c_reg_fd_v12_0_4_viv__parameterized3
INFO: [VRFC 10-311] analyzing module xfft_0_c_reg_fd_v12_0_4_viv__parameterized3_161
INFO: [VRFC 10-311] analyzing module xfft_0_c_reg_fd_v12_0_4_viv__parameterized3_246
INFO: [VRFC 10-311] analyzing module xfft_0_c_reg_fd_v12_0_4_viv__parameterized3_250
INFO: [VRFC 10-311] analyzing module xfft_0_c_reg_fd_v12_0_4_viv__parameterized3_356
INFO: [VRFC 10-311] analyzing module xfft_0_c_reg_fd_v12_0_4_viv__parameterized3_360
INFO: [VRFC 10-311] analyzing module xfft_0_c_reg_fd_v12_0_4_viv__parameterized5
INFO: [VRFC 10-311] analyzing module xfft_0_c_reg_fd_v12_0_4_viv__parameterized5_201
INFO: [VRFC 10-311] analyzing module xfft_0_c_reg_fd_v12_0_4_viv__parameterized5_307
INFO: [VRFC 10-311] analyzing module xfft_0_c_reg_fd_v12_0_4_viv__parameterized5_311
INFO: [VRFC 10-311] analyzing module xfft_0_c_reg_fd_v12_0_4_viv__parameterized7
INFO: [VRFC 10-311] analyzing module xfft_0_c_reg_fd_v12_0_4_viv__parameterized7_197
INFO: [VRFC 10-311] analyzing module xfft_0_c_reg_fd_v12_0_4_viv__parameterized7_299
INFO: [VRFC 10-311] analyzing module xfft_0_c_reg_fd_v12_0_4_viv__parameterized7_303
INFO: [VRFC 10-311] analyzing module xfft_0_c_reg_fd_v12_0_4_viv__parameterized9
INFO: [VRFC 10-311] analyzing module xfft_0_c_shift_ram_v12_0_11_legacy
INFO: [VRFC 10-311] analyzing module xfft_0_c_shift_ram_v12_0_11_legacy__1
INFO: [VRFC 10-311] analyzing module xfft_0_c_shift_ram_v12_0_11_legacy__2
INFO: [VRFC 10-311] analyzing module xfft_0_c_shift_ram_v12_0_11_legacy__3
INFO: [VRFC 10-311] analyzing module xfft_0_c_shift_ram_v12_0_11_legacy__4
INFO: [VRFC 10-311] analyzing module xfft_0_c_shift_ram_v12_0_11_legacy__5
INFO: [VRFC 10-311] analyzing module xfft_0_c_shift_ram_v12_0_11_legacy__6
INFO: [VRFC 10-311] analyzing module xfft_0_c_shift_ram_v12_0_11_legacy__7
INFO: [VRFC 10-311] analyzing module xfft_0_c_shift_ram_v12_0_11_legacy__8
INFO: [VRFC 10-311] analyzing module xfft_0_c_shift_ram_v12_0_11_legacy__9
INFO: [VRFC 10-311] analyzing module xfft_0_c_shift_ram_v12_0_11_legacy__parameterized0
INFO: [VRFC 10-311] analyzing module xfft_0_c_shift_ram_v12_0_11_legacy__parameterized0__1
INFO: [VRFC 10-311] analyzing module xfft_0_c_shift_ram_v12_0_11_legacy__parameterized0__2
INFO: [VRFC 10-311] analyzing module xfft_0_c_shift_ram_v12_0_11_legacy__parameterized0__3
INFO: [VRFC 10-311] analyzing module xfft_0_c_shift_ram_v12_0_11_legacy__parameterized0__4
INFO: [VRFC 10-311] analyzing module xfft_0_c_shift_ram_v12_0_11_legacy__parameterized0__5
INFO: [VRFC 10-311] analyzing module xfft_0_c_shift_ram_v12_0_11_legacy__parameterized1
INFO: [VRFC 10-311] analyzing module xfft_0_c_shift_ram_v12_0_11_legacy__parameterized11
INFO: [VRFC 10-311] analyzing module xfft_0_c_shift_ram_v12_0_11_legacy__parameterized12
INFO: [VRFC 10-311] analyzing module xfft_0_c_shift_ram_v12_0_11_legacy__parameterized13
INFO: [VRFC 10-311] analyzing module xfft_0_c_shift_ram_v12_0_11_legacy__parameterized14
INFO: [VRFC 10-311] analyzing module xfft_0_c_shift_ram_v12_0_11_legacy__parameterized15
INFO: [VRFC 10-311] analyzing module xfft_0_c_shift_ram_v12_0_11_legacy__parameterized16
INFO: [VRFC 10-311] analyzing module xfft_0_c_shift_ram_v12_0_11_legacy__parameterized17
INFO: [VRFC 10-311] analyzing module xfft_0_c_shift_ram_v12_0_11_legacy__parameterized17__1
INFO: [VRFC 10-311] analyzing module xfft_0_c_shift_ram_v12_0_11_legacy__parameterized18
INFO: [VRFC 10-311] analyzing module xfft_0_c_shift_ram_v12_0_11_legacy__parameterized19
INFO: [VRFC 10-311] analyzing module xfft_0_c_shift_ram_v12_0_11_legacy__parameterized1__1
INFO: [VRFC 10-311] analyzing module xfft_0_c_shift_ram_v12_0_11_legacy__parameterized1__2
INFO: [VRFC 10-311] analyzing module xfft_0_c_shift_ram_v12_0_11_legacy__parameterized1__3
INFO: [VRFC 10-311] analyzing module xfft_0_c_shift_ram_v12_0_11_legacy__parameterized2
INFO: [VRFC 10-311] analyzing module xfft_0_c_shift_ram_v12_0_11_legacy__parameterized20
INFO: [VRFC 10-311] analyzing module xfft_0_c_shift_ram_v12_0_11_legacy__parameterized22
INFO: [VRFC 10-311] analyzing module xfft_0_c_shift_ram_v12_0_11_legacy__parameterized23
INFO: [VRFC 10-311] analyzing module xfft_0_c_shift_ram_v12_0_11_legacy__parameterized24
INFO: [VRFC 10-311] analyzing module xfft_0_c_shift_ram_v12_0_11_legacy__parameterized25
INFO: [VRFC 10-311] analyzing module xfft_0_c_shift_ram_v12_0_11_legacy__parameterized25__1
INFO: [VRFC 10-311] analyzing module xfft_0_c_shift_ram_v12_0_11_legacy__parameterized26
INFO: [VRFC 10-311] analyzing module xfft_0_c_shift_ram_v12_0_11_legacy__parameterized27
INFO: [VRFC 10-311] analyzing module xfft_0_c_shift_ram_v12_0_11_legacy__parameterized2__1
INFO: [VRFC 10-311] analyzing module xfft_0_c_shift_ram_v12_0_11_legacy__parameterized2__2
INFO: [VRFC 10-311] analyzing module xfft_0_c_shift_ram_v12_0_11_legacy__parameterized2__3
INFO: [VRFC 10-311] analyzing module xfft_0_c_shift_ram_v12_0_11_legacy__parameterized3
INFO: [VRFC 10-311] analyzing module xfft_0_c_shift_ram_v12_0_11_legacy__parameterized3__1
INFO: [VRFC 10-311] analyzing module xfft_0_c_shift_ram_v12_0_11_legacy__parameterized4
INFO: [VRFC 10-311] analyzing module xfft_0_c_shift_ram_v12_0_11_legacy__parameterized5
INFO: [VRFC 10-311] analyzing module xfft_0_c_shift_ram_v12_0_11_legacy__parameterized5__1
INFO: [VRFC 10-311] analyzing module xfft_0_c_shift_ram_v12_0_11_legacy__parameterized5__10
INFO: [VRFC 10-311] analyzing module xfft_0_c_shift_ram_v12_0_11_legacy__parameterized5__11
INFO: [VRFC 10-311] analyzing module xfft_0_c_shift_ram_v12_0_11_legacy__parameterized5__2
INFO: [VRFC 10-311] analyzing module xfft_0_c_shift_ram_v12_0_11_legacy__parameterized5__3
INFO: [VRFC 10-311] analyzing module xfft_0_c_shift_ram_v12_0_11_legacy__parameterized5__4
INFO: [VRFC 10-311] analyzing module xfft_0_c_shift_ram_v12_0_11_legacy__parameterized5__5
INFO: [VRFC 10-311] analyzing module xfft_0_c_shift_ram_v12_0_11_legacy__parameterized5__6
INFO: [VRFC 10-311] analyzing module xfft_0_c_shift_ram_v12_0_11_legacy__parameterized5__7
INFO: [VRFC 10-311] analyzing module xfft_0_c_shift_ram_v12_0_11_legacy__parameterized5__8
INFO: [VRFC 10-311] analyzing module xfft_0_c_shift_ram_v12_0_11_legacy__parameterized5__9
INFO: [VRFC 10-311] analyzing module xfft_0_c_shift_ram_v12_0_11_legacy__parameterized6
INFO: [VRFC 10-311] analyzing module xfft_0_c_shift_ram_v12_0_11_legacy__parameterized7
INFO: [VRFC 10-311] analyzing module xfft_0_c_shift_ram_v12_0_11_legacy__parameterized7__1
INFO: [VRFC 10-311] analyzing module xfft_0_c_shift_ram_v12_0_11_legacy__parameterized8
INFO: [VRFC 10-311] analyzing module xfft_0_c_shift_ram_v12_0_11_legacy__parameterized9
INFO: [VRFC 10-311] analyzing module xfft_0_c_shift_ram_v12_0_11_viv
INFO: [VRFC 10-311] analyzing module xfft_0_c_shift_ram_v12_0_11_viv__1
INFO: [VRFC 10-311] analyzing module xfft_0_c_shift_ram_v12_0_11_viv__2
INFO: [VRFC 10-311] analyzing module xfft_0_c_shift_ram_v12_0_11_viv__3
INFO: [VRFC 10-311] analyzing module xfft_0_c_shift_ram_v12_0_11_viv__4
INFO: [VRFC 10-311] analyzing module xfft_0_c_shift_ram_v12_0_11_viv__5
INFO: [VRFC 10-311] analyzing module xfft_0_c_shift_ram_v12_0_11_viv__6
INFO: [VRFC 10-311] analyzing module xfft_0_c_shift_ram_v12_0_11_viv__7
INFO: [VRFC 10-311] analyzing module xfft_0_c_shift_ram_v12_0_11_viv__8
INFO: [VRFC 10-311] analyzing module xfft_0_c_shift_ram_v12_0_11_viv__parameterized0
INFO: [VRFC 10-311] analyzing module xfft_0_c_shift_ram_v12_0_11_viv__parameterized0__1
INFO: [VRFC 10-311] analyzing module xfft_0_c_shift_ram_v12_0_11_viv__parameterized0__2
INFO: [VRFC 10-311] analyzing module xfft_0_c_shift_ram_v12_0_11_viv__parameterized0__3
INFO: [VRFC 10-311] analyzing module xfft_0_c_shift_ram_v12_0_11_viv__parameterized0__4
INFO: [VRFC 10-311] analyzing module xfft_0_c_shift_ram_v12_0_11_viv__parameterized0__5
INFO: [VRFC 10-311] analyzing module xfft_0_c_shift_ram_v12_0_11_viv__parameterized1
INFO: [VRFC 10-311] analyzing module xfft_0_c_shift_ram_v12_0_11_viv__parameterized11
INFO: [VRFC 10-311] analyzing module xfft_0_c_shift_ram_v12_0_11_viv__parameterized12
INFO: [VRFC 10-311] analyzing module xfft_0_c_shift_ram_v12_0_11_viv__parameterized13
INFO: [VRFC 10-311] analyzing module xfft_0_c_shift_ram_v12_0_11_viv__parameterized14
INFO: [VRFC 10-311] analyzing module xfft_0_c_shift_ram_v12_0_11_viv__parameterized15
INFO: [VRFC 10-311] analyzing module xfft_0_c_shift_ram_v12_0_11_viv__parameterized16
INFO: [VRFC 10-311] analyzing module xfft_0_c_shift_ram_v12_0_11_viv__parameterized17
INFO: [VRFC 10-311] analyzing module xfft_0_c_shift_ram_v12_0_11_viv__parameterized17__1
INFO: [VRFC 10-311] analyzing module xfft_0_c_shift_ram_v12_0_11_viv__parameterized18
INFO: [VRFC 10-311] analyzing module xfft_0_c_shift_ram_v12_0_11_viv__parameterized19
INFO: [VRFC 10-311] analyzing module xfft_0_c_shift_ram_v12_0_11_viv__parameterized1__1
INFO: [VRFC 10-311] analyzing module xfft_0_c_shift_ram_v12_0_11_viv__parameterized1__2
INFO: [VRFC 10-311] analyzing module xfft_0_c_shift_ram_v12_0_11_viv__parameterized1__3
INFO: [VRFC 10-311] analyzing module xfft_0_c_shift_ram_v12_0_11_viv__parameterized2
INFO: [VRFC 10-311] analyzing module xfft_0_c_shift_ram_v12_0_11_viv__parameterized20
INFO: [VRFC 10-311] analyzing module xfft_0_c_shift_ram_v12_0_11_viv__parameterized22
INFO: [VRFC 10-311] analyzing module xfft_0_c_shift_ram_v12_0_11_viv__parameterized23
INFO: [VRFC 10-311] analyzing module xfft_0_c_shift_ram_v12_0_11_viv__parameterized24
INFO: [VRFC 10-311] analyzing module xfft_0_c_shift_ram_v12_0_11_viv__parameterized25
INFO: [VRFC 10-311] analyzing module xfft_0_c_shift_ram_v12_0_11_viv__parameterized25__1
INFO: [VRFC 10-311] analyzing module xfft_0_c_shift_ram_v12_0_11_viv__parameterized26
INFO: [VRFC 10-311] analyzing module xfft_0_c_shift_ram_v12_0_11_viv__parameterized27
INFO: [VRFC 10-311] analyzing module xfft_0_c_shift_ram_v12_0_11_viv__parameterized28
INFO: [VRFC 10-311] analyzing module xfft_0_c_shift_ram_v12_0_11_viv__parameterized29
INFO: [VRFC 10-311] analyzing module xfft_0_c_shift_ram_v12_0_11_viv__parameterized2__1
INFO: [VRFC 10-311] analyzing module xfft_0_c_shift_ram_v12_0_11_viv__parameterized2__2
INFO: [VRFC 10-311] analyzing module xfft_0_c_shift_ram_v12_0_11_viv__parameterized2__3
INFO: [VRFC 10-311] analyzing module xfft_0_c_shift_ram_v12_0_11_viv__parameterized3
INFO: [VRFC 10-311] analyzing module xfft_0_c_shift_ram_v12_0_11_viv__parameterized3__1
INFO: [VRFC 10-311] analyzing module xfft_0_c_shift_ram_v12_0_11_viv__parameterized4
INFO: [VRFC 10-311] analyzing module xfft_0_c_shift_ram_v12_0_11_viv__parameterized5
INFO: [VRFC 10-311] analyzing module xfft_0_c_shift_ram_v12_0_11_viv__parameterized5__1
INFO: [VRFC 10-311] analyzing module xfft_0_c_shift_ram_v12_0_11_viv__parameterized5__10
INFO: [VRFC 10-311] analyzing module xfft_0_c_shift_ram_v12_0_11_viv__parameterized5__2
INFO: [VRFC 10-311] analyzing module xfft_0_c_shift_ram_v12_0_11_viv__parameterized5__3
INFO: [VRFC 10-311] analyzing module xfft_0_c_shift_ram_v12_0_11_viv__parameterized5__4
INFO: [VRFC 10-311] analyzing module xfft_0_c_shift_ram_v12_0_11_viv__parameterized5__5
INFO: [VRFC 10-311] analyzing module xfft_0_c_shift_ram_v12_0_11_viv__parameterized5__6
INFO: [VRFC 10-311] analyzing module xfft_0_c_shift_ram_v12_0_11_viv__parameterized5__7
INFO: [VRFC 10-311] analyzing module xfft_0_c_shift_ram_v12_0_11_viv__parameterized5__8
INFO: [VRFC 10-311] analyzing module xfft_0_c_shift_ram_v12_0_11_viv__parameterized5__9
INFO: [VRFC 10-311] analyzing module xfft_0_c_shift_ram_v12_0_11_viv__parameterized6
INFO: [VRFC 10-311] analyzing module xfft_0_c_shift_ram_v12_0_11_viv__parameterized7
INFO: [VRFC 10-311] analyzing module xfft_0_c_shift_ram_v12_0_11_viv__parameterized7__1
INFO: [VRFC 10-311] analyzing module xfft_0_c_shift_ram_v12_0_11_viv__parameterized8
INFO: [VRFC 10-311] analyzing module xfft_0_c_shift_ram_v12_0_11_viv__parameterized9
INFO: [VRFC 10-311] analyzing module xfft_0_cmpy
INFO: [VRFC 10-311] analyzing module xfft_0_cmpy_167
INFO: [VRFC 10-311] analyzing module xfft_0_cmpy_260
INFO: [VRFC 10-311] analyzing module xfft_0_cmpy_3_dsp48
INFO: [VRFC 10-311] analyzing module xfft_0_cmpy_3_dsp48_139
INFO: [VRFC 10-311] analyzing module xfft_0_cmpy_3_dsp48_218
INFO: [VRFC 10-311] analyzing module xfft_0_cmpy_3_dsp48_328
INFO: [VRFC 10-311] analyzing module xfft_0_cmpy_3_dsp48_mult
INFO: [VRFC 10-311] analyzing module xfft_0_cmpy_3_dsp48_mult_141
INFO: [VRFC 10-311] analyzing module xfft_0_cmpy_3_dsp48_mult_220
INFO: [VRFC 10-311] analyzing module xfft_0_cmpy_3_dsp48_mult_330
INFO: [VRFC 10-311] analyzing module xfft_0_cmpy_3_dsp48_mult__parameterized0
INFO: [VRFC 10-311] analyzing module xfft_0_cmpy_3_dsp48_mult__parameterized0_142
INFO: [VRFC 10-311] analyzing module xfft_0_cmpy_3_dsp48_mult__parameterized0_221
INFO: [VRFC 10-311] analyzing module xfft_0_cmpy_3_dsp48_mult__parameterized0_331
INFO: [VRFC 10-311] analyzing module xfft_0_cmpy_3_dsp48_mult__parameterized1
INFO: [VRFC 10-311] analyzing module xfft_0_cmpy_3_dsp48_mult__parameterized1_143
INFO: [VRFC 10-311] analyzing module xfft_0_cmpy_3_dsp48_mult__parameterized1_222
INFO: [VRFC 10-311] analyzing module xfft_0_cmpy_3_dsp48_mult__parameterized1_332
INFO: [VRFC 10-311] analyzing module xfft_0_cmpy_88
INFO: [VRFC 10-311] analyzing module xfft_0_cmpy_v6_0_14_delay_line__parameterized1
INFO: [VRFC 10-311] analyzing module xfft_0_cmpy_v6_0_14_delay_line__parameterized1_140
INFO: [VRFC 10-311] analyzing module xfft_0_cmpy_v6_0_14_delay_line__parameterized1_219
INFO: [VRFC 10-311] analyzing module xfft_0_cmpy_v6_0_14_delay_line__parameterized1_329
INFO: [VRFC 10-311] analyzing module xfft_0_cmpy_v6_0_14_synth
INFO: [VRFC 10-311] analyzing module xfft_0_cmpy_v6_0_14_synth_138
INFO: [VRFC 10-311] analyzing module xfft_0_cmpy_v6_0_14_synth_217
INFO: [VRFC 10-311] analyzing module xfft_0_cmpy_v6_0_14_synth_327
INFO: [VRFC 10-311] analyzing module xfft_0_cnt_sat
INFO: [VRFC 10-311] analyzing module xfft_0_cnt_sat__parameterized0
INFO: [VRFC 10-311] analyzing module xfft_0_cnt_sat__parameterized1
INFO: [VRFC 10-311] analyzing module xfft_0_cnt_sat__parameterized2
INFO: [VRFC 10-311] analyzing module xfft_0_cnt_sat__parameterized2_376
INFO: [VRFC 10-311] analyzing module xfft_0_cnt_sat__parameterized3
INFO: [VRFC 10-311] analyzing module xfft_0_cnt_sat__parameterized4
INFO: [VRFC 10-311] analyzing module xfft_0_cnt_tc_rtl
INFO: [VRFC 10-311] analyzing module xfft_0_cnt_tc_rtl_173
INFO: [VRFC 10-311] analyzing module xfft_0_cnt_tc_rtl_270
INFO: [VRFC 10-311] analyzing module xfft_0_cnt_tc_rtl_34
INFO: [VRFC 10-311] analyzing module xfft_0_cnt_tc_rtl_91
INFO: [VRFC 10-311] analyzing module xfft_0_cnt_tc_rtl_a
INFO: [VRFC 10-311] analyzing module xfft_0_cnt_tc_rtl_a__parameterized0
INFO: [VRFC 10-311] analyzing module xfft_0_cnt_tc_rtl_a__parameterized0_123
INFO: [VRFC 10-311] analyzing module xfft_0_cnt_tc_rtl_a__parameterized0_130
INFO: [VRFC 10-311] analyzing module xfft_0_cnt_tc_rtl_a__parameterized0_202
INFO: [VRFC 10-311] analyzing module xfft_0_cnt_tc_rtl_a__parameterized0_209
INFO: [VRFC 10-311] analyzing module xfft_0_cnt_tc_rtl_a__parameterized0_312
INFO: [VRFC 10-311] analyzing module xfft_0_cnt_tc_rtl_a__parameterized0_319
INFO: [VRFC 10-311] analyzing module xfft_0_cnt_tc_rtl_a__parameterized0_369
INFO: [VRFC 10-311] analyzing module xfft_0_cnt_tc_rtl_a__parameterized0_389
INFO: [VRFC 10-311] analyzing module xfft_0_cnt_tc_rtl_a__parameterized0_63
INFO: [VRFC 10-311] analyzing module xfft_0_cnt_tc_rtl_b
INFO: [VRFC 10-311] analyzing module xfft_0_dpm
INFO: [VRFC 10-311] analyzing module xfft_0_dpm__parameterized0
INFO: [VRFC 10-311] analyzing module xfft_0_dpm__parameterized1
INFO: [VRFC 10-311] analyzing module xfft_0_dpm__parameterized2
INFO: [VRFC 10-311] analyzing module xfft_0_dsp
INFO: [VRFC 10-311] analyzing module xfft_0_dsp_148
INFO: [VRFC 10-311] analyzing module xfft_0_dsp_227
INFO: [VRFC 10-311] analyzing module xfft_0_dsp_337
INFO: [VRFC 10-311] analyzing module xfft_0_dsp__parameterized0
INFO: [VRFC 10-311] analyzing module xfft_0_dsp__parameterized0_147
INFO: [VRFC 10-311] analyzing module xfft_0_dsp__parameterized0_226
INFO: [VRFC 10-311] analyzing module xfft_0_dsp__parameterized0_336
INFO: [VRFC 10-311] analyzing module xfft_0_dsp__parameterized1
INFO: [VRFC 10-311] analyzing module xfft_0_dsp__parameterized1_145
INFO: [VRFC 10-311] analyzing module xfft_0_dsp__parameterized1_224
INFO: [VRFC 10-311] analyzing module xfft_0_dsp__parameterized1_334
INFO: [VRFC 10-311] analyzing module xfft_0_equ_rtl
INFO: [VRFC 10-311] analyzing module xfft_0_equ_rtl_125
INFO: [VRFC 10-311] analyzing module xfft_0_equ_rtl_132
INFO: [VRFC 10-311] analyzing module xfft_0_equ_rtl_204
INFO: [VRFC 10-311] analyzing module xfft_0_equ_rtl_211
INFO: [VRFC 10-311] analyzing module xfft_0_equ_rtl_314
INFO: [VRFC 10-311] analyzing module xfft_0_equ_rtl_321
INFO: [VRFC 10-311] analyzing module xfft_0_equ_rtl_370
INFO: [VRFC 10-311] analyzing module xfft_0_equ_rtl_375
INFO: [VRFC 10-311] analyzing module xfft_0_equ_rtl_384
INFO: [VRFC 10-311] analyzing module xfft_0_equ_rtl_390
INFO: [VRFC 10-311] analyzing module xfft_0_equ_rtl_65
INFO: [VRFC 10-311] analyzing module xfft_0_equ_rtl__parameterized0
INFO: [VRFC 10-311] analyzing module xfft_0_equ_rtl__parameterized1
INFO: [VRFC 10-311] analyzing module xfft_0_equ_rtl__parameterized1_124
INFO: [VRFC 10-311] analyzing module xfft_0_equ_rtl__parameterized1_131
INFO: [VRFC 10-311] analyzing module xfft_0_equ_rtl__parameterized1_203
INFO: [VRFC 10-311] analyzing module xfft_0_equ_rtl__parameterized1_210
INFO: [VRFC 10-311] analyzing module xfft_0_equ_rtl__parameterized1_313
INFO: [VRFC 10-311] analyzing module xfft_0_equ_rtl__parameterized1_320
INFO: [VRFC 10-311] analyzing module xfft_0_equ_rtl__parameterized1_64
INFO: [VRFC 10-311] analyzing module xfft_0_equ_rtl__parameterized2
INFO: [VRFC 10-311] analyzing module xfft_0_equ_rtl__parameterized2_179
INFO: [VRFC 10-311] analyzing module xfft_0_equ_rtl__parameterized2_276
INFO: [VRFC 10-311] analyzing module xfft_0_equ_rtl__parameterized2_37
INFO: [VRFC 10-311] analyzing module xfft_0_equ_rtl__parameterized2_97
INFO: [VRFC 10-311] analyzing module xfft_0_glb_ifx_master
INFO: [VRFC 10-311] analyzing module xfft_0_glb_ifx_master__parameterized0
INFO: [VRFC 10-311] analyzing module xfft_0_glb_ifx_slave
INFO: [VRFC 10-311] analyzing module xfft_0_glb_ifx_slave__parameterized0
INFO: [VRFC 10-311] analyzing module xfft_0_glb_srl_fifo
INFO: [VRFC 10-311] analyzing module xfft_0_glb_srl_fifo__parameterized1
INFO: [VRFC 10-311] analyzing module xfft_0_glb_srl_fifo__parameterized3
INFO: [VRFC 10-311] analyzing module xfft_0_glb_srl_fifo__parameterized5
INFO: [VRFC 10-311] analyzing module xfft_0_input_negation
INFO: [VRFC 10-311] analyzing module xfft_0_input_negation_144
INFO: [VRFC 10-311] analyzing module xfft_0_input_negation_223
INFO: [VRFC 10-311] analyzing module xfft_0_input_negation_333
INFO: [VRFC 10-311] analyzing module xfft_0_logic_gate__parameterized0
INFO: [VRFC 10-311] analyzing module xfft_0_logic_gate__parameterized1
INFO: [VRFC 10-311] analyzing module xfft_0_mult_gen_v12_0_13_delay_line
INFO: [VRFC 10-311] analyzing module xfft_0_mult_gen_v12_0_13_delay_line_149
INFO: [VRFC 10-311] analyzing module xfft_0_mult_gen_v12_0_13_delay_line_228
INFO: [VRFC 10-311] analyzing module xfft_0_mult_gen_v12_0_13_delay_line_338
INFO: [VRFC 10-311] analyzing module xfft_0_mult_gen_v12_0_13_delay_line__parameterized0
INFO: [VRFC 10-311] analyzing module xfft_0_mult_gen_v12_0_13_delay_line__parameterized0_146
INFO: [VRFC 10-311] analyzing module xfft_0_mult_gen_v12_0_13_delay_line__parameterized0_150
INFO: [VRFC 10-311] analyzing module xfft_0_mult_gen_v12_0_13_delay_line__parameterized0_225
INFO: [VRFC 10-311] analyzing module xfft_0_mult_gen_v12_0_13_delay_line__parameterized0_229
INFO: [VRFC 10-311] analyzing module xfft_0_mult_gen_v12_0_13_delay_line__parameterized0_335
INFO: [VRFC 10-311] analyzing module xfft_0_mult_gen_v12_0_13_delay_line__parameterized0_339
INFO: [VRFC 10-311] analyzing module xfft_0_mult_gen_v12_0_13_delay_line__parameterized0_70
INFO: [VRFC 10-311] analyzing module xfft_0_mux_bus4
INFO: [VRFC 10-311] analyzing module xfft_0_mux_bus4__parameterized0
INFO: [VRFC 10-311] analyzing module xfft_0_mux_bus4__parameterized0_177
INFO: [VRFC 10-311] analyzing module xfft_0_mux_bus4__parameterized0_178
INFO: [VRFC 10-311] analyzing module xfft_0_mux_bus4__parameterized0_274
INFO: [VRFC 10-311] analyzing module xfft_0_mux_bus4__parameterized0_275
INFO: [VRFC 10-311] analyzing module xfft_0_mux_bus4__parameterized0_36
INFO: [VRFC 10-311] analyzing module xfft_0_mux_bus4__parameterized0_95
INFO: [VRFC 10-311] analyzing module xfft_0_mux_bus4__parameterized0_96
INFO: [VRFC 10-311] analyzing module xfft_0_mux_bus4__parameterized1
INFO: [VRFC 10-311] analyzing module xfft_0_mux_bus4__parameterized2
INFO: [VRFC 10-311] analyzing module xfft_0_mux_bus4__parameterized3
INFO: [VRFC 10-311] analyzing module xfft_0_mux_bus4__parameterized4
INFO: [VRFC 10-311] analyzing module xfft_0_mux_bus4__parameterized4_8
INFO: [VRFC 10-311] analyzing module xfft_0_r22_bf
INFO: [VRFC 10-311] analyzing module xfft_0_r22_bf__parameterized0
INFO: [VRFC 10-311] analyzing module xfft_0_r22_bf__parameterized1
INFO: [VRFC 10-311] analyzing module xfft_0_r22_bf__parameterized2
INFO: [VRFC 10-311] analyzing module xfft_0_r22_bf__parameterized3
INFO: [VRFC 10-311] analyzing module xfft_0_r22_bf_sp
INFO: [VRFC 10-311] analyzing module xfft_0_r22_bf_sp__parameterized0
INFO: [VRFC 10-311] analyzing module xfft_0_r22_bf_sp__parameterized1
INFO: [VRFC 10-311] analyzing module xfft_0_r22_bf_sp__parameterized2
INFO: [VRFC 10-311] analyzing module xfft_0_r22_bf_sp__parameterized3
INFO: [VRFC 10-311] analyzing module xfft_0_r22_bfly_byp
INFO: [VRFC 10-311] analyzing module xfft_0_r22_bfly_byp_230
INFO: [VRFC 10-311] analyzing module xfft_0_r22_bfly_byp_340
INFO: [VRFC 10-311] analyzing module xfft_0_r22_bfly_byp__parameterized0
INFO: [VRFC 10-311] analyzing module xfft_0_r22_bfly_byp__parameterized0_280
INFO: [VRFC 10-311] analyzing module xfft_0_r22_cnt_ctrl
INFO: [VRFC 10-311] analyzing module xfft_0_r22_cnt_ctrl__parameterized0
INFO: [VRFC 10-311] analyzing module xfft_0_r22_cnt_ctrl__parameterized1
INFO: [VRFC 10-311] analyzing module xfft_0_r22_cnt_ctrl__parameterized2
INFO: [VRFC 10-311] analyzing module xfft_0_r22_cnt_ctrl__parameterized3
INFO: [VRFC 10-311] analyzing module xfft_0_r22_cnt_ctrl__parameterized4
INFO: [VRFC 10-311] analyzing module xfft_0_r22_cnt_ctrl__parameterized5
INFO: [VRFC 10-311] analyzing module xfft_0_r22_cnt_ctrl__parameterized6
INFO: [VRFC 10-311] analyzing module xfft_0_r22_cnt_ctrl__parameterized7
INFO: [VRFC 10-311] analyzing module xfft_0_r22_cnt_ctrl__parameterized8
INFO: [VRFC 10-311] analyzing module xfft_0_r22_delay_mux
INFO: [VRFC 10-311] analyzing module xfft_0_r22_delay_mux__parameterized0
INFO: [VRFC 10-311] analyzing module xfft_0_r22_delay_mux__parameterized1
INFO: [VRFC 10-311] analyzing module xfft_0_r22_delay_mux__parameterized2
INFO: [VRFC 10-311] analyzing module xfft_0_r22_delay_mux__parameterized3
INFO: [VRFC 10-311] analyzing module xfft_0_r22_delay_mux__parameterized4
INFO: [VRFC 10-311] analyzing module xfft_0_r22_delay_mux__parameterized5
INFO: [VRFC 10-311] analyzing module xfft_0_r22_delay_mux__parameterized6
INFO: [VRFC 10-311] analyzing module xfft_0_r22_delay_mux__parameterized7
INFO: [VRFC 10-311] analyzing module xfft_0_r22_delay_mux__parameterized8
INFO: [VRFC 10-311] analyzing module xfft_0_r22_flow_ctrl
INFO: [VRFC 10-311] analyzing module xfft_0_r22_memory
INFO: [VRFC 10-311] analyzing module xfft_0_r22_memory__parameterized0
INFO: [VRFC 10-311] analyzing module xfft_0_r22_memory__parameterized1
INFO: [VRFC 10-311] analyzing module xfft_0_r22_memory__parameterized2
INFO: [VRFC 10-311] analyzing module xfft_0_r22_memory__parameterized3
INFO: [VRFC 10-311] analyzing module xfft_0_r22_memory__parameterized4
INFO: [VRFC 10-311] analyzing module xfft_0_r22_pe
INFO: [VRFC 10-311] analyzing module xfft_0_r22_pe__parameterized0
INFO: [VRFC 10-311] analyzing module xfft_0_r22_pe__parameterized1
INFO: [VRFC 10-311] analyzing module xfft_0_r22_pe__parameterized2
INFO: [VRFC 10-311] analyzing module xfft_0_r22_pe__parameterized3
INFO: [VRFC 10-311] analyzing module xfft_0_r22_srl_memory
INFO: [VRFC 10-311] analyzing module xfft_0_r22_srl_memory__parameterized0
INFO: [VRFC 10-311] analyzing module xfft_0_r22_tw_gen
INFO: [VRFC 10-311] analyzing module xfft_0_r22_tw_gen__parameterized0
INFO: [VRFC 10-311] analyzing module xfft_0_r22_tw_gen__parameterized1
INFO: [VRFC 10-311] analyzing module xfft_0_r22_tw_gen__parameterized2
INFO: [VRFC 10-311] analyzing module xfft_0_r22_twos_comp_mux
INFO: [VRFC 10-311] analyzing module xfft_0_r22_twos_comp_mux_106
INFO: [VRFC 10-311] analyzing module xfft_0_r22_twos_comp_mux_188
INFO: [VRFC 10-311] analyzing module xfft_0_r22_twos_comp_mux_287
INFO: [VRFC 10-311] analyzing module xfft_0_r22_twos_comp_mux_46
INFO: [VRFC 10-311] analyzing module xfft_0_r22_twos_comp_mux__parameterized0
INFO: [VRFC 10-311] analyzing module xfft_0_r22_twos_comp_mux__parameterized0_105
INFO: [VRFC 10-311] analyzing module xfft_0_r22_twos_comp_mux__parameterized0_187
INFO: [VRFC 10-311] analyzing module xfft_0_r22_twos_comp_mux__parameterized0_286
INFO: [VRFC 10-311] analyzing module xfft_0_r22_twos_comp_mux__parameterized0_45
INFO: [VRFC 10-311] analyzing module xfft_0_shift_ram
INFO: [VRFC 10-311] analyzing module xfft_0_shift_ram_261
INFO: [VRFC 10-311] analyzing module xfft_0_shift_ram_377
INFO: [VRFC 10-311] analyzing module xfft_0_shift_ram__parameterized0
INFO: [VRFC 10-311] analyzing module xfft_0_shift_ram__parameterized0_168
INFO: [VRFC 10-311] analyzing module xfft_0_shift_ram__parameterized0_170
INFO: [VRFC 10-311] analyzing module xfft_0_shift_ram__parameterized0_264
INFO: [VRFC 10-311] analyzing module xfft_0_shift_ram__parameterized0_89
INFO: [VRFC 10-311] analyzing module xfft_0_shift_ram__parameterized1
INFO: [VRFC 10-311] analyzing module xfft_0_shift_ram__parameterized10
INFO: [VRFC 10-311] analyzing module xfft_0_shift_ram__parameterized10_265
INFO: [VRFC 10-311] analyzing module xfft_0_shift_ram__parameterized11
INFO: [VRFC 10-311] analyzing module xfft_0_shift_ram__parameterized11_259
INFO: [VRFC 10-311] analyzing module xfft_0_shift_ram__parameterized13
INFO: [VRFC 10-311] analyzing module xfft_0_shift_ram__parameterized13_184
INFO: [VRFC 10-311] analyzing module xfft_0_shift_ram__parameterized13_232
INFO: [VRFC 10-311] analyzing module xfft_0_shift_ram__parameterized13_282
INFO: [VRFC 10-311] analyzing module xfft_0_shift_ram__parameterized13_326
INFO: [VRFC 10-311] analyzing module xfft_0_shift_ram__parameterized13_342
INFO: [VRFC 10-311] analyzing module xfft_0_shift_ram__parameterized14
INFO: [VRFC 10-311] analyzing module xfft_0_shift_ram__parameterized14_183
INFO: [VRFC 10-311] analyzing module xfft_0_shift_ram__parameterized14_231
INFO: [VRFC 10-311] analyzing module xfft_0_shift_ram__parameterized14_281
INFO: [VRFC 10-311] analyzing module xfft_0_shift_ram__parameterized14_341
INFO: [VRFC 10-311] analyzing module xfft_0_shift_ram__parameterized15
INFO: [VRFC 10-311] analyzing module xfft_0_shift_ram__parameterized15_154
INFO: [VRFC 10-311] analyzing module xfft_0_shift_ram__parameterized15_235
INFO: [VRFC 10-311] analyzing module xfft_0_shift_ram__parameterized15_237
INFO: [VRFC 10-311] analyzing module xfft_0_shift_ram__parameterized15_345
INFO: [VRFC 10-311] analyzing module xfft_0_shift_ram__parameterized15_347
INFO: [VRFC 10-311] analyzing module xfft_0_shift_ram__parameterized16
INFO: [VRFC 10-311] analyzing module xfft_0_shift_ram__parameterized18
INFO: [VRFC 10-311] analyzing module xfft_0_shift_ram__parameterized18_190
INFO: [VRFC 10-311] analyzing module xfft_0_shift_ram__parameterized18_288
INFO: [VRFC 10-311] analyzing module xfft_0_shift_ram__parameterized18_290
INFO: [VRFC 10-311] analyzing module xfft_0_shift_ram__parameterized19
INFO: [VRFC 10-311] analyzing module xfft_0_shift_ram__parameterized1_262
INFO: [VRFC 10-311] analyzing module xfft_0_shift_ram__parameterized2
INFO: [VRFC 10-311] analyzing module xfft_0_shift_ram__parameterized21
INFO: [VRFC 10-311] analyzing module xfft_0_shift_ram__parameterized21_185
INFO: [VRFC 10-311] analyzing module xfft_0_shift_ram__parameterized21_283
INFO: [VRFC 10-311] analyzing module xfft_0_shift_ram__parameterized21_284
INFO: [VRFC 10-311] analyzing module xfft_0_shift_ram__parameterized23
INFO: [VRFC 10-311] analyzing module xfft_0_shift_ram__parameterized23_0
INFO: [VRFC 10-311] analyzing module xfft_0_shift_ram__parameterized23_114
INFO: [VRFC 10-311] analyzing module xfft_0_shift_ram__parameterized23_18
INFO: [VRFC 10-311] analyzing module xfft_0_shift_ram__parameterized23_186
INFO: [VRFC 10-311] analyzing module xfft_0_shift_ram__parameterized23_27
INFO: [VRFC 10-311] analyzing module xfft_0_shift_ram__parameterized23_285
INFO: [VRFC 10-311] analyzing module xfft_0_shift_ram__parameterized23_54
INFO: [VRFC 10-311] analyzing module xfft_0_shift_ram__parameterized23_78
INFO: [VRFC 10-311] analyzing module xfft_0_shift_ram__parameterized24
INFO: [VRFC 10-311] analyzing module xfft_0_shift_ram__parameterized24_174
INFO: [VRFC 10-311] analyzing module xfft_0_shift_ram__parameterized24_271
INFO: [VRFC 10-311] analyzing module xfft_0_shift_ram__parameterized24_92
INFO: [VRFC 10-311] analyzing module xfft_0_shift_ram__parameterized26
INFO: [VRFC 10-311] analyzing module xfft_0_shift_ram__parameterized27
INFO: [VRFC 10-311] analyzing module xfft_0_shift_ram__parameterized27_169
INFO: [VRFC 10-311] analyzing module xfft_0_shift_ram__parameterized29
INFO: [VRFC 10-311] analyzing module xfft_0_shift_ram__parameterized3
INFO: [VRFC 10-311] analyzing module xfft_0_shift_ram__parameterized33
INFO: [VRFC 10-311] analyzing module xfft_0_shift_ram__parameterized33_137
INFO: [VRFC 10-311] analyzing module xfft_0_shift_ram__parameterized33_216
INFO: [VRFC 10-311] analyzing module xfft_0_shift_ram__parameterized34
INFO: [VRFC 10-311] analyzing module xfft_0_shift_ram__parameterized35
INFO: [VRFC 10-311] analyzing module xfft_0_shift_ram__parameterized35_90
INFO: [VRFC 10-311] analyzing module xfft_0_shift_ram__parameterized36
INFO: [VRFC 10-311] analyzing module xfft_0_shift_ram__parameterized37
INFO: [VRFC 10-311] analyzing module xfft_0_shift_ram__parameterized39
INFO: [VRFC 10-311] analyzing module xfft_0_shift_ram__parameterized3_151
INFO: [VRFC 10-311] analyzing module xfft_0_shift_ram__parameterized3_152
INFO: [VRFC 10-311] analyzing module xfft_0_shift_ram__parameterized3_2
INFO: [VRFC 10-311] analyzing module xfft_0_shift_ram__parameterized3_233
INFO: [VRFC 10-311] analyzing module xfft_0_shift_ram__parameterized3_234
INFO: [VRFC 10-311] analyzing module xfft_0_shift_ram__parameterized3_343
INFO: [VRFC 10-311] analyzing module xfft_0_shift_ram__parameterized3_344
INFO: [VRFC 10-311] analyzing module xfft_0_shift_ram__parameterized4
INFO: [VRFC 10-311] analyzing module xfft_0_shift_ram__parameterized40
INFO: [VRFC 10-311] analyzing module xfft_0_shift_ram__parameterized41
INFO: [VRFC 10-311] analyzing module xfft_0_shift_ram__parameterized45
INFO: [VRFC 10-311] analyzing module xfft_0_shift_ram__parameterized45_10
INFO: [VRFC 10-311] analyzing module xfft_0_shift_ram__parameterized45_103
INFO: [VRFC 10-311] analyzing module xfft_0_shift_ram__parameterized45_111
INFO: [VRFC 10-311] analyzing module xfft_0_shift_ram__parameterized45_15
INFO: [VRFC 10-311] analyzing module xfft_0_shift_ram__parameterized45_43
INFO: [VRFC 10-311] analyzing module xfft_0_shift_ram__parameterized45_51
INFO: [VRFC 10-311] analyzing module xfft_0_shift_ram__parameterized46
INFO: [VRFC 10-311] analyzing module xfft_0_shift_ram__parameterized47
INFO: [VRFC 10-311] analyzing module xfft_0_shift_ram__parameterized47_104
INFO: [VRFC 10-311] analyzing module xfft_0_shift_ram__parameterized47_112
INFO: [VRFC 10-311] analyzing module xfft_0_shift_ram__parameterized47_113
INFO: [VRFC 10-311] analyzing module xfft_0_shift_ram__parameterized48
INFO: [VRFC 10-311] analyzing module xfft_0_shift_ram__parameterized49
INFO: [VRFC 10-311] analyzing module xfft_0_shift_ram__parameterized5
INFO: [VRFC 10-311] analyzing module xfft_0_shift_ram__parameterized50
INFO: [VRFC 10-311] analyzing module xfft_0_shift_ram__parameterized51
INFO: [VRFC 10-311] analyzing module xfft_0_shift_ram__parameterized51_33
INFO: [VRFC 10-311] analyzing module xfft_0_shift_ram__parameterized52
INFO: [VRFC 10-311] analyzing module xfft_0_shift_ram__parameterized53
INFO: [VRFC 10-311] analyzing module xfft_0_shift_ram__parameterized54
INFO: [VRFC 10-311] analyzing module xfft_0_shift_ram__parameterized56
INFO: [VRFC 10-311] analyzing module xfft_0_shift_ram__parameterized57
INFO: [VRFC 10-311] analyzing module xfft_0_shift_ram__parameterized58
INFO: [VRFC 10-311] analyzing module xfft_0_shift_ram__parameterized5_171
INFO: [VRFC 10-311] analyzing module xfft_0_shift_ram__parameterized5_263
INFO: [VRFC 10-311] analyzing module xfft_0_shift_ram__parameterized5_266
INFO: [VRFC 10-311] analyzing module xfft_0_shift_ram__parameterized6
INFO: [VRFC 10-311] analyzing module xfft_0_shift_ram__parameterized60
INFO: [VRFC 10-311] analyzing module xfft_0_shift_ram__parameterized61
INFO: [VRFC 10-311] analyzing module xfft_0_shift_ram__parameterized61_73
INFO: [VRFC 10-311] analyzing module xfft_0_shift_ram__parameterized62
INFO: [VRFC 10-311] analyzing module xfft_0_shift_ram__parameterized62_79
INFO: [VRFC 10-311] analyzing module xfft_0_shift_ram__parameterized63
INFO: [VRFC 10-311] analyzing module xfft_0_shift_ram__parameterized64
INFO: [VRFC 10-311] analyzing module xfft_0_shift_ram__parameterized64_44
INFO: [VRFC 10-311] analyzing module xfft_0_shift_ram__parameterized64_52
INFO: [VRFC 10-311] analyzing module xfft_0_shift_ram__parameterized64_53
INFO: [VRFC 10-311] analyzing module xfft_0_shift_ram__parameterized65
INFO: [VRFC 10-311] analyzing module xfft_0_shift_ram__parameterized66
INFO: [VRFC 10-311] analyzing module xfft_0_shift_ram__parameterized66_6
INFO: [VRFC 10-311] analyzing module xfft_0_shift_ram__parameterized67
INFO: [VRFC 10-311] analyzing module xfft_0_shift_ram__parameterized68
INFO: [VRFC 10-311] analyzing module xfft_0_shift_ram__parameterized6_172
INFO: [VRFC 10-311] analyzing module xfft_0_shift_ram__parameterized6_269
INFO: [VRFC 10-311] analyzing module xfft_0_shift_ram__parameterized7
INFO: [VRFC 10-311] analyzing module xfft_0_shift_ram__parameterized70
INFO: [VRFC 10-311] analyzing module xfft_0_shift_ram__parameterized72
INFO: [VRFC 10-311] analyzing module xfft_0_shift_ram__parameterized73
INFO: [VRFC 10-311] analyzing module xfft_0_shift_ram__parameterized76
INFO: [VRFC 10-311] analyzing module xfft_0_shift_ram__parameterized77
INFO: [VRFC 10-311] analyzing module xfft_0_shift_ram__parameterized77_24
INFO: [VRFC 10-311] analyzing module xfft_0_shift_ram__parameterized78
INFO: [VRFC 10-311] analyzing module xfft_0_shift_ram__parameterized78_28
INFO: [VRFC 10-311] analyzing module xfft_0_shift_ram__parameterized79
INFO: [VRFC 10-311] analyzing module xfft_0_shift_ram__parameterized7_268
INFO: [VRFC 10-311] analyzing module xfft_0_shift_ram__parameterized80
INFO: [VRFC 10-311] analyzing module xfft_0_shift_ram__parameterized80_11
INFO: [VRFC 10-311] analyzing module xfft_0_shift_ram__parameterized80_16
INFO: [VRFC 10-311] analyzing module xfft_0_shift_ram__parameterized80_17
INFO: [VRFC 10-311] analyzing module xfft_0_shift_ram__parameterized82
INFO: [VRFC 10-311] analyzing module xfft_0_shift_ram__parameterized82_1
INFO: [VRFC 10-311] analyzing module xfft_0_shift_ram__parameterized83
INFO: [VRFC 10-311] analyzing module xfft_0_shift_ram__parameterized85
INFO: [VRFC 10-311] analyzing module xfft_0_shift_ram__parameterized86
INFO: [VRFC 10-311] analyzing module xfft_0_shift_ram__parameterized87
INFO: [VRFC 10-311] analyzing module xfft_0_shift_ram__parameterized89
INFO: [VRFC 10-311] analyzing module xfft_0_shift_ram__parameterized9
INFO: [VRFC 10-311] analyzing module xfft_0_shift_ram__parameterized9_267
INFO: [VRFC 10-311] analyzing module xfft_0_srl_fifo
INFO: [VRFC 10-311] analyzing module xfft_0_srl_fifo_3
INFO: [VRFC 10-311] analyzing module xfft_0_srl_fifo_4
INFO: [VRFC 10-311] analyzing module xfft_0_srl_fifo_5
INFO: [VRFC 10-311] analyzing module xfft_0_sub_byp
INFO: [VRFC 10-311] analyzing module xfft_0_sub_byp_157
INFO: [VRFC 10-311] analyzing module xfft_0_sub_byp_241
INFO: [VRFC 10-311] analyzing module xfft_0_sub_byp_242
INFO: [VRFC 10-311] analyzing module xfft_0_sub_byp_351
INFO: [VRFC 10-311] analyzing module xfft_0_sub_byp_352
INFO: [VRFC 10-311] analyzing module xfft_0_sub_byp__parameterized0
INFO: [VRFC 10-311] analyzing module xfft_0_sub_byp__parameterized0_193
INFO: [VRFC 10-311] analyzing module xfft_0_sub_byp__parameterized0_294
INFO: [VRFC 10-311] analyzing module xfft_0_sub_byp__parameterized0_295
INFO: [VRFC 10-311] analyzing module xfft_0_twgen_distmem
INFO: [VRFC 10-311] analyzing module xfft_0_twgen_distmem__parameterized0
INFO: [VRFC 10-311] analyzing module xfft_0_twgen_distmem__parameterized1
INFO: [VRFC 10-311] analyzing module xfft_0_twgen_half_sincos
INFO: [VRFC 10-311] analyzing module xfft_0_twiddle_gen
INFO: [VRFC 10-311] analyzing module xfft_0_twiddle_gen__parameterized0
INFO: [VRFC 10-311] analyzing module xfft_0_twiddle_gen__parameterized1
INFO: [VRFC 10-311] analyzing module xfft_0_twiddle_gen__parameterized2
INFO: [VRFC 10-311] analyzing module xfft_0_xfft_v9_0_14_core
INFO: [VRFC 10-311] analyzing module xfft_0_xfft_v9_0_14_d
INFO: [VRFC 10-311] analyzing module xfft_0_xfft_v9_0_14_mux_bus2
INFO: [VRFC 10-311] analyzing module xfft_0_xfft_v9_0_14_mux_bus2_153
INFO: [VRFC 10-311] analyzing module xfft_0_xfft_v9_0_14_mux_bus2_155
INFO: [VRFC 10-311] analyzing module xfft_0_xfft_v9_0_14_mux_bus2_236
INFO: [VRFC 10-311] analyzing module xfft_0_xfft_v9_0_14_mux_bus2_238
INFO: [VRFC 10-311] analyzing module xfft_0_xfft_v9_0_14_mux_bus2_26
INFO: [VRFC 10-311] analyzing module xfft_0_xfft_v9_0_14_mux_bus2_346
INFO: [VRFC 10-311] analyzing module xfft_0_xfft_v9_0_14_mux_bus2_348
INFO: [VRFC 10-311] analyzing module xfft_0_xfft_v9_0_14_mux_bus2_76
INFO: [VRFC 10-311] analyzing module xfft_0_xfft_v9_0_14_mux_bus2_77
INFO: [VRFC 10-311] analyzing module xfft_0_xfft_v9_0_14_mux_bus2__parameterized0
INFO: [VRFC 10-311] analyzing module xfft_0_xfft_v9_0_14_mux_bus2__parameterized0_107
INFO: [VRFC 10-311] analyzing module xfft_0_xfft_v9_0_14_mux_bus2__parameterized0_108
INFO: [VRFC 10-311] analyzing module xfft_0_xfft_v9_0_14_mux_bus2__parameterized0_109
INFO: [VRFC 10-311] analyzing module xfft_0_xfft_v9_0_14_mux_bus2__parameterized0_110
INFO: [VRFC 10-311] analyzing module xfft_0_xfft_v9_0_14_mux_bus2__parameterized0_12
INFO: [VRFC 10-311] analyzing module xfft_0_xfft_v9_0_14_mux_bus2__parameterized0_13
INFO: [VRFC 10-311] analyzing module xfft_0_xfft_v9_0_14_mux_bus2__parameterized0_14
INFO: [VRFC 10-311] analyzing module xfft_0_xfft_v9_0_14_mux_bus2__parameterized0_189
INFO: [VRFC 10-311] analyzing module xfft_0_xfft_v9_0_14_mux_bus2__parameterized0_191
INFO: [VRFC 10-311] analyzing module xfft_0_xfft_v9_0_14_mux_bus2__parameterized0_289
INFO: [VRFC 10-311] analyzing module xfft_0_xfft_v9_0_14_mux_bus2__parameterized0_291
INFO: [VRFC 10-311] analyzing module xfft_0_xfft_v9_0_14_mux_bus2__parameterized0_47
INFO: [VRFC 10-311] analyzing module xfft_0_xfft_v9_0_14_mux_bus2__parameterized0_48
INFO: [VRFC 10-311] analyzing module xfft_0_xfft_v9_0_14_mux_bus2__parameterized0_49
INFO: [VRFC 10-311] analyzing module xfft_0_xfft_v9_0_14_mux_bus2__parameterized0_50
INFO: [VRFC 10-311] analyzing module xfft_0_xfft_v9_0_14_mux_bus2__parameterized1
INFO: [VRFC 10-311] analyzing module xfft_0_xfft_v9_0_14_mux_bus2__parameterized1_25
INFO: [VRFC 10-311] analyzing module xfft_0_xfft_v9_0_14_mux_bus2__parameterized1_74
INFO: [VRFC 10-311] analyzing module xfft_0_xfft_v9_0_14_mux_bus2__parameterized1_75
INFO: [VRFC 10-311] analyzing module xfft_0_xfft_v9_0_14_viv
INFO: [VRFC 10-311] analyzing module glbl
INFO: [VRFC 10-2263] Analyzing Verilog file "F:/Users/Lenovo/Desktop/fpga_zynq/energy_detection_2/vivado_prj/energy_detection_2.srcs/sim_1/new/tb_overall.v" into library xil_defaultlib
INFO: [VRFC 10-311] analyzing module tb_overall
