Vivado Simulator 2017.4
Copyright 1986-1999, 2001-2016 Xilinx, Inc. All Rights Reserved.
Running: F:/Xilinx/Vivado/2017.4/bin/unwrapped/win64.o/xelab.exe -wto adc9240614cb4e4398c3a52524468b6d --incr --debug typical --relax --mt 2 -L xil_defaultlib -L unisims_ver -L secureip --snapshot tb_overall_func_synth xil_defaultlib.tb_overall xil_defaultlib.glbl -log elaborate.log 
Using 2 slave threads.
Starting static elaboration
Completed static elaboration
Starting simulation data flow analysis
Completed simulation data flow analysis
Time Resolution for simulation is 1ps
Compiling module xil_defaultlib.dbg_hub_CV
Compiling module unisims_ver.LUT4
Compiling module unisims_ver.FDRE_default
Compiling module unisims_ver.LUT5
Compiling module unisims_ver.LUT6
Compiling module unisims_ver.x_lut3_mux8
Compiling module unisims_ver.LUT3
Compiling module unisims_ver.FDCE_default
Compiling module xil_defaultlib.control_unit_detection
Compiling module unisims_ver.x_lut2_mux4
Compiling module unisims_ver.LUT2
Compiling module unisims_ver.x_lut1_mux2
Compiling module unisims_ver.LUT1
Compiling module xil_defaultlib.control_unit_packing
Compiling module xil_defaultlib.control_unit_ed
Compiling module unisims_ver.DSP48E1(ACASCREG=0,ADREG=0,ALUMO...
Compiling module xil_defaultlib.accumulator_xbip_dsp48e_wrapper_...
Compiling module xil_defaultlib.accumulator_xbip_dsp48_acc_synth
Compiling module xil_defaultlib.accumulator_xbip_dsp48_acc_v3_0_...
Compiling module xil_defaultlib.accumulator_xbip_accum_v3_0_4_vi...
Compiling module xil_defaultlib.accumulator_c_accum_v12_0_11_viv
Compiling module xil_defaultlib.accumulator_c_accum_v12_0_11
Compiling module xil_defaultlib.accumulator
Compiling module unisims_ver.VCC
Compiling module unisims_ver.GND
Compiling module unisims_ver.DSP48E1(ACASCREG=0,ADREG=0,ALUMO...
Compiling module xil_defaultlib.counter_mod_10_xbip_dsp48e1_wrap...
Compiling module xil_defaultlib.counter_mod_10_dsp48_counter
Compiling module xil_defaultlib.counter_mod_10_xbip_counter_v3_0...
Compiling module xil_defaultlib.counter_mod_10_c_counter_binary_...
Compiling module xil_defaultlib.counter_mod_10_c_counter_binary_...
Compiling module xil_defaultlib.counter_mod_10
Compiling module xil_defaultlib.ffd_en
Compiling module unisims_ver.FDRE(INIT=1'b1)
Compiling module unisims_ver.SRL16E_default
Compiling module unisims_ver.FDPE(INIT=1'b0)
Compiling module xil_defaultlib.fifo_reset_builtin
Compiling module unisims_ver.FF36_INTERNAL_VLOG(DATA_WIDTH=36...
Compiling module unisims_ver.FIFO36E1(ALMOST_EMPTY_OFFSET=13'...
Compiling module xil_defaultlib.fifo_builtin_prim_v6
Compiling module xil_defaultlib.fifo_builtin_extdepth_v6
Compiling module xil_defaultlib.fifo_builtin_top_v6
Compiling module xil_defaultlib.fifo_fifo_generator_v13_2_1_buil...
Compiling module xil_defaultlib.fifo_fifo_generator_top
Compiling module xil_defaultlib.fifo_fifo_generator_v13_2_1_synt...
Compiling module xil_defaultlib.fifo_fifo_generator_v13_2_1
Compiling module xil_defaultlib.fifo
Compiling module xil_defaultlib.datapath_unit_ed
Compiling module xil_defaultlib.ffd_1
Compiling module xil_defaultlib.energy_detection_module
Compiling module xil_defaultlib.CU_fft_controller
Compiling module xil_defaultlib.datapath_fft_controller
Compiling module xil_defaultlib.control_unit_fft
Compiling module unisims_ver.CARRY4
Compiling module unisims_ver.FDSE(INIT=1'b0)
Compiling module unisims_ver.RB36_INTERNAL_VLOG(RDADDR_COLLIS...
Compiling module unisims_ver.RAMB36E1(INIT_00=256'b1111111110...
Compiling module xil_defaultlib.rom_32x1024_blk_mem_gen_prim_wra...
Compiling module xil_defaultlib.rom_32x1024_blk_mem_gen_prim_wid...
Compiling module xil_defaultlib.rom_32x1024_blk_mem_gen_generic_...
Compiling module xil_defaultlib.rom_32x1024_blk_mem_gen_top
Compiling module xil_defaultlib.rom_32x1024_blk_mem_gen_v8_4_1_s...
Compiling module xil_defaultlib.rom_32x1024_blk_mem_gen_v8_4_1
Compiling module xil_defaultlib.rom_32x1024
Compiling module unisims_ver.FDSE_default
Compiling module xil_defaultlib.xfft_0_glb_srl_fifo
Compiling module xil_defaultlib.xfft_0_glb_ifx_slave
Compiling module xil_defaultlib.xfft_0_axi_wrapper_input_fifo
Compiling module xil_defaultlib.xfft_0_glb_srl_fifo__parameteriz...
Compiling module xil_defaultlib.xfft_0_glb_ifx_slave__parameteri...
Compiling module xil_defaultlib.xfft_0_axi_wrapper_input_fifo__p...
Compiling module xil_defaultlib.xfft_0_glb_srl_fifo__parameteriz...
Compiling module xil_defaultlib.xfft_0_glb_ifx_master__parameter...
Compiling module xil_defaultlib.xfft_0_axi_wrapper_output_fifo__...
Compiling module xil_defaultlib.xfft_0_glb_srl_fifo__parameteriz...
Compiling module xil_defaultlib.xfft_0_glb_ifx_master
Compiling module xil_defaultlib.xfft_0_axi_wrapper_output_fifo
Compiling module xil_defaultlib.xfft_0_axi_wrapper
Compiling module xil_defaultlib.xfft_0_c_reg_fd_v12_0_4_viv_394
Compiling module xil_defaultlib.xfft_0_c_addsub_v12_0_11_lut6_le...
Compiling module xil_defaultlib.xfft_0_c_addsub_v12_0_11_fabric_...
Compiling module xil_defaultlib.xfft_0_c_addsub_v12_0_11_legacy_...
Compiling module xil_defaultlib.xfft_0_c_addsub_v12_0_11_viv__pa...
Compiling module xil_defaultlib.xfft_0_equ_rtl_390
Compiling module xil_defaultlib.xfft_0_cnt_tc_rtl_a__parameteriz...
Compiling module xil_defaultlib.xfft_0_r22_cnt_ctrl
Compiling module xil_defaultlib.xfft_0_c_reg_fd_v12_0_4_viv_388
Compiling module xil_defaultlib.xfft_0_c_addsub_v12_0_11_lut6_le...
Compiling module xil_defaultlib.xfft_0_c_addsub_v12_0_11_fabric_...
Compiling module xil_defaultlib.xfft_0_c_addsub_v12_0_11_legacy_...
Compiling module xil_defaultlib.xfft_0_c_addsub_v12_0_11_viv__pa...
Compiling module xil_defaultlib.xfft_0_equ_rtl_384
Compiling module xil_defaultlib.xfft_0_cnt_tc_rtl_a
Compiling module xil_defaultlib.xfft_0_equ_rtl_375
Compiling module xil_defaultlib.xfft_0_c_addsub_v12_0_11_lut6_le...
Compiling module xil_defaultlib.xfft_0_c_addsub_v12_0_11_fabric_...
Compiling module xil_defaultlib.xfft_0_c_addsub_v12_0_11_legacy_...
Compiling module xil_defaultlib.xfft_0_c_addsub_v12_0_11_viv__pa...
Compiling module xil_defaultlib.xfft_0_cnt_sat__parameterized3
Compiling module xil_defaultlib.xfft_0_c_addsub_v12_0_11_lut6_le...
Compiling module xil_defaultlib.xfft_0_c_addsub_v12_0_11_fabric_...
Compiling module xil_defaultlib.xfft_0_c_addsub_v12_0_11_legacy_...
Compiling module xil_defaultlib.xfft_0_c_addsub_v12_0_11_viv__pa...
Compiling module xil_defaultlib.xfft_0_cnt_sat__parameterized4
Compiling module xil_defaultlib.xfft_0_c_addsub_v12_0_11_lut6_le...
Compiling module xil_defaultlib.xfft_0_c_addsub_v12_0_11_fabric_...
Compiling module xil_defaultlib.xfft_0_c_addsub_v12_0_11_legacy_...
Compiling module xil_defaultlib.xfft_0_c_addsub_v12_0_11_viv__pa...
Compiling module xil_defaultlib.xfft_0_cnt_sat__parameterized2
Compiling module xil_defaultlib.xfft_0_c_addsub_v12_0_11_lut6_le...
Compiling module xil_defaultlib.xfft_0_c_addsub_v12_0_11_fabric_...
Compiling module xil_defaultlib.xfft_0_c_addsub_v12_0_11_legacy_...
Compiling module xil_defaultlib.xfft_0_c_addsub_v12_0_11_viv__pa...
Compiling module xil_defaultlib.xfft_0_cnt_sat__parameterized2_3...
Compiling module xil_defaultlib.xfft_0_c_addsub_v12_0_11_lut6_le...
Compiling module xil_defaultlib.xfft_0_c_addsub_v12_0_11_fabric_...
Compiling module xil_defaultlib.xfft_0_c_addsub_v12_0_11_legacy_...
Compiling module xil_defaultlib.xfft_0_c_addsub_v12_0_11_viv__pa...
Compiling module xil_defaultlib.xfft_0_logic_gate__parameterized...
Compiling module xil_defaultlib.xfft_0_cnt_sat__parameterized1
Compiling module xil_defaultlib.xfft_0_c_addsub_v12_0_11_lut6_le...
Compiling module xil_defaultlib.xfft_0_c_addsub_v12_0_11_fabric_...
Compiling module xil_defaultlib.xfft_0_c_addsub_v12_0_11_legacy_...
Compiling module xil_defaultlib.xfft_0_c_addsub_v12_0_11_viv__pa...
Compiling module xil_defaultlib.xfft_0_logic_gate__parameterized...
Compiling module xil_defaultlib.xfft_0_cnt_sat__parameterized0
Compiling module xil_defaultlib.xfft_0_c_addsub_v12_0_11_lut6_le...
Compiling module xil_defaultlib.xfft_0_c_addsub_v12_0_11_fabric_...
Compiling module xil_defaultlib.xfft_0_c_addsub_v12_0_11_legacy
Compiling module xil_defaultlib.xfft_0_c_addsub_v12_0_11_viv
Compiling module xil_defaultlib.xfft_0_cnt_sat
Compiling module xil_defaultlib.xfft_0_c_shift_ram_v12_0_11_lega...
Compiling module xil_defaultlib.xfft_0_c_shift_ram_v12_0_11_viv_...
Compiling module xil_defaultlib.xfft_0_shift_ram_377
Compiling module xil_defaultlib.xfft_0_r22_flow_ctrl
Compiling module xil_defaultlib.xfft_0_shift_ram__parameterized8...
Compiling module xil_defaultlib.xfft_0_c_shift_ram_v12_0_11_lega...
Compiling module xil_defaultlib.xfft_0_c_shift_ram_v12_0_11_viv_...
Compiling module xil_defaultlib.xfft_0_shift_ram__parameterized8...
Compiling module xil_defaultlib.xfft_0_shift_ram__parameterized2...
Compiling module xil_defaultlib.xfft_0_shift_ram__parameterized2...
Compiling module xil_defaultlib.xfft_0_c_shift_ram_v12_0_11_lega...
Compiling module xil_defaultlib.xfft_0_c_shift_ram_v12_0_11_viv_...
Compiling module xil_defaultlib.xfft_0_shift_ram__parameterized8...
Compiling module xil_defaultlib.xfft_0_shift_ram__parameterized8...
Compiling module unisims_ver.RB18_INTERNAL_VLOG(DOB_REG=1,REA...
Compiling module unisims_ver.RAMB18E1(DOB_REG=1,READ_WIDTH_B=...
Compiling module xil_defaultlib.xfft_0_dpm__parameterized2
Compiling module xil_defaultlib.xfft_0_r22_memory__parameterized...
Compiling module xil_defaultlib.xfft_0_c_shift_ram_v12_0_11_lega...
Compiling module xil_defaultlib.xfft_0_c_shift_ram_v12_0_11_viv_...
Compiling module xil_defaultlib.xfft_0_shift_ram__parameterized4...
Compiling module xil_defaultlib.xfft_0_shift_ram__parameterized8...
Compiling module xil_defaultlib.xfft_0_c_reg_fd_v12_0_4_viv_374
Compiling module xil_defaultlib.xfft_0_c_addsub_v12_0_11_lut6_le...
Compiling module xil_defaultlib.xfft_0_c_addsub_v12_0_11_fabric_...
Compiling module xil_defaultlib.xfft_0_c_addsub_v12_0_11_legacy_...
Compiling module xil_defaultlib.xfft_0_c_addsub_v12_0_11_viv__pa...
Compiling module xil_defaultlib.xfft_0_equ_rtl_370
Compiling module xil_defaultlib.xfft_0_cnt_tc_rtl_a__parameteriz...
Compiling module xil_defaultlib.xfft_0_r22_cnt_ctrl__parameteriz...
Compiling module xil_defaultlib.xfft_0_shift_ram__parameterized8...
Compiling module xil_defaultlib.xfft_0_shift_ram__parameterized8...
Compiling module xil_defaultlib.xfft_0_c_addsub_v12_0_11_lut6_le...
Compiling module xil_defaultlib.xfft_0_c_addsub_v12_0_11_fabric_...
Compiling module xil_defaultlib.xfft_0_c_addsub_v12_0_11_legacy_...
Compiling module xil_defaultlib.xfft_0_c_addsub_v12_0_11_viv__pa...
Compiling module xil_defaultlib.xfft_0_equ_rtl__parameterized0
Compiling module xil_defaultlib.xfft_0_cnt_tc_rtl_b
Compiling module xil_defaultlib.xfft_0_c_shift_ram_v12_0_11_lega...
Compiling module xil_defaultlib.xfft_0_c_shift_ram_v12_0_11_viv_...
Compiling module xil_defaultlib.xfft_0_shift_ram__parameterized0
Compiling module xil_defaultlib.xfft_0_shift_ram__parameterized3
Compiling module xil_defaultlib.xfft_0_shift_ram__parameterized3...
Compiling module xil_defaultlib.xfft_0_shift_ram__parameterized1
Compiling module xil_defaultlib.xfft_0_shift_ram__parameterized2
Compiling module xil_defaultlib.xfft_0_srl_fifo
Compiling module xil_defaultlib.xfft_0_c_reg_fd_v12_0_4_viv__par...
Compiling module xil_defaultlib.xfft_0_c_addsub_v12_0_11_lut6_le...
Compiling module xil_defaultlib.xfft_0_c_addsub_v12_0_11_fabric_...
Compiling module xil_defaultlib.xfft_0_c_addsub_v12_0_11_legacy_...
Compiling module xil_defaultlib.xfft_0_c_addsub_v12_0_11_viv__pa...
Compiling module xil_defaultlib.xfft_0_adder_bypass_349
Compiling module xil_defaultlib.xfft_0_c_reg_fd_v12_0_4_viv__par...
Compiling module xil_defaultlib.xfft_0_c_addsub_v12_0_11_lut6_le...
Compiling module xil_defaultlib.xfft_0_c_addsub_v12_0_11_fabric_...
Compiling module xil_defaultlib.xfft_0_c_addsub_v12_0_11_legacy_...
Compiling module xil_defaultlib.xfft_0_c_addsub_v12_0_11_viv__pa...
Compiling module xil_defaultlib.xfft_0_adder_bypass_350
Compiling module xil_defaultlib.xfft_0_c_reg_fd_v12_0_4_viv__par...
Compiling module xil_defaultlib.xfft_0_c_addsub_v12_0_11_lut6_le...
Compiling module xil_defaultlib.xfft_0_c_addsub_v12_0_11_fabric_...
Compiling module xil_defaultlib.xfft_0_c_addsub_v12_0_11_legacy_...
Compiling module xil_defaultlib.xfft_0_c_addsub_v12_0_11_viv__pa...
Compiling module xil_defaultlib.xfft_0_sub_byp_351
Compiling module xil_defaultlib.xfft_0_c_reg_fd_v12_0_4_viv__par...
Compiling module xil_defaultlib.xfft_0_c_addsub_v12_0_11_lut6_le...
Compiling module xil_defaultlib.xfft_0_c_addsub_v12_0_11_fabric_...
Compiling module xil_defaultlib.xfft_0_c_addsub_v12_0_11_legacy_...
Compiling module xil_defaultlib.xfft_0_c_addsub_v12_0_11_viv__pa...
Compiling module xil_defaultlib.xfft_0_sub_byp_352
Compiling module xil_defaultlib.xfft_0_r22_bfly_byp_340
Compiling module unisims_ver.RB18_INTERNAL_VLOG(DOA_REG=1,DOB...
Compiling module unisims_ver.RAMB18E1(DOA_REG=1,DOB_REG=1,RAM...
Compiling module xil_defaultlib.xfft_0_dpm
Compiling module xil_defaultlib.xfft_0_r22_memory
Compiling module xil_defaultlib.xfft_0_shift_ram__parameterized1...
Compiling module xil_defaultlib.xfft_0_xfft_v9_0_14_mux_bus2_348
Compiling module xil_defaultlib.xfft_0_r22_delay_mux__parameteri...
Compiling module xil_defaultlib.xfft_0_shift_ram__parameterized1...
Compiling module xil_defaultlib.xfft_0_xfft_v9_0_14_mux_bus2_346
Compiling module xil_defaultlib.xfft_0_r22_delay_mux
Compiling module xil_defaultlib.xfft_0_shift_ram__parameterized1...
Compiling module xil_defaultlib.xfft_0_c_shift_ram_v12_0_11_lega...
Compiling module xil_defaultlib.xfft_0_c_shift_ram_v12_0_11_viv_...
Compiling module xil_defaultlib.xfft_0_shift_ram__parameterized1...
Compiling module xil_defaultlib.xfft_0_shift_ram__parameterized3...
Compiling module xil_defaultlib.xfft_0_shift_ram__parameterized3...
Compiling module xil_defaultlib.xfft_0_shift_ram__parameterized1...
Compiling module xil_defaultlib.xfft_0_r22_bf
Compiling module xil_defaultlib.xfft_0_shift_ram__parameterized1...
Compiling module xil_defaultlib.xfft_0_shift_ram__parameterized1...
Compiling module xil_defaultlib.xfft_0_cmpy_v6_0_14_delay_line__...
Compiling module unisims_ver.DSP48E1(ACASCREG=2,ALUMODEREG=0,...
Compiling module xil_defaultlib.xfft_0_mult_gen_v12_0_13_delay_l...
Compiling module xil_defaultlib.xfft_0_mult_gen_v12_0_13_delay_l...
Compiling module xil_defaultlib.xfft_0_dsp_337
Compiling module xil_defaultlib.xfft_0_cmpy_3_dsp48_mult_330
Compiling module unisims_ver.DSP48E1(ALUMODEREG=0,BCASCREG=2,...
Compiling module xil_defaultlib.xfft_0_dsp__parameterized0_336
Compiling module xil_defaultlib.xfft_0_cmpy_3_dsp48_mult__parame...
Compiling module xil_defaultlib.xfft_0_mult_gen_v12_0_13_delay_l...
Compiling module xil_defaultlib.xfft_0_dsp__parameterized1_334
Compiling module xil_defaultlib.xfft_0_cmpy_3_dsp48_mult__parame...
Compiling module xil_defaultlib.xfft_0_input_negation_333
Compiling module xil_defaultlib.xfft_0_cmpy_3_dsp48_328
Compiling module xil_defaultlib.xfft_0_cmpy_v6_0_14_synth_327
Compiling module xil_defaultlib.xfft_0_cmpy_260
Compiling module xil_defaultlib.xfft_0_c_reg_fd_v12_0_4_viv__par...
Compiling module xil_defaultlib.xfft_0_c_addsub_v12_0_11_lut6_le...
Compiling module xil_defaultlib.xfft_0_c_addsub_v12_0_11_fabric_...
Compiling module xil_defaultlib.xfft_0_c_addsub_v12_0_11_legacy_...
Compiling module xil_defaultlib.xfft_0_c_addsub_v12_0_11_viv__pa...
Compiling module xil_defaultlib.xfft_0_adder
Compiling module xil_defaultlib.xfft_0_mux_bus4
Compiling module xil_defaultlib.xfft_0_c_shift_ram_v12_0_11_lega...
Compiling module xil_defaultlib.xfft_0_c_shift_ram_v12_0_11_viv_...
Compiling module xil_defaultlib.xfft_0_shift_ram__parameterized1...
Compiling module unisims_ver.RB18_INTERNAL_VLOG(DOA_REG=1,DOB...
Compiling module unisims_ver.RAMB18E1(DOA_REG=1,DOB_REG=1,INI...
Compiling module xil_defaultlib.xfft_0_twgen_half_sincos
Compiling module xil_defaultlib.xfft_0_twiddle_gen
Compiling module xil_defaultlib.xfft_0_r22_tw_gen
Compiling module xil_defaultlib.xfft_0_c_shift_ram_v12_0_11_lega...
Compiling module xil_defaultlib.xfft_0_c_shift_ram_v12_0_11_viv_...
Compiling module xil_defaultlib.xfft_0_shift_ram_261
Compiling module xil_defaultlib.xfft_0_shift_ram__parameterized1...
Compiling module xil_defaultlib.xfft_0_c_reg_fd_v12_0_4_viv_325
Compiling module xil_defaultlib.xfft_0_c_addsub_v12_0_11_lut6_le...
Compiling module xil_defaultlib.xfft_0_c_addsub_v12_0_11_fabric_...
Compiling module xil_defaultlib.xfft_0_c_addsub_v12_0_11_legacy_...
Compiling module xil_defaultlib.xfft_0_c_addsub_v12_0_11_viv__pa...
Compiling module xil_defaultlib.xfft_0_equ_rtl_321
Compiling module xil_defaultlib.xfft_0_cnt_tc_rtl_a__parameteriz...
Compiling module xil_defaultlib.xfft_0_equ_rtl__parameterized1_3...
Compiling module xil_defaultlib.xfft_0_r22_cnt_ctrl__parameteriz...
Compiling module xil_defaultlib.xfft_0_shift_ram__parameterized4
Compiling module xil_defaultlib.xfft_0_c_shift_ram_v12_0_11_lega...
Compiling module xil_defaultlib.xfft_0_c_shift_ram_v12_0_11_viv_...
Compiling module xil_defaultlib.xfft_0_shift_ram__parameterized5...
Compiling module xil_defaultlib.xfft_0_c_reg_fd_v12_0_4_viv_318
Compiling module xil_defaultlib.xfft_0_c_addsub_v12_0_11_lut6_le...
Compiling module xil_defaultlib.xfft_0_c_addsub_v12_0_11_fabric_...
Compiling module xil_defaultlib.xfft_0_c_addsub_v12_0_11_legacy_...
Compiling module xil_defaultlib.xfft_0_c_addsub_v12_0_11_viv__pa...
Compiling module xil_defaultlib.xfft_0_equ_rtl_314
Compiling module xil_defaultlib.xfft_0_cnt_tc_rtl_a__parameteriz...
Compiling module xil_defaultlib.xfft_0_equ_rtl__parameterized1_3...
Compiling module xil_defaultlib.xfft_0_r22_cnt_ctrl__parameteriz...
Compiling module xil_defaultlib.xfft_0_c_shift_ram_v12_0_11_lega...
Compiling module xil_defaultlib.xfft_0_c_shift_ram_v12_0_11_viv_...
Compiling module xil_defaultlib.xfft_0_shift_ram__parameterized0...
Compiling module xil_defaultlib.xfft_0_c_shift_ram_v12_0_11_lega...
Compiling module xil_defaultlib.xfft_0_c_shift_ram_v12_0_11_viv_...
Compiling module xil_defaultlib.xfft_0_shift_ram__parameterized1...
Compiling module xil_defaultlib.xfft_0_c_shift_ram_v12_0_11_lega...
Compiling module xil_defaultlib.xfft_0_c_shift_ram_v12_0_11_viv_...
Compiling module xil_defaultlib.xfft_0_shift_ram__parameterized5...
Compiling module xil_defaultlib.xfft_0_shift_ram__parameterized9...
Compiling module xil_defaultlib.xfft_0_shift_ram__parameterized7...
Compiling module xil_defaultlib.xfft_0_c_shift_ram_v12_0_11_lega...
Compiling module xil_defaultlib.xfft_0_c_shift_ram_v12_0_11_viv_...
Compiling module xil_defaultlib.xfft_0_shift_ram__parameterized6...
Compiling module xil_defaultlib.xfft_0_c_reg_fd_v12_0_4_viv__par...
Compiling module xil_defaultlib.xfft_0_c_addsub_v12_0_11_lut6_le...
Compiling module xil_defaultlib.xfft_0_c_addsub_v12_0_11_fabric_...
Compiling module xil_defaultlib.xfft_0_c_addsub_v12_0_11_legacy_...
Compiling module xil_defaultlib.xfft_0_c_addsub_v12_0_11_viv__pa...
Compiling module xil_defaultlib.xfft_0_adder_bypass__parameteriz...
Compiling module xil_defaultlib.xfft_0_c_reg_fd_v12_0_4_viv__par...
Compiling module xil_defaultlib.xfft_0_c_addsub_v12_0_11_lut6_le...
Compiling module xil_defaultlib.xfft_0_c_addsub_v12_0_11_fabric_...
Compiling module xil_defaultlib.xfft_0_c_addsub_v12_0_11_legacy_...
Compiling module xil_defaultlib.xfft_0_c_addsub_v12_0_11_viv__pa...
Compiling module xil_defaultlib.xfft_0_adder_bypass__parameteriz...
Compiling module xil_defaultlib.xfft_0_c_reg_fd_v12_0_4_viv__par...
Compiling module xil_defaultlib.xfft_0_c_addsub_v12_0_11_lut6_le...
Compiling module xil_defaultlib.xfft_0_c_addsub_v12_0_11_fabric_...
Compiling module xil_defaultlib.xfft_0_c_addsub_v12_0_11_legacy_...
Compiling module xil_defaultlib.xfft_0_c_addsub_v12_0_11_viv__pa...
Compiling module xil_defaultlib.xfft_0_sub_byp__parameterized0_2...
Compiling module xil_defaultlib.xfft_0_c_reg_fd_v12_0_4_viv__par...
Compiling module xil_defaultlib.xfft_0_c_addsub_v12_0_11_lut6_le...
Compiling module xil_defaultlib.xfft_0_c_addsub_v12_0_11_fabric_...
Compiling module xil_defaultlib.xfft_0_c_addsub_v12_0_11_legacy_...
Compiling module xil_defaultlib.xfft_0_c_addsub_v12_0_11_viv__pa...
Compiling module xil_defaultlib.xfft_0_sub_byp__parameterized0_2...
Compiling module xil_defaultlib.xfft_0_r22_bfly_byp__parameteriz...
Compiling module xil_defaultlib.xfft_0_dpm__parameterized0
Compiling module xil_defaultlib.xfft_0_r22_memory__parameterized...
Compiling module xil_defaultlib.xfft_0_shift_ram__parameterized1...
Compiling module xil_defaultlib.xfft_0_xfft_v9_0_14_mux_bus2__pa...
Compiling module xil_defaultlib.xfft_0_r22_delay_mux__parameteri...
Compiling module xil_defaultlib.xfft_0_shift_ram__parameterized1...
Compiling module xil_defaultlib.xfft_0_xfft_v9_0_14_mux_bus2__pa...
Compiling module xil_defaultlib.xfft_0_r22_delay_mux__parameteri...
Compiling module xil_defaultlib.xfft_0_shift_ram__parameterized1...
Compiling module xil_defaultlib.xfft_0_c_shift_ram_v12_0_11_lega...
Compiling module xil_defaultlib.xfft_0_c_shift_ram_v12_0_11_viv_...
Compiling module xil_defaultlib.xfft_0_shift_ram__parameterized1...
Compiling module xil_defaultlib.xfft_0_shift_ram__parameterized2...
Compiling module xil_defaultlib.xfft_0_shift_ram__parameterized2...
Compiling module xil_defaultlib.xfft_0_shift_ram__parameterized2...
Compiling module xil_defaultlib.xfft_0_r22_twos_comp_mux__parame...
Compiling module xil_defaultlib.xfft_0_r22_twos_comp_mux_287
Compiling module xil_defaultlib.xfft_0_shift_ram__parameterized1...
Compiling module xil_defaultlib.xfft_0_r22_bf__parameterized0
Compiling module xil_defaultlib.xfft_0_c_addsub_v12_0_11_lut6_le...
Compiling module xil_defaultlib.xfft_0_c_addsub_v12_0_11_fabric_...
Compiling module xil_defaultlib.xfft_0_c_addsub_v12_0_11_legacy_...
Compiling module xil_defaultlib.xfft_0_c_addsub_v12_0_11_viv__pa...
Compiling module xil_defaultlib.xfft_0_equ_rtl__parameterized2_2...
Compiling module xil_defaultlib.xfft_0_cnt_tc_rtl_270
Compiling module xil_defaultlib.xfft_0_shift_ram__parameterized2...
Compiling module xil_defaultlib.xfft_0_mux_bus4__parameterized0_...
Compiling module xil_defaultlib.xfft_0_arith_shift3_272
Compiling module xil_defaultlib.xfft_0_mux_bus4__parameterized0_...
Compiling module xil_defaultlib.xfft_0_arith_shift3_273
Compiling module xil_defaultlib.xfft_0_r22_pe
Compiling module xil_defaultlib.xfft_0_srl_fifo_3
Compiling module xil_defaultlib.xfft_0_c_reg_fd_v12_0_4_viv__par...
Compiling module xil_defaultlib.xfft_0_c_addsub_v12_0_11_lut6_le...
Compiling module xil_defaultlib.xfft_0_c_addsub_v12_0_11_fabric_...
Compiling module xil_defaultlib.xfft_0_c_addsub_v12_0_11_legacy_...
Compiling module xil_defaultlib.xfft_0_c_addsub_v12_0_11_viv__pa...
Compiling module xil_defaultlib.xfft_0_adder_bypass_239
Compiling module xil_defaultlib.xfft_0_c_reg_fd_v12_0_4_viv__par...
Compiling module xil_defaultlib.xfft_0_c_addsub_v12_0_11_lut6_le...
Compiling module xil_defaultlib.xfft_0_c_addsub_v12_0_11_fabric_...
Compiling module xil_defaultlib.xfft_0_c_addsub_v12_0_11_legacy_...
Compiling module xil_defaultlib.xfft_0_c_addsub_v12_0_11_viv__pa...
Compiling module xil_defaultlib.xfft_0_adder_bypass_240
Compiling module xil_defaultlib.xfft_0_c_reg_fd_v12_0_4_viv__par...
Compiling module xil_defaultlib.xfft_0_c_addsub_v12_0_11_lut6_le...
Compiling module xil_defaultlib.xfft_0_c_addsub_v12_0_11_fabric_...
Compiling module xil_defaultlib.xfft_0_c_addsub_v12_0_11_legacy_...
Compiling module xil_defaultlib.xfft_0_c_addsub_v12_0_11_viv__pa...
Compiling module xil_defaultlib.xfft_0_sub_byp_241
Compiling module xil_defaultlib.xfft_0_c_reg_fd_v12_0_4_viv__par...
Compiling module xil_defaultlib.xfft_0_c_addsub_v12_0_11_lut6_le...
Compiling module xil_defaultlib.xfft_0_c_addsub_v12_0_11_fabric_...
Compiling module xil_defaultlib.xfft_0_c_addsub_v12_0_11_legacy_...
Compiling module xil_defaultlib.xfft_0_c_addsub_v12_0_11_viv__pa...
Compiling module xil_defaultlib.xfft_0_sub_byp_242
Compiling module xil_defaultlib.xfft_0_r22_bfly_byp_230
Compiling module xil_defaultlib.xfft_0_dpm__parameterized1
Compiling module xil_defaultlib.xfft_0_r22_memory__parameterized...
Compiling module xil_defaultlib.xfft_0_shift_ram__parameterized1...
Compiling module xil_defaultlib.xfft_0_xfft_v9_0_14_mux_bus2_238
Compiling module xil_defaultlib.xfft_0_r22_delay_mux__parameteri...
Compiling module xil_defaultlib.xfft_0_shift_ram__parameterized1...
Compiling module xil_defaultlib.xfft_0_xfft_v9_0_14_mux_bus2_236
Compiling module xil_defaultlib.xfft_0_r22_delay_mux__parameteri...
Compiling module xil_defaultlib.xfft_0_shift_ram__parameterized1...
Compiling module xil_defaultlib.xfft_0_c_shift_ram_v12_0_11_lega...
Compiling module xil_defaultlib.xfft_0_c_shift_ram_v12_0_11_viv_...
Compiling module xil_defaultlib.xfft_0_shift_ram__parameterized1...
Compiling module xil_defaultlib.xfft_0_shift_ram__parameterized3...
Compiling module xil_defaultlib.xfft_0_shift_ram__parameterized3...
Compiling module xil_defaultlib.xfft_0_shift_ram__parameterized2...
Compiling module xil_defaultlib.xfft_0_r22_bf__parameterized1
Compiling module xil_defaultlib.xfft_0_shift_ram__parameterized2...
Compiling module xil_defaultlib.xfft_0_cmpy_v6_0_14_delay_line__...
Compiling module xil_defaultlib.xfft_0_mult_gen_v12_0_13_delay_l...
Compiling module xil_defaultlib.xfft_0_mult_gen_v12_0_13_delay_l...
Compiling module xil_defaultlib.xfft_0_dsp_227
Compiling module xil_defaultlib.xfft_0_cmpy_3_dsp48_mult_220
Compiling module xil_defaultlib.xfft_0_dsp__parameterized0_226
Compiling module xil_defaultlib.xfft_0_cmpy_3_dsp48_mult__parame...
Compiling module xil_defaultlib.xfft_0_mult_gen_v12_0_13_delay_l...
Compiling module xil_defaultlib.xfft_0_dsp__parameterized1_224
Compiling module xil_defaultlib.xfft_0_cmpy_3_dsp48_mult__parame...
Compiling module xil_defaultlib.xfft_0_input_negation_223
Compiling module xil_defaultlib.xfft_0_cmpy_3_dsp48_218
Compiling module xil_defaultlib.xfft_0_cmpy_v6_0_14_synth_217
Compiling module xil_defaultlib.xfft_0_cmpy_167
Compiling module xil_defaultlib.xfft_0_c_reg_fd_v12_0_4_viv__par...
Compiling module xil_defaultlib.xfft_0_c_addsub_v12_0_11_lut6_le...
Compiling module xil_defaultlib.xfft_0_c_addsub_v12_0_11_fabric_...
Compiling module xil_defaultlib.xfft_0_c_addsub_v12_0_11_legacy_...
Compiling module xil_defaultlib.xfft_0_c_addsub_v12_0_11_viv__pa...
Compiling module xil_defaultlib.xfft_0_adder__parameterized0
Compiling module xil_defaultlib.xfft_0_mux_bus4__parameterized1
Compiling module xil_defaultlib.xfft_0_c_shift_ram_v12_0_11_lega...
Compiling module xil_defaultlib.xfft_0_c_shift_ram_v12_0_11_viv_...
Compiling module xil_defaultlib.xfft_0_shift_ram__parameterized3...
Compiling module unisims_ver.RAM64X1S
Compiling module xil_defaultlib.xfft_0_twgen_distmem
Compiling module xil_defaultlib.xfft_0_twiddle_gen__parameterize...
Compiling module xil_defaultlib.xfft_0_r22_tw_gen__parameterized...
Compiling module xil_defaultlib.xfft_0_c_shift_ram_v12_0_11_lega...
Compiling module xil_defaultlib.xfft_0_c_shift_ram_v12_0_11_viv_...
Compiling module xil_defaultlib.xfft_0_shift_ram__parameterized0...
Compiling module xil_defaultlib.xfft_0_shift_ram__parameterized2...
Compiling module xil_defaultlib.xfft_0_c_reg_fd_v12_0_4_viv_215
Compiling module xil_defaultlib.xfft_0_c_addsub_v12_0_11_lut6_le...
Compiling module xil_defaultlib.xfft_0_c_addsub_v12_0_11_fabric_...
Compiling module xil_defaultlib.xfft_0_c_addsub_v12_0_11_legacy_...
Compiling module xil_defaultlib.xfft_0_c_addsub_v12_0_11_viv__pa...
Compiling module xil_defaultlib.xfft_0_equ_rtl_211
Compiling module xil_defaultlib.xfft_0_cnt_tc_rtl_a__parameteriz...
Compiling module xil_defaultlib.xfft_0_equ_rtl__parameterized1_2...
Compiling module xil_defaultlib.xfft_0_r22_cnt_ctrl__parameteriz...
Compiling module xil_defaultlib.xfft_0_shift_ram__parameterized9
Compiling module xil_defaultlib.xfft_0_c_shift_ram_v12_0_11_lega...
Compiling module xil_defaultlib.xfft_0_c_shift_ram_v12_0_11_viv_...
Compiling module xil_defaultlib.xfft_0_shift_ram__parameterized5
Compiling module xil_defaultlib.xfft_0_c_reg_fd_v12_0_4_viv_208
Compiling module xil_defaultlib.xfft_0_c_addsub_v12_0_11_lut6_le...
Compiling module xil_defaultlib.xfft_0_c_addsub_v12_0_11_fabric_...
Compiling module xil_defaultlib.xfft_0_c_addsub_v12_0_11_legacy_...
Compiling module xil_defaultlib.xfft_0_c_addsub_v12_0_11_viv__pa...
Compiling module xil_defaultlib.xfft_0_equ_rtl_204
Compiling module xil_defaultlib.xfft_0_cnt_tc_rtl_a__parameteriz...
Compiling module xil_defaultlib.xfft_0_equ_rtl__parameterized1_2...
Compiling module xil_defaultlib.xfft_0_r22_cnt_ctrl__parameteriz...
Compiling module xil_defaultlib.xfft_0_c_shift_ram_v12_0_11_lega...
Compiling module xil_defaultlib.xfft_0_c_shift_ram_v12_0_11_viv_...
Compiling module xil_defaultlib.xfft_0_shift_ram__parameterized0...
Compiling module xil_defaultlib.xfft_0_c_shift_ram_v12_0_11_lega...
Compiling module xil_defaultlib.xfft_0_c_shift_ram_v12_0_11_viv_...
Compiling module xil_defaultlib.xfft_0_shift_ram__parameterized1...
Compiling module xil_defaultlib.xfft_0_c_shift_ram_v12_0_11_lega...
Compiling module xil_defaultlib.xfft_0_c_shift_ram_v12_0_11_viv_...
Compiling module xil_defaultlib.xfft_0_shift_ram__parameterized5...
Compiling module xil_defaultlib.xfft_0_shift_ram__parameterized2...
Compiling module xil_defaultlib.xfft_0_shift_ram__parameterized7
Compiling module xil_defaultlib.xfft_0_c_shift_ram_v12_0_11_lega...
Compiling module xil_defaultlib.xfft_0_c_shift_ram_v12_0_11_viv_...
Compiling module xil_defaultlib.xfft_0_shift_ram__parameterized6...
Compiling module xil_defaultlib.xfft_0_c_reg_fd_v12_0_4_viv__par...
Compiling module xil_defaultlib.xfft_0_c_addsub_v12_0_11_lut6_le...
Compiling module xil_defaultlib.xfft_0_c_addsub_v12_0_11_fabric_...
Compiling module xil_defaultlib.xfft_0_c_addsub_v12_0_11_legacy_...
Compiling module xil_defaultlib.xfft_0_c_addsub_v12_0_11_viv__pa...
Compiling module xil_defaultlib.xfft_0_adder_bypass__parameteriz...
Compiling module xil_defaultlib.xfft_0_c_reg_fd_v12_0_4_viv__par...
Compiling module xil_defaultlib.xfft_0_c_addsub_v12_0_11_lut6_le...
Compiling module xil_defaultlib.xfft_0_c_addsub_v12_0_11_fabric_...
Compiling module xil_defaultlib.xfft_0_c_addsub_v12_0_11_legacy_...
Compiling module xil_defaultlib.xfft_0_c_addsub_v12_0_11_viv__pa...
Compiling module xil_defaultlib.xfft_0_adder_bypass__parameteriz...
Compiling module xil_defaultlib.xfft_0_c_reg_fd_v12_0_4_viv__par...
Compiling module xil_defaultlib.xfft_0_c_addsub_v12_0_11_lut6_le...
Compiling module xil_defaultlib.xfft_0_c_addsub_v12_0_11_fabric_...
Compiling module xil_defaultlib.xfft_0_c_addsub_v12_0_11_legacy_...
Compiling module xil_defaultlib.xfft_0_c_addsub_v12_0_11_viv__pa...
Compiling module xil_defaultlib.xfft_0_sub_byp__parameterized0
Compiling module xil_defaultlib.xfft_0_c_reg_fd_v12_0_4_viv__par...
Compiling module xil_defaultlib.xfft_0_c_addsub_v12_0_11_lut6_le...
Compiling module xil_defaultlib.xfft_0_c_addsub_v12_0_11_fabric_...
Compiling module xil_defaultlib.xfft_0_c_addsub_v12_0_11_legacy_...
Compiling module xil_defaultlib.xfft_0_c_addsub_v12_0_11_viv__pa...
Compiling module xil_defaultlib.xfft_0_sub_byp__parameterized0_1...
Compiling module xil_defaultlib.xfft_0_r22_bfly_byp__parameteriz...
Compiling module unisims_ver.SRLC32E_default
Compiling module xil_defaultlib.xfft_0_c_shift_ram_v12_0_11_lega...
Compiling module xil_defaultlib.xfft_0_c_shift_ram_v12_0_11_viv_...
Compiling module xil_defaultlib.xfft_0_r22_srl_memory
Compiling module xil_defaultlib.xfft_0_r22_memory__parameterized...
Compiling module xil_defaultlib.xfft_0_shift_ram__parameterized1...
Compiling module xil_defaultlib.xfft_0_xfft_v9_0_14_mux_bus2__pa...
Compiling module xil_defaultlib.xfft_0_r22_delay_mux__parameteri...
Compiling module xil_defaultlib.xfft_0_shift_ram__parameterized1...
Compiling module xil_defaultlib.xfft_0_xfft_v9_0_14_mux_bus2__pa...
Compiling module xil_defaultlib.xfft_0_r22_delay_mux__parameteri...
Compiling module xil_defaultlib.xfft_0_shift_ram__parameterized1...
Compiling module xil_defaultlib.xfft_0_c_shift_ram_v12_0_11_lega...
Compiling module xil_defaultlib.xfft_0_c_shift_ram_v12_0_11_viv_...
Compiling module xil_defaultlib.xfft_0_shift_ram__parameterized1...
Compiling module xil_defaultlib.xfft_0_shift_ram__parameterized2...
Compiling module xil_defaultlib.xfft_0_shift_ram__parameterized2...
Compiling module xil_defaultlib.xfft_0_shift_ram__parameterized2...
Compiling module xil_defaultlib.xfft_0_r22_twos_comp_mux__parame...
Compiling module xil_defaultlib.xfft_0_r22_twos_comp_mux_188
Compiling module xil_defaultlib.xfft_0_r22_bf__parameterized2
Compiling module xil_defaultlib.xfft_0_c_addsub_v12_0_11_lut6_le...
Compiling module xil_defaultlib.xfft_0_c_addsub_v12_0_11_fabric_...
Compiling module xil_defaultlib.xfft_0_c_addsub_v12_0_11_legacy_...
Compiling module xil_defaultlib.xfft_0_c_addsub_v12_0_11_viv__pa...
Compiling module xil_defaultlib.xfft_0_equ_rtl__parameterized2_1...
Compiling module xil_defaultlib.xfft_0_cnt_tc_rtl_173
Compiling module xil_defaultlib.xfft_0_shift_ram__parameterized2...
Compiling module xil_defaultlib.xfft_0_mux_bus4__parameterized0_...
Compiling module xil_defaultlib.xfft_0_arith_shift3_175
Compiling module xil_defaultlib.xfft_0_mux_bus4__parameterized0_...
Compiling module xil_defaultlib.xfft_0_arith_shift3_176
Compiling module xil_defaultlib.xfft_0_r22_pe__parameterized0
Compiling module xil_defaultlib.xfft_0_srl_fifo_4
Compiling module xil_defaultlib.xfft_0_c_reg_fd_v12_0_4_viv__par...
Compiling module xil_defaultlib.xfft_0_c_addsub_v12_0_11_lut6_le...
Compiling module xil_defaultlib.xfft_0_c_addsub_v12_0_11_fabric_...
Compiling module xil_defaultlib.xfft_0_c_addsub_v12_0_11_legacy_...
Compiling module xil_defaultlib.xfft_0_c_addsub_v12_0_11_viv__pa...
Compiling module xil_defaultlib.xfft_0_adder_bypass
Compiling module xil_defaultlib.xfft_0_c_reg_fd_v12_0_4_viv__par...
Compiling module xil_defaultlib.xfft_0_c_addsub_v12_0_11_lut6_le...
Compiling module xil_defaultlib.xfft_0_c_addsub_v12_0_11_fabric_...
Compiling module xil_defaultlib.xfft_0_c_addsub_v12_0_11_legacy_...
Compiling module xil_defaultlib.xfft_0_c_addsub_v12_0_11_viv__pa...
Compiling module xil_defaultlib.xfft_0_adder_bypass_156
Compiling module xil_defaultlib.xfft_0_c_reg_fd_v12_0_4_viv__par...
Compiling module xil_defaultlib.xfft_0_c_addsub_v12_0_11_lut6_le...
Compiling module xil_defaultlib.xfft_0_c_addsub_v12_0_11_fabric_...
Compiling module xil_defaultlib.xfft_0_c_addsub_v12_0_11_legacy_...
Compiling module xil_defaultlib.xfft_0_c_addsub_v12_0_11_viv__pa...
Compiling module xil_defaultlib.xfft_0_sub_byp
Compiling module xil_defaultlib.xfft_0_c_reg_fd_v12_0_4_viv__par...
Compiling module xil_defaultlib.xfft_0_c_addsub_v12_0_11_lut6_le...
Compiling module xil_defaultlib.xfft_0_c_addsub_v12_0_11_fabric_...
Compiling module xil_defaultlib.xfft_0_c_addsub_v12_0_11_legacy_...
Compiling module xil_defaultlib.xfft_0_c_addsub_v12_0_11_viv__pa...
Compiling module xil_defaultlib.xfft_0_sub_byp_157
Compiling module xil_defaultlib.xfft_0_r22_bfly_byp
Compiling module xil_defaultlib.xfft_0_c_shift_ram_v12_0_11_lega...
Compiling module xil_defaultlib.xfft_0_c_shift_ram_v12_0_11_viv_...
Compiling module xil_defaultlib.xfft_0_r22_srl_memory__parameter...
Compiling module xil_defaultlib.xfft_0_r22_memory__parameterized...
Compiling module xil_defaultlib.xfft_0_shift_ram__parameterized1...
Compiling module xil_defaultlib.xfft_0_xfft_v9_0_14_mux_bus2_155
Compiling module xil_defaultlib.xfft_0_r22_delay_mux__parameteri...
Compiling module xil_defaultlib.xfft_0_shift_ram__parameterized1...
Compiling module xil_defaultlib.xfft_0_xfft_v9_0_14_mux_bus2_153
Compiling module xil_defaultlib.xfft_0_r22_delay_mux__parameteri...
Compiling module xil_defaultlib.xfft_0_shift_ram__parameterized1...
Compiling module xil_defaultlib.xfft_0_c_shift_ram_v12_0_11_lega...
Compiling module xil_defaultlib.xfft_0_c_shift_ram_v12_0_11_viv
Compiling module xil_defaultlib.xfft_0_shift_ram__parameterized1...
Compiling module xil_defaultlib.xfft_0_shift_ram__parameterized3...
Compiling module xil_defaultlib.xfft_0_shift_ram__parameterized3...
Compiling module xil_defaultlib.xfft_0_r22_bf__parameterized3
Compiling module xil_defaultlib.xfft_0_shift_ram__parameterized4...
Compiling module xil_defaultlib.xfft_0_cmpy_v6_0_14_delay_line__...
Compiling module xil_defaultlib.xfft_0_mult_gen_v12_0_13_delay_l...
Compiling module xil_defaultlib.xfft_0_mult_gen_v12_0_13_delay_l...
Compiling module xil_defaultlib.xfft_0_dsp_148
Compiling module xil_defaultlib.xfft_0_cmpy_3_dsp48_mult_141
Compiling module xil_defaultlib.xfft_0_dsp__parameterized0_147
Compiling module xil_defaultlib.xfft_0_cmpy_3_dsp48_mult__parame...
Compiling module xil_defaultlib.xfft_0_mult_gen_v12_0_13_delay_l...
Compiling module xil_defaultlib.xfft_0_dsp__parameterized1_145
Compiling module xil_defaultlib.xfft_0_cmpy_3_dsp48_mult__parame...
Compiling module xil_defaultlib.xfft_0_input_negation_144
Compiling module xil_defaultlib.xfft_0_cmpy_3_dsp48_139
Compiling module xil_defaultlib.xfft_0_cmpy_v6_0_14_synth_138
Compiling module xil_defaultlib.xfft_0_cmpy_88
Compiling module xil_defaultlib.xfft_0_c_reg_fd_v12_0_4_viv__par...
Compiling module xil_defaultlib.xfft_0_c_addsub_v12_0_11_lut6_le...
Compiling module xil_defaultlib.xfft_0_c_addsub_v12_0_11_fabric_...
Compiling module xil_defaultlib.xfft_0_c_addsub_v12_0_11_legacy_...
Compiling module xil_defaultlib.xfft_0_c_addsub_v12_0_11_viv__pa...
Compiling module xil_defaultlib.xfft_0_adder__parameterized2
Compiling module xil_defaultlib.xfft_0_mux_bus4__parameterized2
Compiling module xil_defaultlib.xfft_0_c_shift_ram_v12_0_11_lega...
Compiling module xil_defaultlib.xfft_0_c_shift_ram_v12_0_11_viv_...
Compiling module xil_defaultlib.xfft_0_shift_ram__parameterized3...
Compiling module xil_defaultlib.xfft_0_twgen_distmem__parameteri...
Compiling module xil_defaultlib.xfft_0_twiddle_gen__parameterize...
Compiling module xil_defaultlib.xfft_0_r22_tw_gen__parameterized...
Compiling module xil_defaultlib.xfft_0_c_shift_ram_v12_0_11_lega...
Compiling module xil_defaultlib.xfft_0_c_shift_ram_v12_0_11_viv_...
Compiling module xil_defaultlib.xfft_0_shift_ram__parameterized4...
Compiling module xil_defaultlib.xfft_0_c_shift_ram_v12_0_11_lega...
Compiling module xil_defaultlib.xfft_0_c_shift_ram_v12_0_11_viv_...
Compiling module xil_defaultlib.xfft_0_shift_ram__parameterized4...
Compiling module xil_defaultlib.xfft_0_c_reg_fd_v12_0_4_viv_136
Compiling module xil_defaultlib.xfft_0_c_addsub_v12_0_11_lut6_le...
Compiling module xil_defaultlib.xfft_0_c_addsub_v12_0_11_fabric_...
Compiling module xil_defaultlib.xfft_0_c_addsub_v12_0_11_legacy_...
Compiling module xil_defaultlib.xfft_0_c_addsub_v12_0_11_viv__pa...
Compiling module xil_defaultlib.xfft_0_equ_rtl_132
Compiling module xil_defaultlib.xfft_0_cnt_tc_rtl_a__parameteriz...
Compiling module xil_defaultlib.xfft_0_equ_rtl__parameterized1_1...
Compiling module xil_defaultlib.xfft_0_r22_cnt_ctrl__parameteriz...
Compiling module xil_defaultlib.xfft_0_c_shift_ram_v12_0_11_lega...
Compiling module xil_defaultlib.xfft_0_c_shift_ram_v12_0_11_viv_...
Compiling module xil_defaultlib.xfft_0_shift_ram__parameterized3...
Compiling module xil_defaultlib.xfft_0_c_shift_ram_v12_0_11_lega...
Compiling module xil_defaultlib.xfft_0_c_shift_ram_v12_0_11_viv_...
Compiling module xil_defaultlib.xfft_0_shift_ram__parameterized3...
Compiling module xil_defaultlib.xfft_0_c_reg_fd_v12_0_4_viv_129
Compiling module xil_defaultlib.xfft_0_c_addsub_v12_0_11_lut6_le...
Compiling module xil_defaultlib.xfft_0_c_addsub_v12_0_11_fabric_...
Compiling module xil_defaultlib.xfft_0_c_addsub_v12_0_11_legacy_...
Compiling module xil_defaultlib.xfft_0_c_addsub_v12_0_11_viv__pa...
Compiling module xil_defaultlib.xfft_0_equ_rtl_125
Compiling module xil_defaultlib.xfft_0_cnt_tc_rtl_a__parameteriz...
Compiling module xil_defaultlib.xfft_0_equ_rtl__parameterized1_1...
Compiling module xil_defaultlib.xfft_0_r22_cnt_ctrl__parameteriz...
Compiling module xil_defaultlib.xfft_0_c_shift_ram_v12_0_11_lega...
Compiling module xil_defaultlib.xfft_0_c_shift_ram_v12_0_11_viv_...
Compiling module xil_defaultlib.xfft_0_shift_ram__parameterized0...
Compiling module xil_defaultlib.xfft_0_c_shift_ram_v12_0_11_lega...
Compiling module xil_defaultlib.xfft_0_c_shift_ram_v12_0_11_viv_...
Compiling module xil_defaultlib.xfft_0_shift_ram__parameterized4...
Compiling module xil_defaultlib.xfft_0_c_shift_ram_v12_0_11_lega...
Compiling module xil_defaultlib.xfft_0_c_shift_ram_v12_0_11_viv_...
Compiling module xil_defaultlib.xfft_0_shift_ram__parameterized3...
Compiling module xil_defaultlib.xfft_0_c_shift_ram_v12_0_11_lega...
Compiling module xil_defaultlib.xfft_0_c_shift_ram_v12_0_11_viv_...
Compiling module xil_defaultlib.xfft_0_shift_ram__parameterized3...
Compiling module xil_defaultlib.xfft_0_c_shift_ram_v12_0_11_lega...
Compiling module xil_defaultlib.xfft_0_c_shift_ram_v12_0_11_viv_...
Compiling module xil_defaultlib.xfft_0_shift_ram__parameterized3...
Compiling module xil_defaultlib.xfft_0_c_shift_ram_v12_0_11_lega...
Compiling module xil_defaultlib.xfft_0_c_shift_ram_v12_0_11_viv_...
Compiling module xil_defaultlib.xfft_0_shift_ram__parameterized3...
Compiling module xil_defaultlib.xfft_0_c_reg_fd_v12_0_4_viv__par...
Compiling module xil_defaultlib.xfft_0_c_addsub_v12_0_11_lut6_le...
Compiling module xil_defaultlib.xfft_0_c_addsub_v12_0_11_fabric_...
Compiling module xil_defaultlib.xfft_0_c_addsub_v12_0_11_legacy_...
Compiling module xil_defaultlib.xfft_0_c_addsub_v12_0_11_viv__pa...
Compiling module xil_defaultlib.xfft_0_adder__parameterized1_101
Compiling module xil_defaultlib.xfft_0_c_reg_fd_v12_0_4_viv__par...
Compiling module xil_defaultlib.xfft_0_c_addsub_v12_0_11_lut6_le...
Compiling module xil_defaultlib.xfft_0_c_addsub_v12_0_11_fabric_...
Compiling module xil_defaultlib.xfft_0_c_addsub_v12_0_11_legacy_...
Compiling module xil_defaultlib.xfft_0_c_addsub_v12_0_11_viv__pa...
Compiling module xil_defaultlib.xfft_0_adder__parameterized1_102
Compiling module xil_defaultlib.xfft_0_c_shift_ram_v12_0_11_lega...
Compiling module xil_defaultlib.xfft_0_c_shift_ram_v12_0_11_viv_...
Compiling module xil_defaultlib.xfft_0_shift_ram__parameterized4...
Compiling module xil_defaultlib.xfft_0_shift_ram__parameterized4...
Compiling module xil_defaultlib.xfft_0_shift_ram__parameterized4...
Compiling module xil_defaultlib.xfft_0_r22_twos_comp_mux__parame...
Compiling module xil_defaultlib.xfft_0_r22_twos_comp_mux_106
Compiling module xil_defaultlib.xfft_0_xfft_v9_0_14_mux_bus2__pa...
Compiling module xil_defaultlib.xfft_0_xfft_v9_0_14_mux_bus2__pa...
Compiling module xil_defaultlib.xfft_0_xfft_v9_0_14_mux_bus2__pa...
Compiling module xil_defaultlib.xfft_0_xfft_v9_0_14_mux_bus2__pa...
Compiling module xil_defaultlib.xfft_0_c_shift_ram_v12_0_11_lega...
Compiling module xil_defaultlib.xfft_0_c_shift_ram_v12_0_11_viv_...
Compiling module xil_defaultlib.xfft_0_shift_ram__parameterized4...
Compiling module xil_defaultlib.xfft_0_c_shift_ram_v12_0_11_lega...
Compiling module xil_defaultlib.xfft_0_c_shift_ram_v12_0_11_viv_...
Compiling module xil_defaultlib.xfft_0_shift_ram__parameterized4...
Compiling module xil_defaultlib.xfft_0_shift_ram__parameterized4...
Compiling module xil_defaultlib.xfft_0_shift_ram__parameterized4...
Compiling module xil_defaultlib.xfft_0_shift_ram__parameterized2...
Compiling module xil_defaultlib.xfft_0_r22_bf_sp
Compiling module xil_defaultlib.xfft_0_c_addsub_v12_0_11_lut6_le...
Compiling module xil_defaultlib.xfft_0_c_addsub_v12_0_11_fabric_...
Compiling module xil_defaultlib.xfft_0_c_addsub_v12_0_11_legacy_...
Compiling module xil_defaultlib.xfft_0_c_addsub_v12_0_11_viv__pa...
Compiling module xil_defaultlib.xfft_0_equ_rtl__parameterized2_9...
Compiling module xil_defaultlib.xfft_0_cnt_tc_rtl_91
Compiling module xil_defaultlib.xfft_0_shift_ram__parameterized2...
Compiling module xil_defaultlib.xfft_0_mux_bus4__parameterized0_...
Compiling module xil_defaultlib.xfft_0_arith_shift3_93
Compiling module xil_defaultlib.xfft_0_mux_bus4__parameterized0_...
Compiling module xil_defaultlib.xfft_0_arith_shift3_94
Compiling module xil_defaultlib.xfft_0_r22_pe__parameterized1
Compiling module xil_defaultlib.xfft_0_srl_fifo_5
Compiling module xil_defaultlib.xfft_0_c_reg_fd_v12_0_4_viv__par...
Compiling module xil_defaultlib.xfft_0_c_addsub_v12_0_11_lut6_le...
Compiling module xil_defaultlib.xfft_0_c_addsub_v12_0_11_fabric_...
Compiling module xil_defaultlib.xfft_0_c_addsub_v12_0_11_legacy_...
Compiling module xil_defaultlib.xfft_0_c_addsub_v12_0_11_viv__pa...
Compiling module xil_defaultlib.xfft_0_adder__parameterized3_71
Compiling module xil_defaultlib.xfft_0_c_reg_fd_v12_0_4_viv__par...
Compiling module xil_defaultlib.xfft_0_c_addsub_v12_0_11_lut6_le...
Compiling module xil_defaultlib.xfft_0_c_addsub_v12_0_11_fabric_...
Compiling module xil_defaultlib.xfft_0_c_addsub_v12_0_11_legacy_...
Compiling module xil_defaultlib.xfft_0_c_addsub_v12_0_11_viv__pa...
Compiling module xil_defaultlib.xfft_0_adder__parameterized3_72
Compiling module xil_defaultlib.xfft_0_shift_ram__parameterized6...
Compiling module xil_defaultlib.xfft_0_shift_ram__parameterized6...
Compiling module xil_defaultlib.xfft_0_xfft_v9_0_14_mux_bus2__pa...
Compiling module xil_defaultlib.xfft_0_xfft_v9_0_14_mux_bus2__pa...
Compiling module xil_defaultlib.xfft_0_xfft_v9_0_14_mux_bus2_76
Compiling module xil_defaultlib.xfft_0_xfft_v9_0_14_mux_bus2_77
Compiling module xil_defaultlib.xfft_0_shift_ram__parameterized2...
Compiling module xil_defaultlib.xfft_0_c_shift_ram_v12_0_11_lega...
Compiling module xil_defaultlib.xfft_0_c_shift_ram_v12_0_11_viv_...
Compiling module xil_defaultlib.xfft_0_shift_ram__parameterized6...
Compiling module xil_defaultlib.xfft_0_shift_ram__parameterized6...
Compiling module xil_defaultlib.xfft_0_shift_ram__parameterized6...
Compiling module xil_defaultlib.xfft_0_r22_bf_sp__parameterized0
Compiling module xil_defaultlib.xfft_0_shift_ram__parameterized5...
Compiling module xil_defaultlib.xfft_0_cmpy_v6_0_14_delay_line__...
Compiling module xil_defaultlib.xfft_0_mult_gen_v12_0_13_delay_l...
Compiling module xil_defaultlib.xfft_0_mult_gen_v12_0_13_delay_l...
Compiling module xil_defaultlib.xfft_0_dsp
Compiling module xil_defaultlib.xfft_0_cmpy_3_dsp48_mult
Compiling module xil_defaultlib.xfft_0_dsp__parameterized0
Compiling module xil_defaultlib.xfft_0_cmpy_3_dsp48_mult__parame...
Compiling module xil_defaultlib.xfft_0_mult_gen_v12_0_13_delay_l...
Compiling module xil_defaultlib.xfft_0_dsp__parameterized1
Compiling module xil_defaultlib.xfft_0_cmpy_3_dsp48_mult__parame...
Compiling module xil_defaultlib.xfft_0_input_negation
Compiling module xil_defaultlib.xfft_0_cmpy_3_dsp48
Compiling module xil_defaultlib.xfft_0_cmpy_v6_0_14_synth
Compiling module xil_defaultlib.xfft_0_cmpy
Compiling module xil_defaultlib.xfft_0_c_reg_fd_v12_0_4_viv__par...
Compiling module xil_defaultlib.xfft_0_c_addsub_v12_0_11_lut6_le...
Compiling module xil_defaultlib.xfft_0_c_addsub_v12_0_11_fabric_...
Compiling module xil_defaultlib.xfft_0_c_addsub_v12_0_11_legacy_...
Compiling module xil_defaultlib.xfft_0_c_addsub_v12_0_11_viv__pa...
Compiling module xil_defaultlib.xfft_0_adder__parameterized4
Compiling module xil_defaultlib.xfft_0_mux_bus4__parameterized3
Compiling module xil_defaultlib.xfft_0_c_shift_ram_v12_0_11_lega...
Compiling module xil_defaultlib.xfft_0_c_shift_ram_v12_0_11_viv_...
Compiling module xil_defaultlib.xfft_0_shift_ram__parameterized3...
Compiling module xil_defaultlib.xfft_0_twgen_distmem__parameteri...
Compiling module xil_defaultlib.xfft_0_twiddle_gen__parameterize...
Compiling module xil_defaultlib.xfft_0_r22_tw_gen__parameterized...
Compiling module xil_defaultlib.xfft_0_c_shift_ram_v12_0_11_lega...
Compiling module xil_defaultlib.xfft_0_c_shift_ram_v12_0_11_viv_...
Compiling module xil_defaultlib.xfft_0_shift_ram__parameterized6
Compiling module xil_defaultlib.xfft_0_shift_ram__parameterized6...
Compiling module xil_defaultlib.xfft_0_c_reg_fd_v12_0_4_viv_69
Compiling module xil_defaultlib.xfft_0_c_addsub_v12_0_11_lut6_le...
Compiling module xil_defaultlib.xfft_0_c_addsub_v12_0_11_fabric_...
Compiling module xil_defaultlib.xfft_0_c_addsub_v12_0_11_legacy_...
Compiling module xil_defaultlib.xfft_0_c_addsub_v12_0_11_viv__pa...
Compiling module xil_defaultlib.xfft_0_equ_rtl_65
Compiling module xil_defaultlib.xfft_0_cnt_tc_rtl_a__parameteriz...
Compiling module xil_defaultlib.xfft_0_equ_rtl__parameterized1_6...
Compiling module xil_defaultlib.xfft_0_r22_cnt_ctrl__parameteriz...
Compiling module xil_defaultlib.xfft_0_c_shift_ram_v12_0_11_lega...
Compiling module xil_defaultlib.xfft_0_c_shift_ram_v12_0_11_viv_...
Compiling module xil_defaultlib.xfft_0_shift_ram__parameterized5...
Compiling module xil_defaultlib.xfft_0_c_shift_ram_v12_0_11_lega...
Compiling module xil_defaultlib.xfft_0_c_shift_ram_v12_0_11_viv_...
Compiling module xil_defaultlib.xfft_0_shift_ram__parameterized5...
Compiling module xil_defaultlib.xfft_0_c_reg_fd_v12_0_4_viv
Compiling module xil_defaultlib.xfft_0_c_addsub_v12_0_11_lut6_le...
Compiling module xil_defaultlib.xfft_0_c_addsub_v12_0_11_fabric_...
Compiling module xil_defaultlib.xfft_0_c_addsub_v12_0_11_legacy_...
Compiling module xil_defaultlib.xfft_0_c_addsub_v12_0_11_viv__pa...
Compiling module xil_defaultlib.xfft_0_equ_rtl
Compiling module xil_defaultlib.xfft_0_cnt_tc_rtl_a__parameteriz...
Compiling module xil_defaultlib.xfft_0_equ_rtl__parameterized1
Compiling module xil_defaultlib.xfft_0_r22_cnt_ctrl__parameteriz...
Compiling module xil_defaultlib.xfft_0_c_shift_ram_v12_0_11_lega...
Compiling module xil_defaultlib.xfft_0_c_shift_ram_v12_0_11_viv_...
Compiling module xil_defaultlib.xfft_0_shift_ram__parameterized5...
Compiling module xil_defaultlib.xfft_0_c_shift_ram_v12_0_11_lega...
Compiling module xil_defaultlib.xfft_0_c_shift_ram_v12_0_11_viv_...
Compiling module xil_defaultlib.xfft_0_shift_ram__parameterized5...
Compiling module xil_defaultlib.xfft_0_c_shift_ram_v12_0_11_lega...
Compiling module xil_defaultlib.xfft_0_c_shift_ram_v12_0_11_viv_...
Compiling module xil_defaultlib.xfft_0_shift_ram__parameterized5...
Compiling module xil_defaultlib.xfft_0_c_shift_ram_v12_0_11_lega...
Compiling module xil_defaultlib.xfft_0_c_shift_ram_v12_0_11_viv_...
Compiling module xil_defaultlib.xfft_0_shift_ram__parameterized5...
Compiling module xil_defaultlib.xfft_0_c_shift_ram_v12_0_11_lega...
Compiling module xil_defaultlib.xfft_0_c_shift_ram_v12_0_11_viv_...
Compiling module xil_defaultlib.xfft_0_shift_ram__parameterized5...
Compiling module xil_defaultlib.xfft_0_c_shift_ram_v12_0_11_lega...
Compiling module xil_defaultlib.xfft_0_c_shift_ram_v12_0_11_viv_...
Compiling module xil_defaultlib.xfft_0_shift_ram__parameterized5...
Compiling module xil_defaultlib.xfft_0_c_reg_fd_v12_0_4_viv__par...
Compiling module xil_defaultlib.xfft_0_c_addsub_v12_0_11_lut6_le...
Compiling module xil_defaultlib.xfft_0_c_addsub_v12_0_11_fabric_...
Compiling module xil_defaultlib.xfft_0_c_addsub_v12_0_11_legacy_...
Compiling module xil_defaultlib.xfft_0_c_addsub_v12_0_11_viv__pa...
Compiling module xil_defaultlib.xfft_0_adder__parameterized1_41
Compiling module xil_defaultlib.xfft_0_c_reg_fd_v12_0_4_viv__par...
Compiling module xil_defaultlib.xfft_0_c_addsub_v12_0_11_lut6_le...
Compiling module xil_defaultlib.xfft_0_c_addsub_v12_0_11_fabric_...
Compiling module xil_defaultlib.xfft_0_c_addsub_v12_0_11_legacy_...
Compiling module xil_defaultlib.xfft_0_c_addsub_v12_0_11_viv__pa...
Compiling module xil_defaultlib.xfft_0_adder__parameterized1_42
Compiling module xil_defaultlib.xfft_0_c_shift_ram_v12_0_11_lega...
Compiling module xil_defaultlib.xfft_0_c_shift_ram_v12_0_11_viv_...
Compiling module xil_defaultlib.xfft_0_shift_ram__parameterized4...
Compiling module xil_defaultlib.xfft_0_shift_ram__parameterized6...
Compiling module xil_defaultlib.xfft_0_shift_ram__parameterized6...
Compiling module xil_defaultlib.xfft_0_r22_twos_comp_mux__parame...
Compiling module xil_defaultlib.xfft_0_r22_twos_comp_mux_46
Compiling module xil_defaultlib.xfft_0_xfft_v9_0_14_mux_bus2__pa...
Compiling module xil_defaultlib.xfft_0_xfft_v9_0_14_mux_bus2__pa...
Compiling module xil_defaultlib.xfft_0_xfft_v9_0_14_mux_bus2__pa...
Compiling module xil_defaultlib.xfft_0_xfft_v9_0_14_mux_bus2__pa...
Compiling module xil_defaultlib.xfft_0_c_shift_ram_v12_0_11_lega...
Compiling module xil_defaultlib.xfft_0_c_shift_ram_v12_0_11_viv_...
Compiling module xil_defaultlib.xfft_0_shift_ram__parameterized4...
Compiling module xil_defaultlib.xfft_0_c_shift_ram_v12_0_11_lega...
Compiling module xil_defaultlib.xfft_0_c_shift_ram_v12_0_11_viv_...
Compiling module xil_defaultlib.xfft_0_shift_ram__parameterized6...
Compiling module xil_defaultlib.xfft_0_shift_ram__parameterized6...
Compiling module xil_defaultlib.xfft_0_shift_ram__parameterized6...
Compiling module xil_defaultlib.xfft_0_shift_ram__parameterized2...
Compiling module xil_defaultlib.xfft_0_r22_bf_sp__parameterized1
Compiling module xil_defaultlib.xfft_0_c_addsub_v12_0_11_lut6_le...
Compiling module xil_defaultlib.xfft_0_c_addsub_v12_0_11_fabric_...
Compiling module xil_defaultlib.xfft_0_c_addsub_v12_0_11_legacy_...
Compiling module xil_defaultlib.xfft_0_c_addsub_v12_0_11_viv__pa...
Compiling module xil_defaultlib.xfft_0_equ_rtl__parameterized2_3...
Compiling module xil_defaultlib.xfft_0_cnt_tc_rtl_34
Compiling module xil_defaultlib.xfft_0_shift_ram__parameterized2...
Compiling module xil_defaultlib.xfft_0_mux_bus4__parameterized0_...
Compiling module xil_defaultlib.xfft_0_arith_shift3
Compiling module xil_defaultlib.xfft_0_mux_bus4__parameterized0
Compiling module xil_defaultlib.xfft_0_arith_shift3_35
Compiling module xil_defaultlib.xfft_0_r22_pe__parameterized2
Compiling module xil_defaultlib.xfft_0_c_reg_fd_v12_0_4_viv__par...
Compiling module xil_defaultlib.xfft_0_c_addsub_v12_0_11_lut6_le...
Compiling module xil_defaultlib.xfft_0_c_addsub_v12_0_11_fabric_...
Compiling module xil_defaultlib.xfft_0_c_addsub_v12_0_11_legacy_...
Compiling module xil_defaultlib.xfft_0_c_addsub_v12_0_11_viv__pa...
Compiling module xil_defaultlib.xfft_0_adder__parameterized3
Compiling module xil_defaultlib.xfft_0_c_reg_fd_v12_0_4_viv__par...
Compiling module xil_defaultlib.xfft_0_c_addsub_v12_0_11_lut6_le...
Compiling module xil_defaultlib.xfft_0_c_addsub_v12_0_11_fabric_...
Compiling module xil_defaultlib.xfft_0_c_addsub_v12_0_11_legacy_...
Compiling module xil_defaultlib.xfft_0_c_addsub_v12_0_11_viv__pa...
Compiling module xil_defaultlib.xfft_0_adder__parameterized3_23
Compiling module xil_defaultlib.xfft_0_shift_ram__parameterized7...
Compiling module xil_defaultlib.xfft_0_shift_ram__parameterized7...
Compiling module xil_defaultlib.xfft_0_xfft_v9_0_14_mux_bus2__pa...
Compiling module xil_defaultlib.xfft_0_xfft_v9_0_14_mux_bus2__pa...
Compiling module xil_defaultlib.xfft_0_xfft_v9_0_14_mux_bus2
Compiling module xil_defaultlib.xfft_0_xfft_v9_0_14_mux_bus2_26
Compiling module xil_defaultlib.xfft_0_shift_ram__parameterized2...
Compiling module xil_defaultlib.xfft_0_c_shift_ram_v12_0_11_lega...
Compiling module xil_defaultlib.xfft_0_c_shift_ram_v12_0_11_viv_...
Compiling module xil_defaultlib.xfft_0_shift_ram__parameterized7...
Compiling module xil_defaultlib.xfft_0_shift_ram__parameterized7...
Compiling module xil_defaultlib.xfft_0_shift_ram__parameterized7...
Compiling module xil_defaultlib.xfft_0_r22_bf_sp__parameterized2
Compiling module xil_defaultlib.xfft_0_shift_ram__parameterized7...
Compiling module xil_defaultlib.xfft_0_c_shift_ram_v12_0_11_lega...
Compiling module xil_defaultlib.xfft_0_c_shift_ram_v12_0_11_viv_...
Compiling module xil_defaultlib.xfft_0_shift_ram__parameterized6...
Compiling module xil_defaultlib.xfft_0_c_shift_ram_v12_0_11_lega...
Compiling module xil_defaultlib.xfft_0_c_shift_ram_v12_0_11_viv_...
Compiling module xil_defaultlib.xfft_0_shift_ram__parameterized7...
Compiling module xil_defaultlib.xfft_0_c_shift_ram_v12_0_11_lega...
Compiling module xil_defaultlib.xfft_0_c_shift_ram_v12_0_11_viv_...
Compiling module xil_defaultlib.xfft_0_shift_ram__parameterized6...
Compiling module xil_defaultlib.xfft_0_c_addsub_v12_0_11_lut6_le...
Compiling module xil_defaultlib.xfft_0_c_addsub_v12_0_11_fabric_...
Compiling module xil_defaultlib.xfft_0_c_addsub_v12_0_11_legacy_...
Compiling module xil_defaultlib.xfft_0_c_addsub_v12_0_11_viv__pa...
Compiling module xil_defaultlib.xfft_0_equ_rtl__parameterized2
Compiling module xil_defaultlib.xfft_0_cnt_tc_rtl
Compiling module xil_defaultlib.xfft_0_shift_ram__parameterized6...
Compiling module xil_defaultlib.xfft_0_shift_ram__parameterized7...
Compiling module xil_defaultlib.xfft_0_c_reg_fd_v12_0_4_viv__par...
Compiling module xil_defaultlib.xfft_0_c_addsub_v12_0_11_lut6_le...
Compiling module xil_defaultlib.xfft_0_c_addsub_v12_0_11_fabric_...
Compiling module xil_defaultlib.xfft_0_c_addsub_v12_0_11_legacy_...
Compiling module xil_defaultlib.xfft_0_c_addsub_v12_0_11_viv__pa...
Compiling module xil_defaultlib.xfft_0_adder__parameterized1
Compiling module xil_defaultlib.xfft_0_c_reg_fd_v12_0_4_viv__par...
Compiling module xil_defaultlib.xfft_0_c_addsub_v12_0_11_lut6_le...
Compiling module xil_defaultlib.xfft_0_c_addsub_v12_0_11_fabric_...
Compiling module xil_defaultlib.xfft_0_c_addsub_v12_0_11_legacy_...
Compiling module xil_defaultlib.xfft_0_c_addsub_v12_0_11_viv__pa...
Compiling module xil_defaultlib.xfft_0_adder__parameterized1_9
Compiling module xil_defaultlib.xfft_0_c_shift_ram_v12_0_11_lega...
Compiling module xil_defaultlib.xfft_0_c_shift_ram_v12_0_11_viv_...
Compiling module xil_defaultlib.xfft_0_shift_ram__parameterized4...
Compiling module xil_defaultlib.xfft_0_shift_ram__parameterized8...
Compiling module xil_defaultlib.xfft_0_shift_ram__parameterized8...
Compiling module xil_defaultlib.xfft_0_r22_twos_comp_mux__parame...
Compiling module xil_defaultlib.xfft_0_r22_twos_comp_mux
Compiling module xil_defaultlib.xfft_0_xfft_v9_0_14_mux_bus2__pa...
Compiling module xil_defaultlib.xfft_0_xfft_v9_0_14_mux_bus2__pa...
Compiling module xil_defaultlib.xfft_0_xfft_v9_0_14_mux_bus2__pa...
Compiling module xil_defaultlib.xfft_0_xfft_v9_0_14_mux_bus2__pa...
Compiling module xil_defaultlib.xfft_0_c_shift_ram_v12_0_11_lega...
Compiling module xil_defaultlib.xfft_0_c_shift_ram_v12_0_11_viv_...
Compiling module xil_defaultlib.xfft_0_shift_ram__parameterized4...
Compiling module xil_defaultlib.xfft_0_shift_ram__parameterized7...
Compiling module xil_defaultlib.xfft_0_shift_ram__parameterized8...
Compiling module xil_defaultlib.xfft_0_shift_ram__parameterized8...
Compiling module xil_defaultlib.xfft_0_shift_ram__parameterized2...
Compiling module xil_defaultlib.xfft_0_r22_bf_sp__parameterized3
Compiling module xil_defaultlib.xfft_0_c_shift_ram_v12_0_11_lega...
Compiling module xil_defaultlib.xfft_0_c_shift_ram_v12_0_11_viv_...
Compiling module xil_defaultlib.xfft_0_shift_ram__parameterized6...
Compiling module xil_defaultlib.xfft_0_c_shift_ram_v12_0_11_lega...
Compiling module xil_defaultlib.xfft_0_c_shift_ram_v12_0_11_viv_...
Compiling module xil_defaultlib.xfft_0_shift_ram
Compiling module xil_defaultlib.xfft_0_mux_bus4__parameterized4_...
Compiling module xil_defaultlib.xfft_0_arith_shift3__parameteriz...
Compiling module xil_defaultlib.xfft_0_mux_bus4__parameterized4
Compiling module xil_defaultlib.xfft_0_arith_shift3__parameteriz...
Compiling module xil_defaultlib.xfft_0_r22_pe__parameterized3
Compiling module xil_defaultlib.xfft_0_xfft_v9_0_14_d
Compiling module xil_defaultlib.xfft_0_xfft_v9_0_14_core
Compiling module xil_defaultlib.xfft_0_xfft_v9_0_14_viv
Compiling module xil_defaultlib.xfft_0_xfft_v9_0_14
Compiling module xil_defaultlib.xfft_0
Compiling module xil_defaultlib.fft_t
Compiling module unisims_ver.RAM64M
Compiling module xil_defaultlib.ila_0_ila_v6_2_5_ila_adv_trigger...
Compiling module xil_defaultlib.ila_0_ila_v6_2_5_ila_fsm_memory_...
Compiling module xil_defaultlib.ila_0_ila_v6_2_5_generic_counter...
Compiling module xil_defaultlib.ila_0_ila_v6_2_5_generic_counter...
Compiling module xil_defaultlib.ila_0_ila_v6_2_5_generic_counter...
Compiling module xil_defaultlib.ila_0_ila_v6_2_5_generic_counter
Compiling module xil_defaultlib.ila_0_ila_v6_2_5_ila_counter
Compiling module unisims_ver.RB18_INTERNAL_VLOG(DOA_REG=1,DOB...
Compiling module unisims_ver.RAMB18E1(DOA_REG=1,DOB_REG=1,REA...
Compiling module xil_defaultlib.ila_0_blk_mem_gen_prim_wrapper
Compiling module xil_defaultlib.ila_0_blk_mem_gen_prim_width
Compiling module unisims_ver.RB36_INTERNAL_VLOG(DOA_REG=1,DOB...
Compiling module unisims_ver.RAMB36E1(DOA_REG=1,DOB_REG=1,REA...
Compiling module xil_defaultlib.ila_0_blk_mem_gen_prim_wrapper__...
Compiling module xil_defaultlib.ila_0_blk_mem_gen_prim_width__pa...
Compiling module xil_defaultlib.ila_0_blk_mem_gen_prim_wrapper__...
Compiling module xil_defaultlib.ila_0_blk_mem_gen_prim_width__pa...
Compiling module xil_defaultlib.ila_0_blk_mem_gen_prim_wrapper__...
Compiling module xil_defaultlib.ila_0_blk_mem_gen_prim_width__pa...
Compiling module xil_defaultlib.ila_0_blk_mem_gen_prim_wrapper__...
Compiling module xil_defaultlib.ila_0_blk_mem_gen_prim_width__pa...
Compiling module xil_defaultlib.ila_0_blk_mem_gen_prim_wrapper__...
Compiling module xil_defaultlib.ila_0_blk_mem_gen_prim_width__pa...
Compiling module xil_defaultlib.ila_0_blk_mem_gen_prim_wrapper__...
Compiling module xil_defaultlib.ila_0_blk_mem_gen_prim_width__pa...
Compiling module xil_defaultlib.ila_0_blk_mem_gen_prim_wrapper__...
Compiling module xil_defaultlib.ila_0_blk_mem_gen_prim_width__pa...
Compiling module xil_defaultlib.ila_0_blk_mem_gen_prim_wrapper__...
Compiling module xil_defaultlib.ila_0_blk_mem_gen_prim_width__pa...
Compiling module xil_defaultlib.ila_0_blk_mem_gen_prim_wrapper__...
Compiling module xil_defaultlib.ila_0_blk_mem_gen_prim_width__pa...
Compiling module xil_defaultlib.ila_0_blk_mem_gen_generic_cstr
Compiling module xil_defaultlib.ila_0_blk_mem_gen_top
Compiling module xil_defaultlib.ila_0_blk_mem_gen_v8_3_6_synth
Compiling module xil_defaultlib.ila_0_blk_mem_gen_v8_3_6
Compiling module xil_defaultlib.ila_0_ila_v6_2_5_ila_trace_memor...
Compiling module xil_defaultlib.ila_0_ltlib_v1_0_0_cfglut6__para...
Compiling module xil_defaultlib.ila_0_ltlib_v1_0_0_cfglut7
Compiling module xil_defaultlib.ila_0_ltlib_v1_0_0_cfglut7_314
Compiling module xil_defaultlib.ila_0_ltlib_v1_0_0_cfglut6
Compiling module unisims_ver.SRLC16E_default
Compiling module xil_defaultlib.ila_0_ltlib_v1_0_0_cfglut4_321
Compiling module xil_defaultlib.ila_0_ltlib_v1_0_0_cfglut5_322
Compiling module xil_defaultlib.ila_0_ltlib_v1_0_0_cfglut6_323
Compiling module unisims_ver.CFGLUT5_default
Compiling module xil_defaultlib.ila_0_ltlib_v1_0_0_all_typeA_sli...
Compiling module xil_defaultlib.ila_0_ltlib_v1_0_0_all_typeA_sli...
Compiling module xil_defaultlib.ila_0_ltlib_v1_0_0_all_typeA__pa...
Compiling module xil_defaultlib.ila_0_ltlib_v1_0_0_allx_typeA_no...
Compiling module xil_defaultlib.ila_0_ltlib_v1_0_0_match_nodelay...
Compiling module xil_defaultlib.ila_0_ila_v6_2_5_ila_cap_sample_...
Compiling module xil_defaultlib.ila_0_ltlib_v1_0_0_cfglut4
Compiling module xil_defaultlib.ila_0_ltlib_v1_0_0_cfglut5
Compiling module xil_defaultlib.ila_0_ltlib_v1_0_0_cfglut5_315
Compiling module xil_defaultlib.ila_0_ltlib_v1_0_0_all_typeA_sli...
Compiling module xil_defaultlib.ila_0_ltlib_v1_0_0_all_typeA_sli...
Compiling module xil_defaultlib.ila_0_ltlib_v1_0_0_all_typeA__pa...
Compiling module xil_defaultlib.ila_0_ltlib_v1_0_0_allx_typeA_no...
Compiling module xil_defaultlib.ila_0_ltlib_v1_0_0_match_nodelay
Compiling module xil_defaultlib.ila_0_ltlib_v1_0_0_all_typeA_sli...
Compiling module xil_defaultlib.ila_0_ltlib_v1_0_0_all_typeA_sli...
Compiling module xil_defaultlib.ila_0_ltlib_v1_0_0_all_typeA__pa...
Compiling module xil_defaultlib.ila_0_ltlib_v1_0_0_allx_typeA_no...
Compiling module xil_defaultlib.ila_0_ltlib_v1_0_0_match_nodelay...
Compiling module xil_defaultlib.ila_0_ila_v6_2_5_ila_cap_window_...
Compiling module xil_defaultlib.ila_0_ila_v6_2_5_ila_cap_addrgen
Compiling module xil_defaultlib.ila_0_ila_v6_2_5_ila_cap_ctrl_le...
Compiling module xil_defaultlib.ila_0_xsdbs_v1_0_2_reg_ctl_312
Compiling module xil_defaultlib.ila_0_xsdbs_v1_0_2_reg_stream__p...
Compiling module xil_defaultlib.ila_0_xsdbs_v1_0_2_reg_stat_311
Compiling module xil_defaultlib.ila_0_xsdbs_v1_0_2_reg_stream
Compiling module xil_defaultlib.ila_0_xsdbs_v1_0_2_reg_p2s__para...
Compiling module xil_defaultlib.ila_0_xsdbs_v1_0_2_reg_p2s__para...
Compiling module xil_defaultlib.ila_0_xsdbs_v1_0_2_reg_p2s__para...
Compiling module xil_defaultlib.ila_0_xsdbs_v1_0_2_reg_p2s__para...
Compiling module xil_defaultlib.ila_0_xsdbs_v1_0_2_reg_p2s
Compiling module xil_defaultlib.ila_0_xsdbs_v1_0_2_reg_p2s__para...
Compiling module unisims_ver.MUXF7
Compiling module xil_defaultlib.ila_0_xsdbs_v1_0_2_reg_p2s__para...
Compiling module xil_defaultlib.ila_0_xsdbs_v1_0_2_reg_p2s__para...
Compiling module xil_defaultlib.ila_0_xsdbs_v1_0_2_reg_p2s__para...
Compiling module xil_defaultlib.ila_0_xsdbs_v1_0_2_reg_p2s__para...
Compiling module xil_defaultlib.ila_0_xsdbs_v1_0_2_reg_p2s__para...
Compiling module xil_defaultlib.ila_0_xsdbs_v1_0_2_reg_p2s__para...
Compiling module xil_defaultlib.ila_0_xsdbs_v1_0_2_reg_p2s__para...
Compiling module xil_defaultlib.ila_0_xsdbs_v1_0_2_reg_p2s__para...
Compiling module xil_defaultlib.ila_0_xsdbs_v1_0_2_reg_p2s__para...
Compiling module xil_defaultlib.ila_0_xsdbs_v1_0_2_reg_p2s__para...
Compiling module xil_defaultlib.ila_0_xsdbs_v1_0_2_reg_p2s__para...
Compiling module xil_defaultlib.ila_0_xsdbs_v1_0_2_reg_p2s__para...
Compiling module xil_defaultlib.ila_0_xsdbs_v1_0_2_reg_p2s__para...
Compiling module xil_defaultlib.ila_0_xsdbs_v1_0_2_reg_p2s__para...
Compiling module xil_defaultlib.ila_0_xsdbs_v1_0_2_reg_p2s__para...
Compiling module xil_defaultlib.ila_0_xsdbs_v1_0_2_reg_p2s__para...
Compiling module xil_defaultlib.ila_0_xsdbs_v1_0_2_reg_p2s__para...
Compiling module xil_defaultlib.ila_0_xsdbs_v1_0_2_reg_p2s__para...
Compiling module xil_defaultlib.ila_0_xsdbs_v1_0_2_reg_p2s__para...
Compiling module xil_defaultlib.ila_0_xsdbs_v1_0_2_reg_p2s__para...
Compiling module xil_defaultlib.ila_0_xsdbs_v1_0_2_reg_p2s__para...
Compiling module xil_defaultlib.ila_0_xsdbs_v1_0_2_reg_p2s__para...
Compiling module xil_defaultlib.ila_0_xsdbs_v1_0_2_reg_p2s__para...
Compiling module xil_defaultlib.ila_0_xsdbs_v1_0_2_reg_p2s__para...
Compiling module xil_defaultlib.ila_0_xsdbs_v1_0_2_reg_p2s__para...
Compiling module xil_defaultlib.ila_0_xsdbs_v1_0_2_reg_p2s__para...
Compiling module xil_defaultlib.ila_0_xsdbs_v1_0_2_reg_p2s__para...
Compiling module xil_defaultlib.ila_0_xsdbs_v1_0_2_reg_p2s__para...
Compiling module xil_defaultlib.ila_0_xsdbs_v1_0_2_reg_p2s__para...
Compiling module xil_defaultlib.ila_0_xsdbs_v1_0_2_reg_p2s__para...
Compiling module xil_defaultlib.ila_0_xsdbs_v1_0_2_reg_p2s__para...
Compiling module xil_defaultlib.ila_0_xsdbs_v1_0_2_reg_p2s__para...
Compiling module xil_defaultlib.ila_0_xsdbs_v1_0_2_reg_p2s__para...
Compiling module xil_defaultlib.ila_0_xsdbs_v1_0_2_reg_p2s__para...
Compiling module xil_defaultlib.ila_0_xsdbs_v1_0_2_reg_p2s__para...
Compiling module xil_defaultlib.ila_0_xsdbs_v1_0_2_reg_p2s__para...
Compiling module xil_defaultlib.ila_0_xsdbs_v1_0_2_reg_p2s__para...
Compiling module xil_defaultlib.ila_0_xsdbs_v1_0_2_reg_p2s__para...
Compiling module xil_defaultlib.ila_0_xsdbs_v1_0_2_reg_p2s__para...
Compiling module xil_defaultlib.ila_0_xsdbs_v1_0_2_reg_p2s__para...
Compiling module xil_defaultlib.ila_0_xsdbs_v1_0_2_reg_p2s__para...
Compiling module xil_defaultlib.ila_0_xsdbs_v1_0_2_reg_p2s__para...
Compiling module xil_defaultlib.ila_0_xsdbs_v1_0_2_reg_p2s__para...
Compiling module xil_defaultlib.ila_0_xsdbs_v1_0_2_reg_p2s__para...
Compiling module xil_defaultlib.ila_0_xsdbs_v1_0_2_reg_p2s__para...
Compiling module xil_defaultlib.ila_0_xsdbs_v1_0_2_reg_p2s__para...
Compiling module xil_defaultlib.ila_0_xsdbs_v1_0_2_reg_p2s__para...
Compiling module xil_defaultlib.ila_0_xsdbs_v1_0_2_reg_p2s__para...
Compiling module xil_defaultlib.ila_0_xsdbs_v1_0_2_reg_p2s__para...
Compiling module xil_defaultlib.ila_0_xsdbs_v1_0_2_reg_p2s__para...
Compiling module xil_defaultlib.ila_0_xsdbs_v1_0_2_reg_p2s__para...
Compiling module xil_defaultlib.ila_0_xsdbs_v1_0_2_xsdbs
Compiling module xil_defaultlib.ila_0_xsdbs_v1_0_2_reg_ctl_310
Compiling module xil_defaultlib.ila_0_xsdbs_v1_0_2_reg__paramete...
Compiling module xil_defaultlib.ila_0_xsdbs_v1_0_2_reg_ctl_309
Compiling module xil_defaultlib.ila_0_xsdbs_v1_0_2_reg__paramete...
Compiling module xil_defaultlib.ila_0_xsdbs_v1_0_2_reg_ctl_308
Compiling module xil_defaultlib.ila_0_xsdbs_v1_0_2_reg__paramete...
Compiling module xil_defaultlib.ila_0_xsdbs_v1_0_2_reg_ctl_307
Compiling module xil_defaultlib.ila_0_xsdbs_v1_0_2_reg__paramete...
Compiling module xil_defaultlib.ila_0_xsdbs_v1_0_2_reg_ctl_306
Compiling module xil_defaultlib.ila_0_xsdbs_v1_0_2_reg__paramete...
Compiling module xil_defaultlib.ila_0_xsdbs_v1_0_2_reg_ctl__para...
Compiling module xil_defaultlib.ila_0_xsdbs_v1_0_2_reg__paramete...
Compiling module xil_defaultlib.ila_0_xsdbs_v1_0_2_reg_ctl_305
Compiling module xil_defaultlib.ila_0_xsdbs_v1_0_2_reg__paramete...
Compiling module xil_defaultlib.ila_0_xsdbs_v1_0_2_reg_ctl__para...
Compiling module xil_defaultlib.ila_0_xsdbs_v1_0_2_reg__paramete...
Compiling module xil_defaultlib.ila_0_xsdbs_v1_0_2_reg_stat_304
Compiling module xil_defaultlib.ila_0_xsdbs_v1_0_2_reg__paramete...
Compiling module xil_defaultlib.ila_0_xsdbs_v1_0_2_reg_ctl__para...
Compiling module xil_defaultlib.ila_0_xsdbs_v1_0_2_reg__paramete...
Compiling module xil_defaultlib.ila_0_xsdbs_v1_0_2_reg_ctl_302
Compiling module xil_defaultlib.ila_0_xsdbs_v1_0_2_reg__paramete...
Compiling module xil_defaultlib.ila_0_xsdbs_v1_0_2_reg_ctl__para...
Compiling module xil_defaultlib.ila_0_xsdbs_v1_0_2_reg__paramete...
Compiling module xil_defaultlib.ila_0_xsdbs_v1_0_2_reg_ctl_301
Compiling module xil_defaultlib.ila_0_xsdbs_v1_0_2_reg__paramete...
Compiling module xil_defaultlib.ila_0_xsdbs_v1_0_2_reg_ctl_300
Compiling module xil_defaultlib.ila_0_xsdbs_v1_0_2_reg__paramete...
Compiling module xil_defaultlib.ila_0_xsdbs_v1_0_2_reg_ctl_299
Compiling module xil_defaultlib.ila_0_xsdbs_v1_0_2_reg__paramete...
Compiling module xil_defaultlib.ila_0_xsdbs_v1_0_2_reg_stat_298
Compiling module xil_defaultlib.ila_0_xsdbs_v1_0_2_reg__paramete...
Compiling module xil_defaultlib.ila_0_xsdbs_v1_0_2_reg_stat_297
Compiling module xil_defaultlib.ila_0_xsdbs_v1_0_2_reg__paramete...
Compiling module xil_defaultlib.ila_0_xsdbs_v1_0_2_reg_stat_296
Compiling module xil_defaultlib.ila_0_xsdbs_v1_0_2_reg__paramete...
Compiling module xil_defaultlib.ila_0_xsdbs_v1_0_2_reg_stat_313
Compiling module xil_defaultlib.ila_0_xsdbs_v1_0_2_reg__paramete...
Compiling module xil_defaultlib.ila_0_xsdbs_v1_0_2_reg_stat_295
Compiling module xil_defaultlib.ila_0_xsdbs_v1_0_2_reg__paramete...
Compiling module xil_defaultlib.ila_0_xsdbs_v1_0_2_reg_stat_294
Compiling module xil_defaultlib.ila_0_xsdbs_v1_0_2_reg__paramete...
Compiling module xil_defaultlib.ila_0_xsdbs_v1_0_2_reg_p2s__para...
Compiling module xil_defaultlib.ila_0_xsdbs_v1_0_2_reg_ctl
Compiling module xil_defaultlib.ila_0_xsdbs_v1_0_2_reg_stream__p...
Compiling module xil_defaultlib.ila_0_xsdbs_v1_0_2_reg_stat
Compiling module xil_defaultlib.ila_0_xsdbs_v1_0_2_reg_stream__p...
Compiling module xil_defaultlib.ila_0_ila_v6_2_5_ila_register
Compiling module xil_defaultlib.ila_0_ltlib_v1_0_0_rising_edge_d...
Compiling module xil_defaultlib.ila_0_ltlib_v1_0_0_async_edge_xf...
Compiling module xil_defaultlib.ila_0_ltlib_v1_0_0_async_edge_xf...
Compiling module xil_defaultlib.ila_0_ltlib_v1_0_0_async_edge_xf...
Compiling module xil_defaultlib.ila_0_ltlib_v1_0_0_async_edge_xf...
Compiling module xil_defaultlib.ila_0_ltlib_v1_0_0_rising_edge_d...
Compiling module xil_defaultlib.ila_0_ila_v6_2_5_ila_reset_ctrl
Compiling module xil_defaultlib.ila_0_ltlib_v1_0_0_all_typeA_sli...
Compiling module xil_defaultlib.ila_0_ltlib_v1_0_0_all_typeA_sli...
Compiling module xil_defaultlib.ila_0_ltlib_v1_0_0_all_typeA_sli...
Compiling module xil_defaultlib.ila_0_ltlib_v1_0_0_all_typeA_286
Compiling module xil_defaultlib.ila_0_ltlib_v1_0_0_allx_typeA_28...
Compiling module xil_defaultlib.ila_0_ltlib_v1_0_0_match
Compiling module xil_defaultlib.ila_0_ltlib_v1_0_0_all_typeA_sli...
Compiling module xil_defaultlib.ila_0_ltlib_v1_0_0_all_typeA_sli...
Compiling module xil_defaultlib.ila_0_ltlib_v1_0_0_all_typeA_sli...
Compiling module xil_defaultlib.ila_0_ltlib_v1_0_0_all_typeA_281
Compiling module xil_defaultlib.ila_0_ltlib_v1_0_0_allx_typeA_28...
Compiling module xil_defaultlib.ila_0_ltlib_v1_0_0_match_0
Compiling module xil_defaultlib.ila_0_ltlib_v1_0_0_all_typeA_sli...
Compiling module xil_defaultlib.ila_0_ltlib_v1_0_0_all_typeA_sli...
Compiling module xil_defaultlib.ila_0_ltlib_v1_0_0_all_typeA_sli...
Compiling module xil_defaultlib.ila_0_ltlib_v1_0_0_all_typeA_276
Compiling module xil_defaultlib.ila_0_ltlib_v1_0_0_allx_typeA_27...
Compiling module xil_defaultlib.ila_0_ltlib_v1_0_0_match_1
Compiling module xil_defaultlib.ila_0_ltlib_v1_0_0_all_typeA_sli...
Compiling module xil_defaultlib.ila_0_ltlib_v1_0_0_all_typeA_sli...
Compiling module xil_defaultlib.ila_0_ltlib_v1_0_0_all_typeA_sli...
Compiling module xil_defaultlib.ila_0_ltlib_v1_0_0_all_typeA_271
Compiling module xil_defaultlib.ila_0_ltlib_v1_0_0_allx_typeA_27...
Compiling module xil_defaultlib.ila_0_ltlib_v1_0_0_match_2
Compiling module xil_defaultlib.ila_0_ltlib_v1_0_0_all_typeA_sli...
Compiling module xil_defaultlib.ila_0_ltlib_v1_0_0_all_typeA_sli...
Compiling module xil_defaultlib.ila_0_ltlib_v1_0_0_all_typeA_sli...
Compiling module xil_defaultlib.ila_0_ltlib_v1_0_0_all_typeA_266
Compiling module xil_defaultlib.ila_0_ltlib_v1_0_0_allx_typeA_26...
Compiling module xil_defaultlib.ila_0_ltlib_v1_0_0_match_3
Compiling module xil_defaultlib.ila_0_ltlib_v1_0_0_all_typeA_sli...
Compiling module xil_defaultlib.ila_0_ltlib_v1_0_0_all_typeA_sli...
Compiling module xil_defaultlib.ila_0_ltlib_v1_0_0_all_typeA_sli...
Compiling module xil_defaultlib.ila_0_ltlib_v1_0_0_all_typeA_261
Compiling module xil_defaultlib.ila_0_ltlib_v1_0_0_allx_typeA_26...
Compiling module xil_defaultlib.ila_0_ltlib_v1_0_0_match_4
Compiling module xil_defaultlib.ila_0_ltlib_v1_0_0_all_typeA_sli...
Compiling module xil_defaultlib.ila_0_ltlib_v1_0_0_all_typeA_sli...
Compiling module xil_defaultlib.ila_0_ltlib_v1_0_0_all_typeA_sli...
Compiling module xil_defaultlib.ila_0_ltlib_v1_0_0_all_typeA_256
Compiling module xil_defaultlib.ila_0_ltlib_v1_0_0_allx_typeA_25...
Compiling module xil_defaultlib.ila_0_ltlib_v1_0_0_match_5
Compiling module xil_defaultlib.ila_0_ltlib_v1_0_0_all_typeA_sli...
Compiling module xil_defaultlib.ila_0_ltlib_v1_0_0_all_typeA_sli...
Compiling module xil_defaultlib.ila_0_ltlib_v1_0_0_all_typeA_sli...
Compiling module xil_defaultlib.ila_0_ltlib_v1_0_0_all_typeA_251
Compiling module xil_defaultlib.ila_0_ltlib_v1_0_0_allx_typeA_25...
Compiling module xil_defaultlib.ila_0_ltlib_v1_0_0_match_6
Compiling module xil_defaultlib.ila_0_ltlib_v1_0_0_all_typeA_sli...
Compiling module xil_defaultlib.ila_0_ltlib_v1_0_0_all_typeA_sli...
Compiling module xil_defaultlib.ila_0_ltlib_v1_0_0_all_typeA_sli...
Compiling module xil_defaultlib.ila_0_ltlib_v1_0_0_all_typeA_246
Compiling module xil_defaultlib.ila_0_ltlib_v1_0_0_allx_typeA_24...
Compiling module xil_defaultlib.ila_0_ltlib_v1_0_0_match_7
Compiling module xil_defaultlib.ila_0_ltlib_v1_0_0_all_typeA_sli...
Compiling module xil_defaultlib.ila_0_ltlib_v1_0_0_all_typeA_sli...
Compiling module xil_defaultlib.ila_0_ltlib_v1_0_0_all_typeA_sli...
Compiling module xil_defaultlib.ila_0_ltlib_v1_0_0_all_typeA_241
Compiling module xil_defaultlib.ila_0_ltlib_v1_0_0_allx_typeA_24...
Compiling module xil_defaultlib.ila_0_ltlib_v1_0_0_match_8
Compiling module xil_defaultlib.ila_0_ltlib_v1_0_0_all_typeA_sli...
Compiling module xil_defaultlib.ila_0_ltlib_v1_0_0_all_typeA_sli...
Compiling module xil_defaultlib.ila_0_ltlib_v1_0_0_all_typeA_sli...
Compiling module xil_defaultlib.ila_0_ltlib_v1_0_0_all_typeA_236
Compiling module xil_defaultlib.ila_0_ltlib_v1_0_0_allx_typeA_23...
Compiling module xil_defaultlib.ila_0_ltlib_v1_0_0_match_9
Compiling module xil_defaultlib.ila_0_ltlib_v1_0_0_all_typeA_sli...
Compiling module xil_defaultlib.ila_0_ltlib_v1_0_0_all_typeA_sli...
Compiling module xil_defaultlib.ila_0_ltlib_v1_0_0_all_typeA_sli...
Compiling module xil_defaultlib.ila_0_ltlib_v1_0_0_all_typeA_231
Compiling module xil_defaultlib.ila_0_ltlib_v1_0_0_allx_typeA_23...
Compiling module xil_defaultlib.ila_0_ltlib_v1_0_0_match_10
Compiling module xil_defaultlib.ila_0_ltlib_v1_0_0_all_typeA_sli...
Compiling module xil_defaultlib.ila_0_ltlib_v1_0_0_all_typeA_sli...
Compiling module xil_defaultlib.ila_0_ltlib_v1_0_0_all_typeA_sli...
Compiling module xil_defaultlib.ila_0_ltlib_v1_0_0_all_typeA_226
Compiling module xil_defaultlib.ila_0_ltlib_v1_0_0_allx_typeA_22...
Compiling module xil_defaultlib.ila_0_ltlib_v1_0_0_match_11
Compiling module xil_defaultlib.ila_0_ltlib_v1_0_0_all_typeA_sli...
Compiling module xil_defaultlib.ila_0_ltlib_v1_0_0_all_typeA_sli...
Compiling module xil_defaultlib.ila_0_ltlib_v1_0_0_all_typeA_sli...
Compiling module xil_defaultlib.ila_0_ltlib_v1_0_0_all_typeA_221
Compiling module xil_defaultlib.ila_0_ltlib_v1_0_0_allx_typeA_22...
Compiling module xil_defaultlib.ila_0_ltlib_v1_0_0_match_12
Compiling module xil_defaultlib.ila_0_ltlib_v1_0_0_all_typeA_sli...
Compiling module xil_defaultlib.ila_0_ltlib_v1_0_0_all_typeA_sli...
Compiling module xil_defaultlib.ila_0_ltlib_v1_0_0_all_typeA_sli...
Compiling module xil_defaultlib.ila_0_ltlib_v1_0_0_all_typeA_216
Compiling module xil_defaultlib.ila_0_ltlib_v1_0_0_allx_typeA_21...
Compiling module xil_defaultlib.ila_0_ltlib_v1_0_0_match_13
Compiling module xil_defaultlib.ila_0_ltlib_v1_0_0_all_typeA_sli...
Compiling module xil_defaultlib.ila_0_ltlib_v1_0_0_all_typeA_sli...
Compiling module xil_defaultlib.ila_0_ltlib_v1_0_0_all_typeA_sli...
Compiling module xil_defaultlib.ila_0_ltlib_v1_0_0_all_typeA_211
Compiling module xil_defaultlib.ila_0_ltlib_v1_0_0_allx_typeA_21...
Compiling module xil_defaultlib.ila_0_ltlib_v1_0_0_match_14
Compiling module xil_defaultlib.ila_0_ltlib_v1_0_0_all_typeA_sli...
Compiling module xil_defaultlib.ila_0_ltlib_v1_0_0_all_typeA_sli...
Compiling module xil_defaultlib.ila_0_ltlib_v1_0_0_all_typeA_sli...
Compiling module xil_defaultlib.ila_0_ltlib_v1_0_0_all_typeA_206
Compiling module xil_defaultlib.ila_0_ltlib_v1_0_0_allx_typeA_20...
Compiling module xil_defaultlib.ila_0_ltlib_v1_0_0_match_15
Compiling module xil_defaultlib.ila_0_ltlib_v1_0_0_all_typeA_sli...
Compiling module xil_defaultlib.ila_0_ltlib_v1_0_0_all_typeA_sli...
Compiling module xil_defaultlib.ila_0_ltlib_v1_0_0_all_typeA_sli...
Compiling module xil_defaultlib.ila_0_ltlib_v1_0_0_all_typeA_201
Compiling module xil_defaultlib.ila_0_ltlib_v1_0_0_allx_typeA_20...
Compiling module xil_defaultlib.ila_0_ltlib_v1_0_0_match_16
Compiling module xil_defaultlib.ila_0_ltlib_v1_0_0_all_typeA_sli...
Compiling module xil_defaultlib.ila_0_ltlib_v1_0_0_all_typeA_sli...
Compiling module xil_defaultlib.ila_0_ltlib_v1_0_0_all_typeA_sli...
Compiling module xil_defaultlib.ila_0_ltlib_v1_0_0_all_typeA_196
Compiling module xil_defaultlib.ila_0_ltlib_v1_0_0_allx_typeA_19...
Compiling module xil_defaultlib.ila_0_ltlib_v1_0_0_match_17
Compiling module xil_defaultlib.ila_0_ltlib_v1_0_0_all_typeA_sli...
Compiling module xil_defaultlib.ila_0_ltlib_v1_0_0_all_typeA_sli...
Compiling module xil_defaultlib.ila_0_ltlib_v1_0_0_all_typeA_sli...
Compiling module xil_defaultlib.ila_0_ltlib_v1_0_0_all_typeA_191
Compiling module xil_defaultlib.ila_0_ltlib_v1_0_0_allx_typeA_19...
Compiling module xil_defaultlib.ila_0_ltlib_v1_0_0_match_18
Compiling module xil_defaultlib.ila_0_ltlib_v1_0_0_all_typeA_sli...
Compiling module xil_defaultlib.ila_0_ltlib_v1_0_0_all_typeA_sli...
Compiling module xil_defaultlib.ila_0_ltlib_v1_0_0_all_typeA_sli...
Compiling module xil_defaultlib.ila_0_ltlib_v1_0_0_all_typeA_186
Compiling module xil_defaultlib.ila_0_ltlib_v1_0_0_allx_typeA_18...
Compiling module xil_defaultlib.ila_0_ltlib_v1_0_0_match_19
Compiling module xil_defaultlib.ila_0_ltlib_v1_0_0_all_typeA_sli...
Compiling module xil_defaultlib.ila_0_ltlib_v1_0_0_all_typeA_sli...
Compiling module xil_defaultlib.ila_0_ltlib_v1_0_0_all_typeA_sli...
Compiling module xil_defaultlib.ila_0_ltlib_v1_0_0_all_typeA_181
Compiling module xil_defaultlib.ila_0_ltlib_v1_0_0_allx_typeA_18...
Compiling module xil_defaultlib.ila_0_ltlib_v1_0_0_match_20
Compiling module xil_defaultlib.ila_0_ltlib_v1_0_0_all_typeA_sli...
Compiling module xil_defaultlib.ila_0_ltlib_v1_0_0_all_typeA_sli...
Compiling module xil_defaultlib.ila_0_ltlib_v1_0_0_all_typeA_sli...
Compiling module xil_defaultlib.ila_0_ltlib_v1_0_0_all_typeA_176
Compiling module xil_defaultlib.ila_0_ltlib_v1_0_0_allx_typeA_17...
Compiling module xil_defaultlib.ila_0_ltlib_v1_0_0_match_21
Compiling module xil_defaultlib.ila_0_ltlib_v1_0_0_all_typeA_sli...
Compiling module xil_defaultlib.ila_0_ltlib_v1_0_0_all_typeA_sli...
Compiling module xil_defaultlib.ila_0_ltlib_v1_0_0_all_typeA_sli...
Compiling module xil_defaultlib.ila_0_ltlib_v1_0_0_all_typeA_171
Compiling module xil_defaultlib.ila_0_ltlib_v1_0_0_allx_typeA_17...
Compiling module xil_defaultlib.ila_0_ltlib_v1_0_0_match_22
Compiling module xil_defaultlib.ila_0_ltlib_v1_0_0_all_typeA_sli...
Compiling module xil_defaultlib.ila_0_ltlib_v1_0_0_all_typeA_sli...
Compiling module xil_defaultlib.ila_0_ltlib_v1_0_0_all_typeA_sli...
Compiling module xil_defaultlib.ila_0_ltlib_v1_0_0_all_typeA_166
Compiling module xil_defaultlib.ila_0_ltlib_v1_0_0_allx_typeA_16...
Compiling module xil_defaultlib.ila_0_ltlib_v1_0_0_match_23
Compiling module xil_defaultlib.ila_0_ltlib_v1_0_0_all_typeA_sli...
Compiling module xil_defaultlib.ila_0_ltlib_v1_0_0_all_typeA_sli...
Compiling module xil_defaultlib.ila_0_ltlib_v1_0_0_all_typeA_sli...
Compiling module xil_defaultlib.ila_0_ltlib_v1_0_0_all_typeA_161
Compiling module xil_defaultlib.ila_0_ltlib_v1_0_0_allx_typeA_16...
Compiling module xil_defaultlib.ila_0_ltlib_v1_0_0_match_24
Compiling module xil_defaultlib.ila_0_ltlib_v1_0_0_all_typeA_sli...
Compiling module xil_defaultlib.ila_0_ltlib_v1_0_0_all_typeA_sli...
Compiling module xil_defaultlib.ila_0_ltlib_v1_0_0_all_typeA_sli...
Compiling module xil_defaultlib.ila_0_ltlib_v1_0_0_all_typeA_156
Compiling module xil_defaultlib.ila_0_ltlib_v1_0_0_allx_typeA_15...
Compiling module xil_defaultlib.ila_0_ltlib_v1_0_0_match_25
Compiling module xil_defaultlib.ila_0_ltlib_v1_0_0_all_typeA_sli...
Compiling module xil_defaultlib.ila_0_ltlib_v1_0_0_all_typeA_sli...
Compiling module xil_defaultlib.ila_0_ltlib_v1_0_0_all_typeA_sli...
Compiling module xil_defaultlib.ila_0_ltlib_v1_0_0_all_typeA_151
Compiling module xil_defaultlib.ila_0_ltlib_v1_0_0_allx_typeA_15...
Compiling module xil_defaultlib.ila_0_ltlib_v1_0_0_match_26
Compiling module xil_defaultlib.ila_0_ltlib_v1_0_0_all_typeA_sli...
Compiling module xil_defaultlib.ila_0_ltlib_v1_0_0_all_typeA_sli...
Compiling module xil_defaultlib.ila_0_ltlib_v1_0_0_all_typeA_sli...
Compiling module xil_defaultlib.ila_0_ltlib_v1_0_0_all_typeA_146
Compiling module xil_defaultlib.ila_0_ltlib_v1_0_0_allx_typeA_14...
Compiling module xil_defaultlib.ila_0_ltlib_v1_0_0_match_27
Compiling module xil_defaultlib.ila_0_ltlib_v1_0_0_all_typeA_sli...
Compiling module xil_defaultlib.ila_0_ltlib_v1_0_0_all_typeA_sli...
Compiling module xil_defaultlib.ila_0_ltlib_v1_0_0_all_typeA_sli...
Compiling module xil_defaultlib.ila_0_ltlib_v1_0_0_all_typeA_141
Compiling module xil_defaultlib.ila_0_ltlib_v1_0_0_allx_typeA_14...
Compiling module xil_defaultlib.ila_0_ltlib_v1_0_0_match_28
Compiling module xil_defaultlib.ila_0_ltlib_v1_0_0_all_typeA_sli...
Compiling module xil_defaultlib.ila_0_ltlib_v1_0_0_all_typeA_sli...
Compiling module xil_defaultlib.ila_0_ltlib_v1_0_0_all_typeA_sli...
Compiling module xil_defaultlib.ila_0_ltlib_v1_0_0_all_typeA_136
Compiling module xil_defaultlib.ila_0_ltlib_v1_0_0_allx_typeA_13...
Compiling module xil_defaultlib.ila_0_ltlib_v1_0_0_match_29
Compiling module xil_defaultlib.ila_0_ltlib_v1_0_0_all_typeA_sli...
Compiling module xil_defaultlib.ila_0_ltlib_v1_0_0_all_typeA_sli...
Compiling module xil_defaultlib.ila_0_ltlib_v1_0_0_all_typeA_sli...
Compiling module xil_defaultlib.ila_0_ltlib_v1_0_0_all_typeA_131
Compiling module xil_defaultlib.ila_0_ltlib_v1_0_0_allx_typeA_13...
Compiling module xil_defaultlib.ila_0_ltlib_v1_0_0_match_30
Compiling module xil_defaultlib.ila_0_ltlib_v1_0_0_all_typeA_sli...
Compiling module xil_defaultlib.ila_0_ltlib_v1_0_0_all_typeA_sli...
Compiling module xil_defaultlib.ila_0_ltlib_v1_0_0_all_typeA_sli...
Compiling module xil_defaultlib.ila_0_ltlib_v1_0_0_all_typeA
Compiling module xil_defaultlib.ila_0_ltlib_v1_0_0_allx_typeA
Compiling module xil_defaultlib.ila_0_ltlib_v1_0_0_match_31
Compiling module xil_defaultlib.ila_0_ltlib_v1_0_0_all_typeA_sli...
Compiling module xil_defaultlib.ila_0_ltlib_v1_0_0_all_typeA_sli...
Compiling module xil_defaultlib.ila_0_ltlib_v1_0_0_all_typeA_sli...
Compiling module xil_defaultlib.ila_0_ltlib_v1_0_0_all_typeA_sli...
Compiling module xil_defaultlib.ila_0_ltlib_v1_0_0_all_typeA__pa...
Compiling module xil_defaultlib.ila_0_ltlib_v1_0_0_allx_typeA__p...
Compiling module xil_defaultlib.ila_0_ltlib_v1_0_0_match__parame...
Compiling module xil_defaultlib.ila_0_ltlib_v1_0_0_all_typeA_sli...
Compiling module xil_defaultlib.ila_0_ltlib_v1_0_0_all_typeA__pa...
Compiling module xil_defaultlib.ila_0_ltlib_v1_0_0_allx_typeA__p...
Compiling module xil_defaultlib.ila_0_ltlib_v1_0_0_match__parame...
Compiling module xil_defaultlib.ila_0_ltlib_v1_0_0_all_typeA_sli...
Compiling module xil_defaultlib.ila_0_ltlib_v1_0_0_all_typeA__pa...
Compiling module xil_defaultlib.ila_0_ltlib_v1_0_0_allx_typeA__p...
Compiling module xil_defaultlib.ila_0_ltlib_v1_0_0_match__parame...
Compiling module xil_defaultlib.ila_0_ltlib_v1_0_0_all_typeA_sli...
Compiling module xil_defaultlib.ila_0_ltlib_v1_0_0_all_typeA_sli...
Compiling module xil_defaultlib.ila_0_ltlib_v1_0_0_all_typeA_sli...
Compiling module xil_defaultlib.ila_0_ltlib_v1_0_0_all_typeA_sli...
Compiling module xil_defaultlib.ila_0_ltlib_v1_0_0_all_typeA__pa...
Compiling module xil_defaultlib.ila_0_ltlib_v1_0_0_allx_typeA__p...
Compiling module xil_defaultlib.ila_0_ltlib_v1_0_0_match__parame...
Compiling module xil_defaultlib.ila_0_ltlib_v1_0_0_all_typeA_sli...
Compiling module xil_defaultlib.ila_0_ltlib_v1_0_0_all_typeA_sli...
Compiling module xil_defaultlib.ila_0_ltlib_v1_0_0_all_typeA_sli...
Compiling module xil_defaultlib.ila_0_ltlib_v1_0_0_all_typeA_sli...
Compiling module xil_defaultlib.ila_0_ltlib_v1_0_0_all_typeA__pa...
Compiling module xil_defaultlib.ila_0_ltlib_v1_0_0_allx_typeA__p...
Compiling module xil_defaultlib.ila_0_ltlib_v1_0_0_match__parame...
Compiling module xil_defaultlib.ila_0_ltlib_v1_0_0_all_typeA_sli...
Compiling module xil_defaultlib.ila_0_ltlib_v1_0_0_all_typeA__pa...
Compiling module xil_defaultlib.ila_0_ltlib_v1_0_0_allx_typeA__p...
Compiling module xil_defaultlib.ila_0_ltlib_v1_0_0_match__parame...
Compiling module xil_defaultlib.ila_0_ltlib_v1_0_0_all_typeA_sli...
Compiling module xil_defaultlib.ila_0_ltlib_v1_0_0_all_typeA__pa...
Compiling module xil_defaultlib.ila_0_ltlib_v1_0_0_allx_typeA__p...
Compiling module xil_defaultlib.ila_0_ltlib_v1_0_0_match__parame...
Compiling module xil_defaultlib.ila_0_ltlib_v1_0_0_all_typeA_sli...
Compiling module xil_defaultlib.ila_0_ltlib_v1_0_0_all_typeA__pa...
Compiling module xil_defaultlib.ila_0_ltlib_v1_0_0_allx_typeA__p...
Compiling module xil_defaultlib.ila_0_ltlib_v1_0_0_match__parame...
Compiling module xil_defaultlib.ila_0_ltlib_v1_0_0_all_typeA_sli...
Compiling module xil_defaultlib.ila_0_ltlib_v1_0_0_all_typeA__pa...
Compiling module xil_defaultlib.ila_0_ltlib_v1_0_0_allx_typeA__p...
Compiling module xil_defaultlib.ila_0_ltlib_v1_0_0_match__parame...
Compiling module xil_defaultlib.ila_0_ltlib_v1_0_0_all_typeA_sli...
Compiling module xil_defaultlib.ila_0_ltlib_v1_0_0_all_typeA__pa...
Compiling module xil_defaultlib.ila_0_ltlib_v1_0_0_allx_typeA__p...
Compiling module xil_defaultlib.ila_0_ltlib_v1_0_0_match__parame...
Compiling module xil_defaultlib.ila_0_ltlib_v1_0_0_all_typeA_sli...
Compiling module xil_defaultlib.ila_0_ltlib_v1_0_0_all_typeA__pa...
Compiling module xil_defaultlib.ila_0_ltlib_v1_0_0_allx_typeA__p...
Compiling module xil_defaultlib.ila_0_ltlib_v1_0_0_match__parame...
Compiling module xil_defaultlib.ila_0_ltlib_v1_0_0_all_typeA_sli...
Compiling module xil_defaultlib.ila_0_ltlib_v1_0_0_all_typeA_sli...
Compiling module xil_defaultlib.ila_0_ltlib_v1_0_0_all_typeA_sli...
Compiling module xil_defaultlib.ila_0_ltlib_v1_0_0_all_typeA_sli...
Compiling module xil_defaultlib.ila_0_ltlib_v1_0_0_all_typeA__pa...
Compiling module xil_defaultlib.ila_0_ltlib_v1_0_0_allx_typeA__p...
Compiling module xil_defaultlib.ila_0_ltlib_v1_0_0_match__parame...
Compiling module xil_defaultlib.ila_0_ltlib_v1_0_0_all_typeA_sli...
Compiling module xil_defaultlib.ila_0_ltlib_v1_0_0_all_typeA_sli...
Compiling module xil_defaultlib.ila_0_ltlib_v1_0_0_all_typeA__pa...
Compiling module xil_defaultlib.ila_0_ltlib_v1_0_0_allx_typeA__p...
Compiling module xil_defaultlib.ila_0_ltlib_v1_0_0_match__parame...
Compiling module xil_defaultlib.ila_0_ltlib_v1_0_0_all_typeA_sli...
Compiling module xil_defaultlib.ila_0_ltlib_v1_0_0_all_typeA_sli...
Compiling module xil_defaultlib.ila_0_ltlib_v1_0_0_all_typeA__pa...
Compiling module xil_defaultlib.ila_0_ltlib_v1_0_0_allx_typeA__p...
Compiling module xil_defaultlib.ila_0_ltlib_v1_0_0_match__parame...
Compiling module xil_defaultlib.ila_0_ltlib_v1_0_0_all_typeA_sli...
Compiling module xil_defaultlib.ila_0_ltlib_v1_0_0_all_typeA_sli...
Compiling module xil_defaultlib.ila_0_ltlib_v1_0_0_all_typeA__pa...
Compiling module xil_defaultlib.ila_0_ltlib_v1_0_0_allx_typeA__p...
Compiling module xil_defaultlib.ila_0_ltlib_v1_0_0_match__parame...
Compiling module xil_defaultlib.ila_0_ltlib_v1_0_0_all_typeA_sli...
Compiling module xil_defaultlib.ila_0_ltlib_v1_0_0_all_typeA_sli...
Compiling module xil_defaultlib.ila_0_ltlib_v1_0_0_all_typeA__pa...
Compiling module xil_defaultlib.ila_0_ltlib_v1_0_0_allx_typeA__p...
Compiling module xil_defaultlib.ila_0_ltlib_v1_0_0_match__parame...
Compiling module xil_defaultlib.ila_0_ltlib_v1_0_0_all_typeA_sli...
Compiling module xil_defaultlib.ila_0_ltlib_v1_0_0_all_typeA_sli...
Compiling module xil_defaultlib.ila_0_ltlib_v1_0_0_all_typeA_sli...
Compiling module xil_defaultlib.ila_0_ltlib_v1_0_0_all_typeA_sli...
Compiling module xil_defaultlib.ila_0_ltlib_v1_0_0_all_typeA__pa...
Compiling module xil_defaultlib.ila_0_ltlib_v1_0_0_allx_typeA__p...
Compiling module xil_defaultlib.ila_0_ltlib_v1_0_0_match__parame...
Compiling module xil_defaultlib.ila_0_ltlib_v1_0_0_all_typeA_sli...
Compiling module xil_defaultlib.ila_0_ltlib_v1_0_0_all_typeA_sli...
Compiling module xil_defaultlib.ila_0_ltlib_v1_0_0_all_typeA_sli...
Compiling module xil_defaultlib.ila_0_ltlib_v1_0_0_all_typeA_sli...
Compiling module xil_defaultlib.ila_0_ltlib_v1_0_0_all_typeA__pa...
Compiling module xil_defaultlib.ila_0_ltlib_v1_0_0_allx_typeA__p...
Compiling module xil_defaultlib.ila_0_ltlib_v1_0_0_match__parame...
Compiling module xil_defaultlib.ila_0_ltlib_v1_0_0_all_typeA_sli...
Compiling module xil_defaultlib.ila_0_ltlib_v1_0_0_all_typeA_sli...
Compiling module xil_defaultlib.ila_0_ltlib_v1_0_0_all_typeA_sli...
Compiling module xil_defaultlib.ila_0_ltlib_v1_0_0_all_typeA_sli...
Compiling module xil_defaultlib.ila_0_ltlib_v1_0_0_all_typeA__pa...
Compiling module xil_defaultlib.ila_0_ltlib_v1_0_0_allx_typeA__p...
Compiling module xil_defaultlib.ila_0_ltlib_v1_0_0_match__parame...
Compiling module xil_defaultlib.ila_0_ltlib_v1_0_0_all_typeA_sli...
Compiling module xil_defaultlib.ila_0_ltlib_v1_0_0_all_typeA_sli...
Compiling module xil_defaultlib.ila_0_ltlib_v1_0_0_all_typeA_sli...
Compiling module xil_defaultlib.ila_0_ltlib_v1_0_0_all_typeA_sli...
Compiling module xil_defaultlib.ila_0_ltlib_v1_0_0_all_typeA__pa...
Compiling module xil_defaultlib.ila_0_ltlib_v1_0_0_allx_typeA__p...
Compiling module xil_defaultlib.ila_0_ltlib_v1_0_0_match__parame...
Compiling module xil_defaultlib.ila_0_ila_v6_2_5_ila_trig_match
Compiling module unisims_ver.MUXF8
Compiling module xil_defaultlib.ila_0_ila_v6_2_5_ila_trigger
Compiling module xil_defaultlib.ila_0_ltlib_v1_0_0_generic_memrd
Compiling module xil_defaultlib.ila_0_ila_v6_2_5_ila_core
Compiling module xil_defaultlib.ila_0_ila_v6_2_5_ila
Compiling module xil_defaultlib.ila_0
Compiling module xil_defaultlib.adder__xbip_pipe_v3_0_4_viv
Compiling module xil_defaultlib.adder__xbip_dsp48e1_wrapper_v3_0
Compiling module xil_defaultlib.adder__xbip_dsp48_addsub_synth
Compiling module xil_defaultlib.adder__xbip_dsp48_addsub_v3_0_4_...
Compiling module xil_defaultlib.adder__xbip_addsub_v3_0_4_viv
Compiling module xil_defaultlib.adder__c_addsub_v12_0_11_viv
Compiling module xil_defaultlib.adder__c_addsub_v12_0_11
Compiling module xil_defaultlib.adder
Compiling module xil_defaultlib.ffd
Compiling module xil_defaultlib.ffd_0
Compiling module xil_defaultlib.multiplier__luts
Compiling module xil_defaultlib.multiplier__mult_gen_v12_0_13_vi...
Compiling module xil_defaultlib.multiplier__mult_gen_v12_0_13
Compiling module xil_defaultlib.multiplier
Compiling module xil_defaultlib.square_mag
Compiling module unisims_ver.BUFG
Compiling module unisims_ver.IBUF
Compiling module xil_defaultlib.vio_0_vio_v3_0_17_decoder
Compiling module xil_defaultlib.vio_0_vio_v3_0_17_probe_out_one
Compiling module xil_defaultlib.vio_0_vio_v3_0_17_probe_out_one_...
Compiling module xil_defaultlib.vio_0_vio_v3_0_17_probe_out_all
Compiling module xil_defaultlib.vio_0_xsdbs_v1_0_2_xsdbs
Compiling module xil_defaultlib.vio_0_vio_v3_0_17_vio
Compiling module xil_defaultlib.vio_0
Compiling module xil_defaultlib.energy_detection_fixed_th
Compiling module xil_defaultlib.tb_overall
Compiling module xil_defaultlib.glbl
Built simulation snapshot tb_overall_func_synth
