Vivado Simulator 2017.4
Copyright 1986-1999, 2001-2016 Xilinx, Inc. All Rights Reserved.
Running: F:/Xilinx/Vivado/2017.4/bin/unwrapped/win64.o/xelab.exe -wto adc9240614cb4e4398c3a52524468b6d --incr --debug typical --relax --mt 2 -L xbip_utils_v3_0_8 -L c_reg_fd_v12_0_4 -L xbip_dsp48_wrapper_v3_0_4 -L xbip_pipe_v3_0_4 -L xbip_dsp48_addsub_v3_0_4 -L xbip_addsub_v3_0_4 -L c_addsub_v12_0_11 -L xbip_dsp48_acc_v3_0_4 -L xbip_accum_v3_0_4 -L c_accum_v12_0_11 -L xil_defaultlib -L unisims_ver -L unimacro_ver -L secureip -L xpm --snapshot tb_accumulator_behav xil_defaultlib.tb_accumulator xil_defaultlib.glbl -log elaborate.log 
Using 2 slave threads.
Starting static elaboration
Completed static elaboration
Starting simulation data flow analysis
Completed simulation data flow analysis
Time Resolution for simulation is 1ps
Compiling package std.standard
Compiling package std.textio
Compiling package ieee.std_logic_1164
Compiling package ieee.numeric_std
Compiling package c_accum_v12_0_11.c_accum_v12_0_11_viv_comp
Compiling package xbip_utils_v3_0_8.xbip_utils_v3_0_8_pkg
Compiling package xbip_accum_v3_0_4.xbip_accum_v3_0_4_viv_comp
Compiling package ieee.std_logic_arith
Compiling package ieee.std_logic_unsigned
Compiling package xbip_accum_v3_0_4.xbip_accum_v3_0_4_pkg
Compiling package c_accum_v12_0_11.c_accum_v12_0_11_pkg
Compiling package xbip_dsp48_acc_v3_0_4.xbip_dsp48_acc_v3_0_4_viv_comp
Compiling package xbip_dsp48_acc_v3_0_4.xbip_dsp48_acc_v3_0_4_pkg
Compiling package xbip_dsp48_wrapper_v3_0_4.xbip_dsp48_wrapper_v3_0_4_pkg
Compiling package unisim.vcomponents
Compiling package ieee.std_logic_signed
Compiling package ieee.vital_timing
Compiling package ieee.vital_primitives
Compiling package unisim.vpkg
Compiling architecture dsp48e1_v of entity unisim.DSP48E1 [\DSP48E1(acascreg=0,adreg=0,alum...]
Compiling architecture dsp48e_v of entity unisim.DSP48E [\DSP48E(acascreg=0,alumodereg=0,...]
Compiling architecture synth of entity xbip_dsp48_wrapper_v3_0_4.xbip_dsp48e_wrapper_v3_0 [\xbip_dsp48e_wrapper_v3_0(preg=1...]
Compiling architecture synth of entity xbip_dsp48_acc_v3_0_4.xbip_dsp48_acc_synth [\xbip_dsp48_acc_synth(c_xdevicef...]
Compiling architecture synth of entity xbip_dsp48_acc_v3_0_4.xbip_dsp48_acc_v3_0_4_viv [\xbip_dsp48_acc_v3_0_4_viv(c_xde...]
Compiling architecture synth of entity xbip_accum_v3_0_4.xbip_accum_v3_0_4_viv [\xbip_accum_v3_0_4_viv(c_xdevice...]
Compiling architecture synth of entity c_accum_v12_0_11.c_accum_v12_0_11_viv [\c_accum_v12_0_11_viv(c_xdevicef...]
Compiling architecture xilinx of entity c_accum_v12_0_11.c_accum_v12_0_11 [\c_accum_v12_0_11(c_xdevicefamil...]
Compiling architecture accumulator_arch of entity xil_defaultlib.accumulator [accumulator_default]
Compiling module xil_defaultlib.tb_accumulator
Compiling module xil_defaultlib.glbl
Built simulation snapshot tb_accumulator_behav
