Vivado Simulator 2017.4
Time resolution is 1 ps
 Block Memory Generator module loading initial data...
 Block Memory Generator data initialization complete.
Block Memory Generator module tb_overall.energy_detection_fixed_th_inst.fft_t_inst.rom_32x1024_inst.inst.native_mem_module.blk_mem_gen_v8_4_1_inst is using a behavioral model for simulation which will not precisely model memory collision behavior.
Note: Actual FIFO Depth = 1024
Time: 0 ps  Iteration: 0
Note:  DEPTH = 1024 WIDTH = 36 C_RD_PRIM_WIDTH = 36 C_RD_PRIM_DEPTH = 1024 DEEP = 1 WIDE = 1
Time: 0 ps  Iteration: 0
Note: Actual FIFO Depth = 1024
Time: 0 ps  Iteration: 0
Note:  DEPTH = 1024 WIDTH = 36 C_RD_PRIM_WIDTH = 36 C_RD_PRIM_DEPTH = 1024 DEEP = 1 WIDE = 1
Time: 0 ps  Iteration: 0
 Block Memory Generator module loading initial data...
 Block Memory Generator data initialization complete.
Block Memory Generator module tb_overall.energy_detection_fixed_th_inst.fft_t_inst.rom_32x1024_inst.inst.native_mem_module.blk_mem_gen_v8_4_1_inst is using a behavioral model for simulation which will not precisely model memory collision behavior.
Note: Actual FIFO Depth = 1024
Time: 0 ps  Iteration: 0
Note:  DEPTH = 1024 WIDTH = 36 C_RD_PRIM_WIDTH = 36 C_RD_PRIM_DEPTH = 1024 DEEP = 1 WIDE = 1
Time: 0 ps  Iteration: 0
Note: Actual FIFO Depth = 1024
Time: 0 ps  Iteration: 0
Note:  DEPTH = 1024 WIDTH = 36 C_RD_PRIM_WIDTH = 36 C_RD_PRIM_DEPTH = 1024 DEEP = 1 WIDE = 1
Time: 0 ps  Iteration: 0
 Block Memory Generator module loading initial data...
 Block Memory Generator data initialization complete.
Block Memory Generator module tb_overall.energy_detection_fixed_th_inst.fft_t_inst.rom_32x1024_inst.inst.native_mem_module.blk_mem_gen_v8_4_1_inst is using a behavioral model for simulation which will not precisely model memory collision behavior.
Note: Actual FIFO Depth = 1024
Time: 0 ps  Iteration: 0
Note:  DEPTH = 1024 WIDTH = 36 C_RD_PRIM_WIDTH = 36 C_RD_PRIM_DEPTH = 1024 DEEP = 1 WIDE = 1
Time: 0 ps  Iteration: 0
Note: Actual FIFO Depth = 1024
Time: 0 ps  Iteration: 0
Note:  DEPTH = 1024 WIDTH = 36 C_RD_PRIM_WIDTH = 36 C_RD_PRIM_DEPTH = 1024 DEEP = 1 WIDE = 1
Time: 0 ps  Iteration: 0
