INFO: [VRFC 10-2263] Analyzing Verilog file "F:/Users/Lenovo/Desktop/fpga_zynq/energy_detection_2/vivado_prj/energy_detection_2.srcs/sources_1/ip/ila_0/sim/ila_0.v" into library xil_defaultlib
INFO: [VRFC 10-311] analyzing module ila_0
INFO: [VRFC 10-2263] Analyzing Verilog file "F:/Users/Lenovo/Desktop/fpga_zynq/energy_detection_2/vivado_prj/energy_detection_2.srcs/sources_1/ip/fifo/sim/fifo.v" into library xil_defaultlib
INFO: [VRFC 10-311] analyzing module fifo
INFO: [VRFC 10-2263] Analyzing Verilog file "F:/Users/Lenovo/Desktop/fpga_zynq/energy_detection_2/vivado_prj/energy_detection_2.srcs/sources_1/ip/rom_32x1024/sim/rom_32x1024.v" into library xil_defaultlib
INFO: [VRFC 10-311] analyzing module rom_32x1024
INFO: [VRFC 10-2263] Analyzing Verilog file "F:/Users/Lenovo/Desktop/fpga_zynq/energy_detection_2/vivado_prj/energy_detection_2.srcs/sources_1/new/CU_fft_controller.v" into library xil_defaultlib
INFO: [VRFC 10-311] analyzing module CU_fft_controller
INFO: [VRFC 10-2263] Analyzing Verilog file "F:/Users/Lenovo/Desktop/fpga_zynq/energy_detection_2/vivado_prj/energy_detection_2.srcs/sources_1/new/control_unit_detection.v" into library xil_defaultlib
INFO: [VRFC 10-311] analyzing module control_unit_detection
INFO: [VRFC 10-2263] Analyzing Verilog file "F:/Users/Lenovo/Desktop/fpga_zynq/energy_detection_2/vivado_prj/energy_detection_2.srcs/sources_1/new/control_unit_ed.v" into library xil_defaultlib
INFO: [VRFC 10-311] analyzing module control_unit_ed
INFO: [VRFC 10-2263] Analyzing Verilog file "F:/Users/Lenovo/Desktop/fpga_zynq/energy_detection_2/vivado_prj/energy_detection_2.srcs/sources_1/new/control_unit_fft.v" into library xil_defaultlib
INFO: [VRFC 10-311] analyzing module control_unit_fft
INFO: [VRFC 10-2263] Analyzing Verilog file "F:/Users/Lenovo/Desktop/fpga_zynq/energy_detection_2/vivado_prj/energy_detection_2.srcs/sources_1/new/control_unit_packing.v" into library xil_defaultlib
INFO: [VRFC 10-311] analyzing module control_unit_packing
INFO: [VRFC 10-2263] Analyzing Verilog file "F:/Users/Lenovo/Desktop/fpga_zynq/energy_detection_2/vivado_prj/energy_detection_2.srcs/sources_1/new/datapath_fft_control.v" into library xil_defaultlib
INFO: [VRFC 10-311] analyzing module datapath_fft_controller
INFO: [VRFC 10-2263] Analyzing Verilog file "F:/Users/Lenovo/Desktop/fpga_zynq/energy_detection_2/vivado_prj/energy_detection_2.srcs/sources_1/new/datapath_unit_ed.v" into library xil_defaultlib
INFO: [VRFC 10-311] analyzing module datapath_unit_ed
INFO: [VRFC 10-2263] Analyzing Verilog file "F:/Users/Lenovo/Desktop/fpga_zynq/energy_detection_2/vivado_prj/energy_detection_2.srcs/sources_1/new/energy_detection_fixed_th.v" into library xil_defaultlib
INFO: [VRFC 10-311] analyzing module energy_detection_fixed_th
INFO: [VRFC 10-2263] Analyzing Verilog file "F:/Users/Lenovo/Desktop/fpga_zynq/energy_detection_2/vivado_prj/energy_detection_2.srcs/sources_1/new/energy_detection_module.v" into library xil_defaultlib
INFO: [VRFC 10-311] analyzing module energy_detection_module
INFO: [VRFC 10-2263] Analyzing Verilog file "F:/Users/Lenovo/Desktop/fpga_zynq/energy_detection_2/vivado_prj/energy_detection_2.srcs/sources_1/new/ffd.v" into library xil_defaultlib
INFO: [VRFC 10-311] analyzing module ffd
INFO: [VRFC 10-2263] Analyzing Verilog file "F:/Users/Lenovo/Desktop/fpga_zynq/energy_detection_2/vivado_prj/energy_detection_2.srcs/sources_1/new/ffd_en.v" into library xil_defaultlib
INFO: [VRFC 10-311] analyzing module ffd_en
INFO: [VRFC 10-2263] Analyzing Verilog file "F:/Users/Lenovo/Desktop/fpga_zynq/energy_detection_2/vivado_prj/energy_detection_2.srcs/sources_1/new/fft_t.v" into library xil_defaultlib
INFO: [VRFC 10-311] analyzing module fft_t
INFO: [VRFC 10-2263] Analyzing Verilog file "F:/Users/Lenovo/Desktop/fpga_zynq/energy_detection_2/vivado_prj/energy_detection_2.srcs/sources_1/new/square_mag.v" into library xil_defaultlib
INFO: [VRFC 10-311] analyzing module square_mag
INFO: [VRFC 10-2263] Analyzing Verilog file "F:/Users/Lenovo/Desktop/fpga_zynq/energy_detection_2/vivado_prj/energy_detection_2.srcs/sim_1/new/tb_overall.v" into library xil_defaultlib
INFO: [VRFC 10-311] analyzing module tb_overall
