#-----------------------------------------------------------
# Vivado v2017.4 (64-bit)
# SW Build 2086221 on Fri Dec 15 20:55:39 MST 2017
# IP Build 2085800 on Fri Dec 15 22:25:07 MST 2017
# Start of session at: Sat Nov 18 13:10:26 2023
# Process ID: 1732
# Current directory: F:/Users/Lenovo/Desktop/fpga_zynq/energy_detection_2/vivado_prj
# Command line: vivado.exe -gui_launcher_event rodinguilauncherevent14076 F:\Users\Lenovo\Desktop\fpga_zynq\energy_detection_2\vivado_prj\energy_detection_2.xpr
# Log file: F:/Users/Lenovo/Desktop/fpga_zynq/energy_detection_2/vivado_prj/vivado.log
# Journal file: F:/Users/Lenovo/Desktop/fpga_zynq/energy_detection_2/vivado_prj\vivado.jou
#-----------------------------------------------------------
start_gui
open_project F:/Users/Lenovo/Desktop/fpga_zynq/energy_detection_2/vivado_prj/energy_detection_2.xpr
Scanning sources...
Finished scanning sources
INFO: [IP_Flow 19-234] Refreshing IP repositories
INFO: [IP_Flow 19-1704] No user IP repositories specified
INFO: [IP_Flow 19-2313] Loaded Vivado IP repository 'F:/Xilinx/Vivado/2017.4/data/ip'.
open_project: Time (s): cpu = 00:00:11 ; elapsed = 00:00:10 . Memory (MB): peak = 840.781 ; gain = 123.941
update_compile_order -fileset sources_1
exit
INFO: [Common 17-206] Exiting Vivado at Sat Nov 18 13:11:14 2023...
