#-----------------------------------------------------------
# Vivado v2017.4 (64-bit)
# SW Build 2086221 on Fri Dec 15 20:55:39 MST 2017
# IP Build 2085800 on Fri Dec 15 22:25:07 MST 2017
# Start of session at: Wed Sep 27 08:51:34 2023
# Process ID: 14948
# Current directory: F:/Users/Lenovo/Desktop/fpga_zynq/energy_detection_2/vivado_prj
# Command line: vivado.exe -gui_launcher_event rodinguilauncherevent14640 F:\Users\Lenovo\Desktop\fpga_zynq\energy_detection_2\vivado_prj\energy_detection_2.xpr
# Log file: F:/Users/Lenovo/Desktop/fpga_zynq/energy_detection_2/vivado_prj/vivado.log
# Journal file: F:/Users/Lenovo/Desktop/fpga_zynq/energy_detection_2/vivado_prj\vivado.jou
#-----------------------------------------------------------
start_gui
open_project F:/Users/Lenovo/Desktop/fpga_zynq/energy_detection_2/vivado_prj/energy_detection_2.xpr
Scanning sources...
Finished scanning sources
INFO: [IP_Flow 19-234] Refreshing IP repositories
INFO: [IP_Flow 19-1704] No user IP repositories specified
INFO: [IP_Flow 19-2313] Loaded Vivado IP repository 'F:/Xilinx/Vivado/2017.4/data/ip'.
open_project: Time (s): cpu = 00:00:10 ; elapsed = 00:00:09 . Memory (MB): peak = 794.547 ; gain = 129.262
update_compile_order -fileset sources_1
set_property SOURCE_SET sources_1 [get_filesets sim_1]
close [ open F:/Users/Lenovo/Desktop/fpga_zynq/energy_detection_2/vivado_prj/energy_detection_2.srcs/sim_1/new/tb_fft_squaremg_ed_fixed.v w ]
add_files -fileset sim_1 F:/Users/Lenovo/Desktop/fpga_zynq/energy_detection_2/vivado_prj/energy_detection_2.srcs/sim_1/new/tb_fft_squaremg_ed_fixed.v
update_compile_order -fileset sim_1
create_fileset -simset sim_2
set_property SOURCE_SET sources_1 [get_filesets sim_2]
WARNING: [filemgmt 56-199] Attempt to get parsing info during refresh. "On-the-fly" syntax checking information may be incorrect. [F:/Users/Lenovo/Desktop/fpga_zynq/energy_detection_2/vivado_prj/energy_detection_2.srcs/sources_1/new/control_unit_packing.v:]
WARNING: [filemgmt 56-199] Attempt to get parsing info during refresh. "On-the-fly" syntax checking information may be incorrect. [F:/Users/Lenovo/Desktop/fpga_zynq/energy_detection_2/vivado_prj/energy_detection_2.srcs/sim_1/new/tb_energy_detection_module.v:]
WARNING: [filemgmt 56-199] Attempt to get parsing info during refresh. "On-the-fly" syntax checking information may be incorrect. [F:/Users/Lenovo/Desktop/fpga_zynq/energy_detection_2/vivado_prj/energy_detection_2.srcs/sources_1/new/energy_detection_module.v:]
WARNING: [filemgmt 56-199] Attempt to get parsing info during refresh. "On-the-fly" syntax checking information may be incorrect. [F:/Users/Lenovo/Desktop/fpga_zynq/energy_detection_2/vivado_prj/energy_detection_2.srcs/sources_1/new/control_unit_detection.v:]
WARNING: [filemgmt 56-199] Attempt to get parsing info during refresh. "On-the-fly" syntax checking information may be incorrect. [F:/Users/Lenovo/Desktop/fpga_zynq/energy_detection_2/vivado_prj/energy_detection_2.srcs/sim_1/new/tb_fft_squaremg_ed_fixed.v:]
WARNING: [filemgmt 56-199] Attempt to get parsing info during refresh. "On-the-fly" syntax checking information may be incorrect. [F:/Users/Lenovo/Desktop/fpga_zynq/energy_detection_2/vivado_prj/energy_detection_2.srcs/sources_1/new/datapath_unit_ed.v:]
WARNING: [filemgmt 56-199] Attempt to get parsing info during refresh. "On-the-fly" syntax checking information may be incorrect. [F:/Users/Lenovo/Desktop/fpga_zynq/energy_detection_2/vivado_prj/energy_detection_2.srcs/sim_1/new/tb_fft_and_square_mag.v:]
WARNING: [filemgmt 56-199] Attempt to get parsing info during refresh. "On-the-fly" syntax checking information may be incorrect. [F:/Users/Lenovo/Desktop/fpga_zynq/energy_detection_2/vivado_prj/energy_detection_2.srcs/sources_1/new/control_unit_ed.v:]
WARNING: [filemgmt 56-199] Attempt to get parsing info during refresh. "On-the-fly" syntax checking information may be incorrect. [F:/Users/Lenovo/Desktop/fpga_zynq/energy_detection_2/vivado_prj/energy_detection_2.srcs/sources_1/new/fft.v:]
WARNING: [filemgmt 56-199] Attempt to get parsing info during refresh. "On-the-fly" syntax checking information may be incorrect. [F:/Users/Lenovo/Desktop/fpga_zynq/energy_detection_2/vivado_prj/energy_detection_2.srcs/sim_1/new/tb_fft.v:]
WARNING: [filemgmt 56-199] Attempt to get parsing info during refresh. "On-the-fly" syntax checking information may be incorrect. [F:/Users/Lenovo/Desktop/fpga_zynq/energy_detection_2/vivado_prj/energy_detection_2.srcs/sources_1/new/control_unit_packing.v:]
WARNING: [filemgmt 56-199] Attempt to get parsing info during refresh. "On-the-fly" syntax checking information may be incorrect. [F:/Users/Lenovo/Desktop/fpga_zynq/energy_detection_2/vivado_prj/energy_detection_2.srcs/sim_1/new/tb_energy_detection_module.v:]
WARNING: [filemgmt 56-199] Attempt to get parsing info during refresh. "On-the-fly" syntax checking information may be incorrect. [F:/Users/Lenovo/Desktop/fpga_zynq/energy_detection_2/vivado_prj/energy_detection_2.srcs/sources_1/new/energy_detection_module.v:]
WARNING: [filemgmt 56-199] Attempt to get parsing info during refresh. "On-the-fly" syntax checking information may be incorrect. [F:/Users/Lenovo/Desktop/fpga_zynq/energy_detection_2/vivado_prj/energy_detection_2.srcs/sources_1/new/control_unit_detection.v:]
WARNING: [filemgmt 56-199] Attempt to get parsing info during refresh. "On-the-fly" syntax checking information may be incorrect. [F:/Users/Lenovo/Desktop/fpga_zynq/energy_detection_2/vivado_prj/energy_detection_2.srcs/sim_1/new/tb_fft_squaremg_ed_fixed.v:]
WARNING: [filemgmt 56-199] Attempt to get parsing info during refresh. "On-the-fly" syntax checking information may be incorrect. [F:/Users/Lenovo/Desktop/fpga_zynq/energy_detection_2/vivado_prj/energy_detection_2.srcs/sources_1/new/datapath_unit_ed.v:]
WARNING: [filemgmt 56-199] Attempt to get parsing info during refresh. "On-the-fly" syntax checking information may be incorrect. [F:/Users/Lenovo/Desktop/fpga_zynq/energy_detection_2/vivado_prj/energy_detection_2.srcs/sim_1/new/tb_fft_and_square_mag.v:]
WARNING: [filemgmt 56-199] Attempt to get parsing info during refresh. "On-the-fly" syntax checking information may be incorrect. [F:/Users/Lenovo/Desktop/fpga_zynq/energy_detection_2/vivado_prj/energy_detection_2.srcs/sources_1/new/control_unit_ed.v:]
WARNING: [filemgmt 56-199] Attempt to get parsing info during refresh. "On-the-fly" syntax checking information may be incorrect. [F:/Users/Lenovo/Desktop/fpga_zynq/energy_detection_2/vivado_prj/energy_detection_2.srcs/sources_1/new/fft.v:]
WARNING: [filemgmt 56-199] Attempt to get parsing info during refresh. "On-the-fly" syntax checking information may be incorrect. [F:/Users/Lenovo/Desktop/fpga_zynq/energy_detection_2/vivado_prj/energy_detection_2.srcs/sim_1/new/tb_fft.v:]
WARNING: [filemgmt 56-199] Attempt to get parsing info during refresh. "On-the-fly" syntax checking information may be incorrect. [F:/Users/Lenovo/Desktop/fpga_zynq/energy_detection_2/vivado_prj/energy_detection_2.srcs/sources_1/new/control_unit_packing.v:]
WARNING: [filemgmt 56-199] Attempt to get parsing info during refresh. "On-the-fly" syntax checking information may be incorrect. [F:/Users/Lenovo/Desktop/fpga_zynq/energy_detection_2/vivado_prj/energy_detection_2.srcs/sim_1/new/tb_energy_detection_module.v:]
WARNING: [filemgmt 56-199] Attempt to get parsing info during refresh. "On-the-fly" syntax checking information may be incorrect. [F:/Users/Lenovo/Desktop/fpga_zynq/energy_detection_2/vivado_prj/energy_detection_2.srcs/sources_1/new/energy_detection_module.v:]
WARNING: [filemgmt 56-199] Attempt to get parsing info during refresh. "On-the-fly" syntax checking information may be incorrect. [F:/Users/Lenovo/Desktop/fpga_zynq/energy_detection_2/vivado_prj/energy_detection_2.srcs/sources_1/new/control_unit_detection.v:]
WARNING: [filemgmt 56-199] Attempt to get parsing info during refresh. "On-the-fly" syntax checking information may be incorrect. [F:/Users/Lenovo/Desktop/fpga_zynq/energy_detection_2/vivado_prj/energy_detection_2.srcs/sim_1/new/tb_fft_squaremg_ed_fixed.v:]
WARNING: [filemgmt 56-199] Attempt to get parsing info during refresh. "On-the-fly" syntax checking information may be incorrect. [F:/Users/Lenovo/Desktop/fpga_zynq/energy_detection_2/vivado_prj/energy_detection_2.srcs/sources_1/new/datapath_unit_ed.v:]
WARNING: [filemgmt 56-199] Attempt to get parsing info during refresh. "On-the-fly" syntax checking information may be incorrect. [F:/Users/Lenovo/Desktop/fpga_zynq/energy_detection_2/vivado_prj/energy_detection_2.srcs/sim_1/new/tb_fft_and_square_mag.v:]
WARNING: [filemgmt 56-199] Attempt to get parsing info during refresh. "On-the-fly" syntax checking information may be incorrect. [F:/Users/Lenovo/Desktop/fpga_zynq/energy_detection_2/vivado_prj/energy_detection_2.srcs/sources_1/new/control_unit_ed.v:]
WARNING: [filemgmt 56-199] Attempt to get parsing info during refresh. "On-the-fly" syntax checking information may be incorrect. [F:/Users/Lenovo/Desktop/fpga_zynq/energy_detection_2/vivado_prj/energy_detection_2.srcs/sources_1/new/fft.v:]
WARNING: [filemgmt 56-199] Attempt to get parsing info during refresh. "On-the-fly" syntax checking information may be incorrect. [F:/Users/Lenovo/Desktop/fpga_zynq/energy_detection_2/vivado_prj/energy_detection_2.srcs/sim_1/new/tb_fft.v:]
WARNING: [filemgmt 56-199] Attempt to get parsing info during refresh. "On-the-fly" syntax checking information may be incorrect. [F:/Users/Lenovo/Desktop/fpga_zynq/energy_detection_2/vivado_prj/energy_detection_2.srcs/sources_1/new/control_unit_packing.v:]
WARNING: [filemgmt 56-199] Attempt to get parsing info during refresh. "On-the-fly" syntax checking information may be incorrect. [F:/Users/Lenovo/Desktop/fpga_zynq/energy_detection_2/vivado_prj/energy_detection_2.srcs/sim_1/new/tb_energy_detection_module.v:]
WARNING: [filemgmt 56-199] Attempt to get parsing info during refresh. "On-the-fly" syntax checking information may be incorrect. [F:/Users/Lenovo/Desktop/fpga_zynq/energy_detection_2/vivado_prj/energy_detection_2.srcs/sources_1/new/energy_detection_module.v:]
WARNING: [filemgmt 56-199] Attempt to get parsing info during refresh. "On-the-fly" syntax checking information may be incorrect. [F:/Users/Lenovo/Desktop/fpga_zynq/energy_detection_2/vivado_prj/energy_detection_2.srcs/sources_1/new/control_unit_detection.v:]
WARNING: [filemgmt 56-199] Attempt to get parsing info during refresh. "On-the-fly" syntax checking information may be incorrect. [F:/Users/Lenovo/Desktop/fpga_zynq/energy_detection_2/vivado_prj/energy_detection_2.srcs/sim_1/new/tb_fft_squaremg_ed_fixed.v:]
WARNING: [filemgmt 56-199] Attempt to get parsing info during refresh. "On-the-fly" syntax checking information may be incorrect. [F:/Users/Lenovo/Desktop/fpga_zynq/energy_detection_2/vivado_prj/energy_detection_2.srcs/sources_1/new/datapath_unit_ed.v:]
WARNING: [filemgmt 56-199] Attempt to get parsing info during refresh. "On-the-fly" syntax checking information may be incorrect. [F:/Users/Lenovo/Desktop/fpga_zynq/energy_detection_2/vivado_prj/energy_detection_2.srcs/sim_1/new/tb_fft_and_square_mag.v:]
WARNING: [filemgmt 56-199] Attempt to get parsing info during refresh. "On-the-fly" syntax checking information may be incorrect. [F:/Users/Lenovo/Desktop/fpga_zynq/energy_detection_2/vivado_prj/energy_detection_2.srcs/sources_1/new/control_unit_ed.v:]
WARNING: [filemgmt 56-199] Attempt to get parsing info during refresh. "On-the-fly" syntax checking information may be incorrect. [F:/Users/Lenovo/Desktop/fpga_zynq/energy_detection_2/vivado_prj/energy_detection_2.srcs/sources_1/new/fft.v:]
WARNING: [filemgmt 56-199] Attempt to get parsing info during refresh. "On-the-fly" syntax checking information may be incorrect. [F:/Users/Lenovo/Desktop/fpga_zynq/energy_detection_2/vivado_prj/energy_detection_2.srcs/sim_1/new/tb_fft.v:]
WARNING: [filemgmt 56-199] Attempt to get parsing info during refresh. "On-the-fly" syntax checking information may be incorrect. [F:/Users/Lenovo/Desktop/fpga_zynq/energy_detection_2/vivado_prj/energy_detection_2.srcs/sources_1/new/control_unit_packing.v:]
WARNING: [filemgmt 56-199] Attempt to get parsing info during refresh. "On-the-fly" syntax checking information may be incorrect. [F:/Users/Lenovo/Desktop/fpga_zynq/energy_detection_2/vivado_prj/energy_detection_2.srcs/sim_1/new/tb_energy_detection_module.v:]
WARNING: [filemgmt 56-199] Attempt to get parsing info during refresh. "On-the-fly" syntax checking information may be incorrect. [F:/Users/Lenovo/Desktop/fpga_zynq/energy_detection_2/vivado_prj/energy_detection_2.srcs/sources_1/new/energy_detection_module.v:]
WARNING: [filemgmt 56-199] Attempt to get parsing info during refresh. "On-the-fly" syntax checking information may be incorrect. [F:/Users/Lenovo/Desktop/fpga_zynq/energy_detection_2/vivado_prj/energy_detection_2.srcs/sources_1/new/control_unit_detection.v:]
WARNING: [filemgmt 56-199] Attempt to get parsing info during refresh. "On-the-fly" syntax checking information may be incorrect. [F:/Users/Lenovo/Desktop/fpga_zynq/energy_detection_2/vivado_prj/energy_detection_2.srcs/sim_1/new/tb_fft_squaremg_ed_fixed.v:]
WARNING: [filemgmt 56-199] Attempt to get parsing info during refresh. "On-the-fly" syntax checking information may be incorrect. [F:/Users/Lenovo/Desktop/fpga_zynq/energy_detection_2/vivado_prj/energy_detection_2.srcs/sources_1/new/datapath_unit_ed.v:]
WARNING: [filemgmt 56-199] Attempt to get parsing info during refresh. "On-the-fly" syntax checking information may be incorrect. [F:/Users/Lenovo/Desktop/fpga_zynq/energy_detection_2/vivado_prj/energy_detection_2.srcs/sim_1/new/tb_fft_and_square_mag.v:]
WARNING: [filemgmt 56-199] Attempt to get parsing info during refresh. "On-the-fly" syntax checking information may be incorrect. [F:/Users/Lenovo/Desktop/fpga_zynq/energy_detection_2/vivado_prj/energy_detection_2.srcs/sources_1/new/control_unit_ed.v:]
WARNING: [filemgmt 56-199] Attempt to get parsing info during refresh. "On-the-fly" syntax checking information may be incorrect. [F:/Users/Lenovo/Desktop/fpga_zynq/energy_detection_2/vivado_prj/energy_detection_2.srcs/sources_1/new/fft.v:]
WARNING: [filemgmt 56-199] Attempt to get parsing info during refresh. "On-the-fly" syntax checking information may be incorrect. [F:/Users/Lenovo/Desktop/fpga_zynq/energy_detection_2/vivado_prj/energy_detection_2.srcs/sim_1/new/tb_fft.v:]
WARNING: [filemgmt 56-199] Attempt to get parsing info during refresh. "On-the-fly" syntax checking information may be incorrect. [F:/Users/Lenovo/Desktop/fpga_zynq/energy_detection_2/vivado_prj/energy_detection_2.srcs/sources_1/new/control_unit_packing.v:]
WARNING: [filemgmt 56-199] Attempt to get parsing info during refresh. "On-the-fly" syntax checking information may be incorrect. [F:/Users/Lenovo/Desktop/fpga_zynq/energy_detection_2/vivado_prj/energy_detection_2.srcs/sim_1/new/tb_energy_detection_module.v:]
WARNING: [filemgmt 56-199] Attempt to get parsing info during refresh. "On-the-fly" syntax checking information may be incorrect. [F:/Users/Lenovo/Desktop/fpga_zynq/energy_detection_2/vivado_prj/energy_detection_2.srcs/sources_1/new/energy_detection_module.v:]
WARNING: [filemgmt 56-199] Attempt to get parsing info during refresh. "On-the-fly" syntax checking information may be incorrect. [F:/Users/Lenovo/Desktop/fpga_zynq/energy_detection_2/vivado_prj/energy_detection_2.srcs/sources_1/new/control_unit_detection.v:]
WARNING: [filemgmt 56-199] Attempt to get parsing info during refresh. "On-the-fly" syntax checking information may be incorrect. [F:/Users/Lenovo/Desktop/fpga_zynq/energy_detection_2/vivado_prj/energy_detection_2.srcs/sim_1/new/tb_fft_squaremg_ed_fixed.v:]
WARNING: [filemgmt 56-199] Attempt to get parsing info during refresh. "On-the-fly" syntax checking information may be incorrect. [F:/Users/Lenovo/Desktop/fpga_zynq/energy_detection_2/vivado_prj/energy_detection_2.srcs/sources_1/new/datapath_unit_ed.v:]
WARNING: [filemgmt 56-199] Attempt to get parsing info during refresh. "On-the-fly" syntax checking information may be incorrect. [F:/Users/Lenovo/Desktop/fpga_zynq/energy_detection_2/vivado_prj/energy_detection_2.srcs/sim_1/new/tb_fft_and_square_mag.v:]
WARNING: [filemgmt 56-199] Attempt to get parsing info during refresh. "On-the-fly" syntax checking information may be incorrect. [F:/Users/Lenovo/Desktop/fpga_zynq/energy_detection_2/vivado_prj/energy_detection_2.srcs/sources_1/new/control_unit_ed.v:]
WARNING: [filemgmt 56-199] Attempt to get parsing info during refresh. "On-the-fly" syntax checking information may be incorrect. [F:/Users/Lenovo/Desktop/fpga_zynq/energy_detection_2/vivado_prj/energy_detection_2.srcs/sources_1/new/fft.v:]
WARNING: [filemgmt 56-199] Attempt to get parsing info during refresh. "On-the-fly" syntax checking information may be incorrect. [F:/Users/Lenovo/Desktop/fpga_zynq/energy_detection_2/vivado_prj/energy_detection_2.srcs/sim_1/new/tb_fft.v:]
current_fileset -simset [ get_filesets sim_2 ]
set_property top tb_fft_squaremg_ed_fixed [get_filesets sim_2]
set_property top_lib xil_defaultlib [get_filesets sim_2]
set_property SOURCE_SET sources_1 [get_filesets sim_2]
set_property top tb_fft_squaremg_ed_fixed [get_filesets sim_2]
set_property top_lib xil_defaultlib [get_filesets sim_2]
exit
INFO: [Common 17-206] Exiting Vivado at Wed Sep 27 09:54:03 2023...
