
*** Running vivado
    with args -log rom_32x1024.vds -m64 -product Vivado -mode batch -messageDb vivado.pb -notrace -source rom_32x1024.tcl


****** Vivado v2017.4 (64-bit)
  **** SW Build 2086221 on Fri Dec 15 20:55:39 MST 2017
  **** IP Build 2085800 on Fri Dec 15 22:25:07 MST 2017
    ** Copyright 1986-2017 Xilinx, Inc. All Rights Reserved.

source rom_32x1024.tcl -notrace
Command: synth_design -top rom_32x1024 -part xc7z010clg400-1 -mode out_of_context
Starting synth_design
Attempting to get a license for feature 'Synthesis' and/or device 'xc7z010'
INFO: [Common 17-349] Got license for feature 'Synthesis' and/or device 'xc7z010'
INFO: Launching helper process for spawning children vivado processes
INFO: Helper process launched with PID 17396 
---------------------------------------------------------------------------------
Starting RTL Elaboration : Time (s): cpu = 00:00:04 ; elapsed = 00:00:10 . Memory (MB): peak = 344.355 ; gain = 99.547
---------------------------------------------------------------------------------
INFO: [Synth 8-638] synthesizing module 'rom_32x1024' [f:/Users/Lenovo/Desktop/fpga_zynq/energy_detection_2/vivado_prj/energy_detection_2.srcs/sources_1/ip/rom_32x1024/synth/rom_32x1024.vhd:69]
	Parameter C_FAMILY bound to: zynq - type: string 
	Parameter C_XDEVICEFAMILY bound to: zynq - type: string 
	Parameter C_ELABORATION_DIR bound to: ./ - type: string 
	Parameter C_INTERFACE_TYPE bound to: 0 - type: integer 
	Parameter C_AXI_TYPE bound to: 1 - type: integer 
	Parameter C_AXI_SLAVE_TYPE bound to: 0 - type: integer 
	Parameter C_USE_BRAM_BLOCK bound to: 0 - type: integer 
	Parameter C_ENABLE_32BIT_ADDRESS bound to: 0 - type: integer 
	Parameter C_CTRL_ECC_ALGO bound to: NONE - type: string 
	Parameter C_HAS_AXI_ID bound to: 0 - type: integer 
	Parameter C_AXI_ID_WIDTH bound to: 4 - type: integer 
	Parameter C_MEM_TYPE bound to: 3 - type: integer 
	Parameter C_BYTE_SIZE bound to: 9 - type: integer 
	Parameter C_ALGORITHM bound to: 1 - type: integer 
	Parameter C_PRIM_TYPE bound to: 1 - type: integer 
	Parameter C_LOAD_INIT_FILE bound to: 1 - type: integer 
	Parameter C_INIT_FILE_NAME bound to: rom_32x1024.mif - type: string 
	Parameter C_INIT_FILE bound to: rom_32x1024.mem - type: string 
	Parameter C_USE_DEFAULT_DATA bound to: 0 - type: integer 
	Parameter C_DEFAULT_DATA bound to: 0 - type: string 
	Parameter C_HAS_RSTA bound to: 1 - type: integer 
	Parameter C_RST_PRIORITY_A bound to: CE - type: string 
	Parameter C_RSTRAM_A bound to: 0 - type: integer 
	Parameter C_INITA_VAL bound to: 0 - type: string 
	Parameter C_HAS_ENA bound to: 0 - type: integer 
	Parameter C_HAS_REGCEA bound to: 0 - type: integer 
	Parameter C_USE_BYTE_WEA bound to: 0 - type: integer 
	Parameter C_WEA_WIDTH bound to: 1 - type: integer 
	Parameter C_WRITE_MODE_A bound to: WRITE_FIRST - type: string 
	Parameter C_WRITE_WIDTH_A bound to: 32 - type: integer 
	Parameter C_READ_WIDTH_A bound to: 32 - type: integer 
	Parameter C_WRITE_DEPTH_A bound to: 1024 - type: integer 
	Parameter C_READ_DEPTH_A bound to: 1024 - type: integer 
	Parameter C_ADDRA_WIDTH bound to: 10 - type: integer 
	Parameter C_HAS_RSTB bound to: 0 - type: integer 
	Parameter C_RST_PRIORITY_B bound to: CE - type: string 
	Parameter C_RSTRAM_B bound to: 0 - type: integer 
	Parameter C_INITB_VAL bound to: 0 - type: string 
	Parameter C_HAS_ENB bound to: 0 - type: integer 
	Parameter C_HAS_REGCEB bound to: 0 - type: integer 
	Parameter C_USE_BYTE_WEB bound to: 0 - type: integer 
	Parameter C_WEB_WIDTH bound to: 1 - type: integer 
	Parameter C_WRITE_MODE_B bound to: WRITE_FIRST - type: string 
	Parameter C_WRITE_WIDTH_B bound to: 32 - type: integer 
	Parameter C_READ_WIDTH_B bound to: 32 - type: integer 
	Parameter C_WRITE_DEPTH_B bound to: 1024 - type: integer 
	Parameter C_READ_DEPTH_B bound to: 1024 - type: integer 
	Parameter C_ADDRB_WIDTH bound to: 10 - type: integer 
	Parameter C_HAS_MEM_OUTPUT_REGS_A bound to: 0 - type: integer 
	Parameter C_HAS_MEM_OUTPUT_REGS_B bound to: 0 - type: integer 
	Parameter C_HAS_MUX_OUTPUT_REGS_A bound to: 0 - type: integer 
	Parameter C_HAS_MUX_OUTPUT_REGS_B bound to: 0 - type: integer 
	Parameter C_MUX_PIPELINE_STAGES bound to: 0 - type: integer 
	Parameter C_HAS_SOFTECC_INPUT_REGS_A bound to: 0 - type: integer 
	Parameter C_HAS_SOFTECC_OUTPUT_REGS_B bound to: 0 - type: integer 
	Parameter C_USE_SOFTECC bound to: 0 - type: integer 
	Parameter C_USE_ECC bound to: 0 - type: integer 
	Parameter C_EN_ECC_PIPE bound to: 0 - type: integer 
	Parameter C_HAS_INJECTERR bound to: 0 - type: integer 
	Parameter C_SIM_COLLISION_CHECK bound to: ALL - type: string 
	Parameter C_COMMON_CLK bound to: 0 - type: integer 
	Parameter C_DISABLE_WARN_BHV_COLL bound to: 0 - type: integer 
	Parameter C_EN_SLEEP_PIN bound to: 0 - type: integer 
	Parameter C_USE_URAM bound to: 0 - type: integer 
	Parameter C_EN_RDADDRA_CHG bound to: 0 - type: integer 
	Parameter C_EN_RDADDRB_CHG bound to: 0 - type: integer 
	Parameter C_EN_DEEPSLEEP_PIN bound to: 0 - type: integer 
	Parameter C_EN_SHUTDOWN_PIN bound to: 0 - type: integer 
	Parameter C_EN_SAFETY_CKT bound to: 1 - type: integer 
	Parameter C_DISABLE_WARN_BHV_RANGE bound to: 0 - type: integer 
	Parameter C_COUNT_36K_BRAM bound to: 1 - type: string 
	Parameter C_COUNT_18K_BRAM bound to: 0 - type: string 
	Parameter C_EST_POWER_SUMMARY bound to: Estimated Power for IP     :     2.622 mW - type: string 
INFO: [Synth 8-3491] module 'blk_mem_gen_v8_4_1' declared at 'f:/Users/Lenovo/Desktop/fpga_zynq/energy_detection_2/vivado_prj/energy_detection_2.srcs/sources_1/ip/rom_32x1024/hdl/blk_mem_gen_v8_4_vhsyn_rfs.vhd:195313' bound to instance 'U0' of component 'blk_mem_gen_v8_4_1' [f:/Users/Lenovo/Desktop/fpga_zynq/energy_detection_2/vivado_prj/energy_detection_2.srcs/sources_1/ip/rom_32x1024/synth/rom_32x1024.vhd:231]
INFO: [Synth 8-256] done synthesizing module 'rom_32x1024' (9#1) [f:/Users/Lenovo/Desktop/fpga_zynq/energy_detection_2/vivado_prj/energy_detection_2.srcs/sources_1/ip/rom_32x1024/synth/rom_32x1024.vhd:69]
WARNING: [Synth 8-3331] design blk_mem_gen_prim_wrapper_init has unconnected port SSRA
WARNING: [Synth 8-3331] design blk_mem_gen_prim_wrapper_init has unconnected port CLKB
WARNING: [Synth 8-3331] design blk_mem_gen_prim_wrapper_init has unconnected port SSRB
WARNING: [Synth 8-3331] design blk_mem_gen_prim_wrapper_init has unconnected port ENB
WARNING: [Synth 8-3331] design blk_mem_gen_prim_wrapper_init has unconnected port REGCEB
WARNING: [Synth 8-3331] design blk_mem_gen_prim_wrapper_init has unconnected port WEB[0]
WARNING: [Synth 8-3331] design blk_mem_gen_prim_wrapper_init has unconnected port ADDRB[9]
WARNING: [Synth 8-3331] design blk_mem_gen_prim_wrapper_init has unconnected port ADDRB[8]
WARNING: [Synth 8-3331] design blk_mem_gen_prim_wrapper_init has unconnected port ADDRB[7]
WARNING: [Synth 8-3331] design blk_mem_gen_prim_wrapper_init has unconnected port ADDRB[6]
WARNING: [Synth 8-3331] design blk_mem_gen_prim_wrapper_init has unconnected port ADDRB[5]
WARNING: [Synth 8-3331] design blk_mem_gen_prim_wrapper_init has unconnected port ADDRB[4]
WARNING: [Synth 8-3331] design blk_mem_gen_prim_wrapper_init has unconnected port ADDRB[3]
WARNING: [Synth 8-3331] design blk_mem_gen_prim_wrapper_init has unconnected port ADDRB[2]
WARNING: [Synth 8-3331] design blk_mem_gen_prim_wrapper_init has unconnected port ADDRB[1]
WARNING: [Synth 8-3331] design blk_mem_gen_prim_wrapper_init has unconnected port ADDRB[0]
WARNING: [Synth 8-3331] design blk_mem_gen_prim_wrapper_init has unconnected port DINB[35]
WARNING: [Synth 8-3331] design blk_mem_gen_prim_wrapper_init has unconnected port DINB[34]
WARNING: [Synth 8-3331] design blk_mem_gen_prim_wrapper_init has unconnected port DINB[33]
WARNING: [Synth 8-3331] design blk_mem_gen_prim_wrapper_init has unconnected port DINB[32]
WARNING: [Synth 8-3331] design blk_mem_gen_prim_wrapper_init has unconnected port DINB[31]
WARNING: [Synth 8-3331] design blk_mem_gen_prim_wrapper_init has unconnected port DINB[30]
WARNING: [Synth 8-3331] design blk_mem_gen_prim_wrapper_init has unconnected port DINB[29]
WARNING: [Synth 8-3331] design blk_mem_gen_prim_wrapper_init has unconnected port DINB[28]
WARNING: [Synth 8-3331] design blk_mem_gen_prim_wrapper_init has unconnected port DINB[27]
WARNING: [Synth 8-3331] design blk_mem_gen_prim_wrapper_init has unconnected port DINB[26]
WARNING: [Synth 8-3331] design blk_mem_gen_prim_wrapper_init has unconnected port DINB[25]
WARNING: [Synth 8-3331] design blk_mem_gen_prim_wrapper_init has unconnected port DINB[24]
WARNING: [Synth 8-3331] design blk_mem_gen_prim_wrapper_init has unconnected port DINB[23]
WARNING: [Synth 8-3331] design blk_mem_gen_prim_wrapper_init has unconnected port DINB[22]
WARNING: [Synth 8-3331] design blk_mem_gen_prim_wrapper_init has unconnected port DINB[21]
WARNING: [Synth 8-3331] design blk_mem_gen_prim_wrapper_init has unconnected port DINB[20]
WARNING: [Synth 8-3331] design blk_mem_gen_prim_wrapper_init has unconnected port DINB[19]
WARNING: [Synth 8-3331] design blk_mem_gen_prim_wrapper_init has unconnected port DINB[18]
WARNING: [Synth 8-3331] design blk_mem_gen_prim_wrapper_init has unconnected port DINB[17]
WARNING: [Synth 8-3331] design blk_mem_gen_prim_wrapper_init has unconnected port DINB[16]
WARNING: [Synth 8-3331] design blk_mem_gen_prim_wrapper_init has unconnected port DINB[15]
WARNING: [Synth 8-3331] design blk_mem_gen_prim_wrapper_init has unconnected port DINB[14]
WARNING: [Synth 8-3331] design blk_mem_gen_prim_wrapper_init has unconnected port DINB[13]
WARNING: [Synth 8-3331] design blk_mem_gen_prim_wrapper_init has unconnected port DINB[12]
WARNING: [Synth 8-3331] design blk_mem_gen_prim_wrapper_init has unconnected port DINB[11]
WARNING: [Synth 8-3331] design blk_mem_gen_prim_wrapper_init has unconnected port DINB[10]
WARNING: [Synth 8-3331] design blk_mem_gen_prim_wrapper_init has unconnected port DINB[9]
WARNING: [Synth 8-3331] design blk_mem_gen_prim_wrapper_init has unconnected port DINB[8]
WARNING: [Synth 8-3331] design blk_mem_gen_prim_wrapper_init has unconnected port DINB[7]
WARNING: [Synth 8-3331] design blk_mem_gen_prim_wrapper_init has unconnected port DINB[6]
WARNING: [Synth 8-3331] design blk_mem_gen_prim_wrapper_init has unconnected port DINB[5]
WARNING: [Synth 8-3331] design blk_mem_gen_prim_wrapper_init has unconnected port DINB[4]
WARNING: [Synth 8-3331] design blk_mem_gen_prim_wrapper_init has unconnected port DINB[3]
WARNING: [Synth 8-3331] design blk_mem_gen_prim_wrapper_init has unconnected port DINB[2]
WARNING: [Synth 8-3331] design blk_mem_gen_prim_wrapper_init has unconnected port DINB[1]
WARNING: [Synth 8-3331] design blk_mem_gen_prim_wrapper_init has unconnected port DINB[0]
WARNING: [Synth 8-3331] design blk_mem_gen_prim_wrapper_init has unconnected port SLEEP
WARNING: [Synth 8-3331] design blk_mem_gen_prim_wrapper_init has unconnected port INJECTSBITERR
WARNING: [Synth 8-3331] design blk_mem_gen_prim_wrapper_init has unconnected port INJECTDBITERR
WARNING: [Synth 8-3331] design blk_mem_gen_prim_wrapper_init has unconnected port ECCPIPECE
WARNING: [Synth 8-3331] design blk_mem_gen_prim_wrapper_init has unconnected port ram_rstram_b
WARNING: [Synth 8-3331] design blk_mem_gen_prim_wrapper_init has unconnected port ram_rstreg_b
WARNING: [Synth 8-3331] design blk_mem_gen_generic_cstr has unconnected port REGCEA[0]
WARNING: [Synth 8-3331] design blk_mem_gen_generic_cstr has unconnected port WEA[3]
WARNING: [Synth 8-3331] design blk_mem_gen_generic_cstr has unconnected port WEA[2]
WARNING: [Synth 8-3331] design blk_mem_gen_generic_cstr has unconnected port WEA[1]
WARNING: [Synth 8-3331] design blk_mem_gen_generic_cstr has unconnected port REGCEB[0]
WARNING: [Synth 8-3331] design blk_mem_gen_generic_cstr has unconnected port WEB[3]
WARNING: [Synth 8-3331] design blk_mem_gen_generic_cstr has unconnected port WEB[2]
WARNING: [Synth 8-3331] design blk_mem_gen_generic_cstr has unconnected port WEB[1]
WARNING: [Synth 8-3331] design blk_mem_gen_generic_cstr has unconnected port INJECTSBITERR
WARNING: [Synth 8-3331] design blk_mem_gen_generic_cstr has unconnected port INJECTDBITERR
WARNING: [Synth 8-3331] design blk_mem_output_block has unconnected port CLKB
WARNING: [Synth 8-3331] design blk_mem_output_block has unconnected port DOUTB_I[31]
WARNING: [Synth 8-3331] design blk_mem_output_block has unconnected port DOUTB_I[30]
WARNING: [Synth 8-3331] design blk_mem_output_block has unconnected port DOUTB_I[29]
WARNING: [Synth 8-3331] design blk_mem_output_block has unconnected port DOUTB_I[28]
WARNING: [Synth 8-3331] design blk_mem_output_block has unconnected port DOUTB_I[27]
WARNING: [Synth 8-3331] design blk_mem_output_block has unconnected port DOUTB_I[26]
WARNING: [Synth 8-3331] design blk_mem_output_block has unconnected port DOUTB_I[25]
WARNING: [Synth 8-3331] design blk_mem_output_block has unconnected port DOUTB_I[24]
WARNING: [Synth 8-3331] design blk_mem_output_block has unconnected port DOUTB_I[23]
WARNING: [Synth 8-3331] design blk_mem_output_block has unconnected port DOUTB_I[22]
WARNING: [Synth 8-3331] design blk_mem_output_block has unconnected port DOUTB_I[21]
WARNING: [Synth 8-3331] design blk_mem_output_block has unconnected port DOUTB_I[20]
WARNING: [Synth 8-3331] design blk_mem_output_block has unconnected port DOUTB_I[19]
WARNING: [Synth 8-3331] design blk_mem_output_block has unconnected port DOUTB_I[18]
WARNING: [Synth 8-3331] design blk_mem_output_block has unconnected port DOUTB_I[17]
WARNING: [Synth 8-3331] design blk_mem_output_block has unconnected port DOUTB_I[16]
WARNING: [Synth 8-3331] design blk_mem_output_block has unconnected port DOUTB_I[15]
WARNING: [Synth 8-3331] design blk_mem_output_block has unconnected port DOUTB_I[14]
WARNING: [Synth 8-3331] design blk_mem_output_block has unconnected port DOUTB_I[13]
WARNING: [Synth 8-3331] design blk_mem_output_block has unconnected port DOUTB_I[12]
WARNING: [Synth 8-3331] design blk_mem_output_block has unconnected port DOUTB_I[11]
WARNING: [Synth 8-3331] design blk_mem_output_block has unconnected port DOUTB_I[10]
WARNING: [Synth 8-3331] design blk_mem_output_block has unconnected port DOUTB_I[9]
WARNING: [Synth 8-3331] design blk_mem_output_block has unconnected port DOUTB_I[8]
WARNING: [Synth 8-3331] design blk_mem_output_block has unconnected port DOUTB_I[7]
WARNING: [Synth 8-3331] design blk_mem_output_block has unconnected port DOUTB_I[6]
WARNING: [Synth 8-3331] design blk_mem_output_block has unconnected port DOUTB_I[5]
WARNING: [Synth 8-3331] design blk_mem_output_block has unconnected port DOUTB_I[4]
WARNING: [Synth 8-3331] design blk_mem_output_block has unconnected port DOUTB_I[3]
WARNING: [Synth 8-3331] design blk_mem_output_block has unconnected port DOUTB_I[2]
WARNING: [Synth 8-3331] design blk_mem_output_block has unconnected port DOUTB_I[1]
INFO: [Common 17-14] Message 'Synth 8-3331' appears 100 times and further instances of the messages will be disabled. Use the Tcl command set_msg_config to change the current settings.
---------------------------------------------------------------------------------
Finished RTL Elaboration : Time (s): cpu = 00:00:36 ; elapsed = 00:01:17 . Memory (MB): peak = 602.457 ; gain = 357.648
---------------------------------------------------------------------------------

Report Check Netlist: 
+------+------------------+-------+---------+-------+------------------+
|      |Item              |Errors |Warnings |Status |Description       |
+------+------------------+-------+---------+-------+------------------+
|1     |multi_driven_nets |      0|        0|Passed |Multi driven nets |
+------+------------------+-------+---------+-------+------------------+
---------------------------------------------------------------------------------
Finished RTL Optimization Phase 1 : Time (s): cpu = 00:00:36 ; elapsed = 00:01:17 . Memory (MB): peak = 602.457 ; gain = 357.648
---------------------------------------------------------------------------------
INFO: [Netlist 29-17] Analyzing 1 Unisim elements for replacement
INFO: [Netlist 29-28] Unisim Transformation completed in 0 CPU seconds
INFO: [Device 21-403] Loading part xc7z010clg400-1
INFO: [Project 1-570] Preparing netlist for logic optimization

Processing XDC Constraints
Initializing timing engine
Parsing XDC File [f:/Users/Lenovo/Desktop/fpga_zynq/energy_detection_2/vivado_prj/energy_detection_2.srcs/sources_1/ip/rom_32x1024/rom_32x1024_ooc.xdc] for cell 'U0'
Finished Parsing XDC File [f:/Users/Lenovo/Desktop/fpga_zynq/energy_detection_2/vivado_prj/energy_detection_2.srcs/sources_1/ip/rom_32x1024/rom_32x1024_ooc.xdc] for cell 'U0'
Parsing XDC File [F:/Users/Lenovo/Desktop/fpga_zynq/energy_detection_2/vivado_prj/energy_detection_2.runs/rom_32x1024_synth_1/dont_touch.xdc]
Finished Parsing XDC File [F:/Users/Lenovo/Desktop/fpga_zynq/energy_detection_2/vivado_prj/energy_detection_2.runs/rom_32x1024_synth_1/dont_touch.xdc]
Completed Processing XDC Constraints

INFO: [Project 1-111] Unisim Transformation Summary:
No Unisim elements were transformed.

Constraint Validation Runtime : Time (s): cpu = 00:00:00 ; elapsed = 00:00:00.006 . Memory (MB): peak = 661.340 ; gain = 0.000
---------------------------------------------------------------------------------
Finished Constraint Validation : Time (s): cpu = 00:00:44 ; elapsed = 00:01:30 . Memory (MB): peak = 661.340 ; gain = 416.531
---------------------------------------------------------------------------------
---------------------------------------------------------------------------------
Start Loading Part and Timing Information
---------------------------------------------------------------------------------
Loading part: xc7z010clg400-1
---------------------------------------------------------------------------------
Finished Loading Part and Timing Information : Time (s): cpu = 00:00:44 ; elapsed = 00:01:30 . Memory (MB): peak = 661.340 ; gain = 416.531
---------------------------------------------------------------------------------
---------------------------------------------------------------------------------
Start Applying 'set_property' XDC Constraints
---------------------------------------------------------------------------------
Applied set_property DONT_TOUCH = true for U0. (constraint file  F:/Users/Lenovo/Desktop/fpga_zynq/energy_detection_2/vivado_prj/energy_detection_2.runs/rom_32x1024_synth_1/dont_touch.xdc, line 9).
---------------------------------------------------------------------------------
Finished applying 'set_property' XDC Constraints : Time (s): cpu = 00:00:44 ; elapsed = 00:01:30 . Memory (MB): peak = 661.340 ; gain = 416.531
---------------------------------------------------------------------------------
---------------------------------------------------------------------------------
Finished RTL Optimization Phase 2 : Time (s): cpu = 00:00:44 ; elapsed = 00:01:31 . Memory (MB): peak = 661.340 ; gain = 416.531
---------------------------------------------------------------------------------

Report RTL Partitions: 
+-+--------------+------------+----------+
| |RTL Partition |Replication |Instances |
+-+--------------+------------+----------+
+-+--------------+------------+----------+
---------------------------------------------------------------------------------
Start RTL Component Statistics 
---------------------------------------------------------------------------------
Detailed RTL Component Info : 
+---XORs : 
	   2 Input      1 Bit         XORs := 1     
+---Registers : 
	                5 Bit    Registers := 1     
	                1 Bit    Registers := 6     
---------------------------------------------------------------------------------
Finished RTL Component Statistics 
---------------------------------------------------------------------------------
---------------------------------------------------------------------------------
Start RTL Hierarchical Component Statistics 
---------------------------------------------------------------------------------
Hierarchical RTL Component report 
Module blk_mem_gen_prim_width 
Detailed RTL Component Info : 
+---XORs : 
	   2 Input      1 Bit         XORs := 1     
+---Registers : 
	                5 Bit    Registers := 1     
	                1 Bit    Registers := 6     
---------------------------------------------------------------------------------
Finished RTL Hierarchical Component Statistics
---------------------------------------------------------------------------------
---------------------------------------------------------------------------------
Start Part Resource Summary
---------------------------------------------------------------------------------
Part Resources:
DSPs: 80 (col length:40)
BRAMs: 120 (col length: RAMB18 40 RAMB36 20)
---------------------------------------------------------------------------------
Finished Part Resource Summary
---------------------------------------------------------------------------------
---------------------------------------------------------------------------------
Start Cross Boundary and Area Optimization
---------------------------------------------------------------------------------
INFO: [Synth 8-3332] Sequential element (inst_blk_mem_gen/gnbram.gnativebmg.native_blk_mem_gen/valid.cstr/ramloop[0].ram.r/SAFETY_CKT_GEN.ENB_NO_REG.ENB_dly_D_reg) is unused and will be removed from module blk_mem_gen_v8_4_1.
INFO: [Synth 8-3332] Sequential element (inst_blk_mem_gen/gnbram.gnativebmg.native_blk_mem_gen/valid.cstr/ramloop[0].ram.r/SAFETY_CKT_GEN.ENB_NO_REG.ENB_dly_reg) is unused and will be removed from module blk_mem_gen_v8_4_1.
---------------------------------------------------------------------------------
Finished Cross Boundary and Area Optimization : Time (s): cpu = 00:00:44 ; elapsed = 00:01:31 . Memory (MB): peak = 661.340 ; gain = 416.531
---------------------------------------------------------------------------------

Report RTL Partitions: 
+-+--------------+------------+----------+
| |RTL Partition |Replication |Instances |
+-+--------------+------------+----------+
+-+--------------+------------+----------+
---------------------------------------------------------------------------------
Start Applying XDC Timing Constraints
---------------------------------------------------------------------------------
---------------------------------------------------------------------------------
Finished Applying XDC Timing Constraints : Time (s): cpu = 00:00:48 ; elapsed = 00:01:39 . Memory (MB): peak = 728.957 ; gain = 484.148
---------------------------------------------------------------------------------
---------------------------------------------------------------------------------
Start Timing Optimization
---------------------------------------------------------------------------------
---------------------------------------------------------------------------------
Finished Timing Optimization : Time (s): cpu = 00:00:48 ; elapsed = 00:01:39 . Memory (MB): peak = 738.562 ; gain = 493.754
---------------------------------------------------------------------------------

Report RTL Partitions: 
+-+--------------+------------+----------+
| |RTL Partition |Replication |Instances |
+-+--------------+------------+----------+
+-+--------------+------------+----------+
---------------------------------------------------------------------------------
Start Technology Mapping
---------------------------------------------------------------------------------
---------------------------------------------------------------------------------
Finished Technology Mapping : Time (s): cpu = 00:00:48 ; elapsed = 00:01:39 . Memory (MB): peak = 748.656 ; gain = 503.848
---------------------------------------------------------------------------------

Report RTL Partitions: 
+-+--------------+------------+----------+
| |RTL Partition |Replication |Instances |
+-+--------------+------------+----------+
+-+--------------+------------+----------+
---------------------------------------------------------------------------------
Start IO Insertion
---------------------------------------------------------------------------------
---------------------------------------------------------------------------------
Start Flattening Before IO Insertion
---------------------------------------------------------------------------------
---------------------------------------------------------------------------------
Finished Flattening Before IO Insertion
---------------------------------------------------------------------------------
---------------------------------------------------------------------------------
Start Final Netlist Cleanup
---------------------------------------------------------------------------------
---------------------------------------------------------------------------------
Finished Final Netlist Cleanup
---------------------------------------------------------------------------------
---------------------------------------------------------------------------------
Finished IO Insertion : Time (s): cpu = 00:00:49 ; elapsed = 00:01:40 . Memory (MB): peak = 748.656 ; gain = 503.848
---------------------------------------------------------------------------------

Report Check Netlist: 
+------+------------------+-------+---------+-------+------------------+
|      |Item              |Errors |Warnings |Status |Description       |
+------+------------------+-------+---------+-------+------------------+
|1     |multi_driven_nets |      0|        0|Passed |Multi driven nets |
+------+------------------+-------+---------+-------+------------------+
---------------------------------------------------------------------------------
Start Renaming Generated Instances
---------------------------------------------------------------------------------
---------------------------------------------------------------------------------
Finished Renaming Generated Instances : Time (s): cpu = 00:00:49 ; elapsed = 00:01:40 . Memory (MB): peak = 748.656 ; gain = 503.848
---------------------------------------------------------------------------------

Report RTL Partitions: 
+-+--------------+------------+----------+
| |RTL Partition |Replication |Instances |
+-+--------------+------------+----------+
+-+--------------+------------+----------+
---------------------------------------------------------------------------------
Start Rebuilding User Hierarchy
---------------------------------------------------------------------------------
---------------------------------------------------------------------------------
Finished Rebuilding User Hierarchy : Time (s): cpu = 00:00:49 ; elapsed = 00:01:40 . Memory (MB): peak = 748.656 ; gain = 503.848
---------------------------------------------------------------------------------
---------------------------------------------------------------------------------
Start Renaming Generated Ports
---------------------------------------------------------------------------------
---------------------------------------------------------------------------------
Finished Renaming Generated Ports : Time (s): cpu = 00:00:49 ; elapsed = 00:01:40 . Memory (MB): peak = 748.656 ; gain = 503.848
---------------------------------------------------------------------------------
---------------------------------------------------------------------------------
Start Handling Custom Attributes
---------------------------------------------------------------------------------
---------------------------------------------------------------------------------
Finished Handling Custom Attributes : Time (s): cpu = 00:00:49 ; elapsed = 00:01:40 . Memory (MB): peak = 748.656 ; gain = 503.848
---------------------------------------------------------------------------------
---------------------------------------------------------------------------------
Start Renaming Generated Nets
---------------------------------------------------------------------------------
---------------------------------------------------------------------------------
Finished Renaming Generated Nets : Time (s): cpu = 00:00:49 ; elapsed = 00:01:40 . Memory (MB): peak = 748.656 ; gain = 503.848
---------------------------------------------------------------------------------
---------------------------------------------------------------------------------
Start ROM, RAM, DSP and Shift Register Reporting
---------------------------------------------------------------------------------

Static Shift Register Report:
+-------------------+-----------------------------------------------------------------------------------------------------------------------+--------+-------+--------------+--------------------+-------------------+--------+---------+
|Module Name        | RTL Name                                                                                                              | Length | Width | Reset Signal | Pull out first Reg | Pull out last Reg | SRL16E | SRLC32E | 
+-------------------+-----------------------------------------------------------------------------------------------------------------------+--------+-------+--------------+--------------------+-------------------+--------+---------+
|blk_mem_gen_v8_4_1 | inst_blk_mem_gen/gnbram.gnativebmg.native_blk_mem_gen/valid.cstr/ramloop[0].ram.r/SAFETY_CKT_GEN.RSTA_SHFT_REG_reg[4] | 4      | 1     | NO           | NO                 | YES               | 1      | 0       | 
+-------------------+-----------------------------------------------------------------------------------------------------------------------+--------+-------+--------------+--------------------+-------------------+--------+---------+

---------------------------------------------------------------------------------
Finished ROM, RAM, DSP and Shift Register Reporting
---------------------------------------------------------------------------------
---------------------------------------------------------------------------------
Start Writing Synthesis Report
---------------------------------------------------------------------------------

Report BlackBoxes: 
+-+--------------+----------+
| |BlackBox name |Instances |
+-+--------------+----------+
+-+--------------+----------+

Report Cell Usage: 
+------+---------+------+
|      |Cell     |Count |
+------+---------+------+
|1     |LUT2     |     2|
|2     |LUT4     |     1|
|3     |RAMB36E1 |     1|
|4     |SRL16E   |     1|
|5     |FDRE     |     6|
+------+---------+------+

Report Instance Areas: 
+------+---------------------------------------------+------------------------------+------+
|      |Instance                                     |Module                        |Cells |
+------+---------------------------------------------+------------------------------+------+
|1     |top                                          |                              |    11|
|2     |  U0                                         |blk_mem_gen_v8_4_1            |    11|
|3     |    inst_blk_mem_gen                         |blk_mem_gen_v8_4_1_synth      |    11|
|4     |      \gnbram.gnativebmg.native_blk_mem_gen  |blk_mem_gen_top               |    11|
|5     |        \valid.cstr                          |blk_mem_gen_generic_cstr      |    11|
|6     |          \ramloop[0].ram.r                  |blk_mem_gen_prim_width        |    11|
|7     |            \prim_init.ram                   |blk_mem_gen_prim_wrapper_init |     2|
+------+---------------------------------------------+------------------------------+------+
---------------------------------------------------------------------------------
Finished Writing Synthesis Report : Time (s): cpu = 00:00:49 ; elapsed = 00:01:40 . Memory (MB): peak = 748.656 ; gain = 503.848
---------------------------------------------------------------------------------
Synthesis finished with 0 errors, 0 critical warnings and 229 warnings.
Synthesis Optimization Runtime : Time (s): cpu = 00:00:09 ; elapsed = 00:01:33 . Memory (MB): peak = 748.656 ; gain = 444.965
Synthesis Optimization Complete : Time (s): cpu = 00:00:49 ; elapsed = 00:01:40 . Memory (MB): peak = 748.656 ; gain = 503.848
INFO: [Project 1-571] Translating synthesized netlist
INFO: [Netlist 29-17] Analyzing 1 Unisim elements for replacement
INFO: [Netlist 29-28] Unisim Transformation completed in 0 CPU seconds
INFO: [Project 1-570] Preparing netlist for logic optimization
INFO: [Opt 31-138] Pushed 0 inverter(s) to 0 load pin(s).
INFO: [Project 1-111] Unisim Transformation Summary:
No Unisim elements were transformed.

INFO: [Common 17-83] Releasing license: Synthesis
19 Infos, 100 Warnings, 0 Critical Warnings and 0 Errors encountered.
synth_design completed successfully
synth_design: Time (s): cpu = 00:00:49 ; elapsed = 00:01:42 . Memory (MB): peak = 748.656 ; gain = 515.336
INFO: [Common 17-1381] The checkpoint 'F:/Users/Lenovo/Desktop/fpga_zynq/energy_detection_2/vivado_prj/energy_detection_2.runs/rom_32x1024_synth_1/rom_32x1024.dcp' has been generated.
