
*** Running vivado
    with args -log multiplier.vds -m64 -product Vivado -mode batch -messageDb vivado.pb -notrace -source multiplier.tcl


****** Vivado v2017.4 (64-bit)
  **** SW Build 2086221 on Fri Dec 15 20:55:39 MST 2017
  **** IP Build 2085800 on Fri Dec 15 22:25:07 MST 2017
    ** Copyright 1986-2017 Xilinx, Inc. All Rights Reserved.

source multiplier.tcl -notrace
Command: synth_design -top multiplier -part xc7z010clg400-1 -mode out_of_context
Starting synth_design
Attempting to get a license for feature 'Synthesis' and/or device 'xc7z010'
INFO: [Common 17-349] Got license for feature 'Synthesis' and/or device 'xc7z010'
INFO: Launching helper process for spawning children vivado processes
INFO: Helper process launched with PID 20420 
---------------------------------------------------------------------------------
Starting RTL Elaboration : Time (s): cpu = 00:00:05 ; elapsed = 00:00:10 . Memory (MB): peak = 344.898 ; gain = 101.914
---------------------------------------------------------------------------------
INFO: [Synth 8-638] synthesizing module 'multiplier' [f:/Users/Lenovo/Desktop/fpga_zynq/energy_detection_2/vivado_prj/energy_detection_2.srcs/sources_1/ip/multiplier/synth/multiplier.vhd:69]
WARNING: [Synth 8-5640] Port 'zero_detect' is missing in component declaration [f:/Users/Lenovo/Desktop/fpga_zynq/energy_detection_2/vivado_prj/energy_detection_2.srcs/sources_1/ip/multiplier/synth/multiplier.vhd:72]
WARNING: [Synth 8-5640] Port 'pcasc' is missing in component declaration [f:/Users/Lenovo/Desktop/fpga_zynq/energy_detection_2/vivado_prj/energy_detection_2.srcs/sources_1/ip/multiplier/synth/multiplier.vhd:72]
	Parameter C_VERBOSITY bound to: 0 - type: integer 
	Parameter C_MODEL_TYPE bound to: 0 - type: integer 
	Parameter C_OPTIMIZE_GOAL bound to: 1 - type: integer 
	Parameter C_XDEVICEFAMILY bound to: zynq - type: string 
	Parameter C_HAS_CE bound to: 0 - type: integer 
	Parameter C_HAS_SCLR bound to: 1 - type: integer 
	Parameter C_LATENCY bound to: 1 - type: integer 
	Parameter C_A_WIDTH bound to: 16 - type: integer 
	Parameter C_A_TYPE bound to: 0 - type: integer 
	Parameter C_B_WIDTH bound to: 16 - type: integer 
	Parameter C_B_TYPE bound to: 0 - type: integer 
	Parameter C_OUT_HIGH bound to: 31 - type: integer 
	Parameter C_OUT_LOW bound to: 0 - type: integer 
	Parameter C_MULT_TYPE bound to: 0 - type: integer 
	Parameter C_CE_OVERRIDES_SCLR bound to: 0 - type: integer 
	Parameter C_CCM_IMP bound to: 0 - type: integer 
	Parameter C_B_VALUE bound to: 10000001 - type: string 
	Parameter C_HAS_ZERO_DETECT bound to: 0 - type: integer 
	Parameter C_ROUND_OUTPUT bound to: 0 - type: integer 
	Parameter C_ROUND_PT bound to: 0 - type: integer 
INFO: [Synth 8-3491] module 'mult_gen_v12_0_13' declared at 'f:/Users/Lenovo/Desktop/fpga_zynq/energy_detection_2/vivado_prj/energy_detection_2.srcs/sources_1/ip/multiplier/hdl/mult_gen_v12_0_vh_rfs.vhd:21013' bound to instance 'U0' of component 'mult_gen_v12_0_13' [f:/Users/Lenovo/Desktop/fpga_zynq/energy_detection_2/vivado_prj/energy_detection_2.srcs/sources_1/ip/multiplier/synth/multiplier.vhd:123]
INFO: [Synth 8-256] done synthesizing module 'multiplier' (5#1) [f:/Users/Lenovo/Desktop/fpga_zynq/energy_detection_2/vivado_prj/energy_detection_2.srcs/sources_1/ip/multiplier/synth/multiplier.vhd:69]
WARNING: [Synth 8-3331] design mult_gen_v12_0_13_viv has unconnected port CE
---------------------------------------------------------------------------------
Finished RTL Elaboration : Time (s): cpu = 00:00:06 ; elapsed = 00:00:14 . Memory (MB): peak = 414.211 ; gain = 171.227
---------------------------------------------------------------------------------

Report Check Netlist: 
+------+------------------+-------+---------+-------+------------------+
|      |Item              |Errors |Warnings |Status |Description       |
+------+------------------+-------+---------+-------+------------------+
|1     |multi_driven_nets |      0|        0|Passed |Multi driven nets |
+------+------------------+-------+---------+-------+------------------+
---------------------------------------------------------------------------------
Finished RTL Optimization Phase 1 : Time (s): cpu = 00:00:06 ; elapsed = 00:00:14 . Memory (MB): peak = 414.211 ; gain = 171.227
---------------------------------------------------------------------------------
INFO: [Netlist 29-17] Analyzing 416 Unisim elements for replacement
INFO: [Netlist 29-28] Unisim Transformation completed in 0 CPU seconds
INFO: [Device 21-403] Loading part xc7z010clg400-1
INFO: [Project 1-570] Preparing netlist for logic optimization

Processing XDC Constraints
Initializing timing engine
Parsing XDC File [f:/Users/Lenovo/Desktop/fpga_zynq/energy_detection_2/vivado_prj/energy_detection_2.srcs/sources_1/ip/multiplier/multiplier_ooc.xdc] for cell 'U0'
Finished Parsing XDC File [f:/Users/Lenovo/Desktop/fpga_zynq/energy_detection_2/vivado_prj/energy_detection_2.srcs/sources_1/ip/multiplier/multiplier_ooc.xdc] for cell 'U0'
Parsing XDC File [F:/Users/Lenovo/Desktop/fpga_zynq/energy_detection_2/vivado_prj/energy_detection_2.runs/multiplier_synth_1/dont_touch.xdc]
Finished Parsing XDC File [F:/Users/Lenovo/Desktop/fpga_zynq/energy_detection_2/vivado_prj/energy_detection_2.runs/multiplier_synth_1/dont_touch.xdc]
Completed Processing XDC Constraints

INFO: [Project 1-111] Unisim Transformation Summary:
  A total of 136 instances were transformed.
  MULT_AND => LUT2: 136 instances

Constraint Validation Runtime : Time (s): cpu = 00:00:00 ; elapsed = 00:00:00.022 . Memory (MB): peak = 736.207 ; gain = 0.000
---------------------------------------------------------------------------------
Finished Constraint Validation : Time (s): cpu = 00:00:12 ; elapsed = 00:00:31 . Memory (MB): peak = 736.207 ; gain = 493.223
---------------------------------------------------------------------------------
---------------------------------------------------------------------------------
Start Loading Part and Timing Information
---------------------------------------------------------------------------------
Loading part: xc7z010clg400-1
---------------------------------------------------------------------------------
Finished Loading Part and Timing Information : Time (s): cpu = 00:00:12 ; elapsed = 00:00:31 . Memory (MB): peak = 736.207 ; gain = 493.223
---------------------------------------------------------------------------------
---------------------------------------------------------------------------------
Start Applying 'set_property' XDC Constraints
---------------------------------------------------------------------------------
Applied set_property DONT_TOUCH = true for U0. (constraint file  F:/Users/Lenovo/Desktop/fpga_zynq/energy_detection_2/vivado_prj/energy_detection_2.runs/multiplier_synth_1/dont_touch.xdc, line 9).
---------------------------------------------------------------------------------
Finished applying 'set_property' XDC Constraints : Time (s): cpu = 00:00:12 ; elapsed = 00:00:31 . Memory (MB): peak = 736.207 ; gain = 493.223
---------------------------------------------------------------------------------
---------------------------------------------------------------------------------
Finished RTL Optimization Phase 2 : Time (s): cpu = 00:00:12 ; elapsed = 00:00:32 . Memory (MB): peak = 736.207 ; gain = 493.223
---------------------------------------------------------------------------------

Report RTL Partitions: 
+-+--------------+------------+----------+
| |RTL Partition |Replication |Instances |
+-+--------------+------------+----------+
+-+--------------+------------+----------+
---------------------------------------------------------------------------------
Start RTL Component Statistics 
---------------------------------------------------------------------------------
---------------------------------------------------------------------------------
Finished RTL Component Statistics 
---------------------------------------------------------------------------------
---------------------------------------------------------------------------------
Start RTL Hierarchical Component Statistics 
---------------------------------------------------------------------------------
---------------------------------------------------------------------------------
Finished RTL Hierarchical Component Statistics
---------------------------------------------------------------------------------
---------------------------------------------------------------------------------
Start Part Resource Summary
---------------------------------------------------------------------------------
Part Resources:
DSPs: 80 (col length:40)
BRAMs: 120 (col length: RAMB18 40 RAMB36 20)
---------------------------------------------------------------------------------
Finished Part Resource Summary
---------------------------------------------------------------------------------
---------------------------------------------------------------------------------
Start Cross Boundary and Area Optimization
---------------------------------------------------------------------------------
WARNING: [Synth 8-3331] design mult_gen_v12_0_13_viv has unconnected port CE
INFO: [Synth 8-3332] Sequential element (gLUT.gLUT_speed.iLUT/NxM_mult.stage_3_add.stage_3_pipeline.s3_add_out_reg[0][34]) is unused and will be removed from module mult_gen_v12_0_13_viv.
INFO: [Synth 8-3332] Sequential element (gLUT.gLUT_speed.iLUT/NxM_mult.stage_3_add.stage_3_pipeline.s3_add_out_reg[0][33]) is unused and will be removed from module mult_gen_v12_0_13_viv.
INFO: [Synth 8-3332] Sequential element (gLUT.gLUT_speed.iLUT/NxM_mult.stage_3_add.stage_3_pipeline.s3_add_out_reg[0][32]) is unused and will be removed from module mult_gen_v12_0_13_viv.
---------------------------------------------------------------------------------
Finished Cross Boundary and Area Optimization : Time (s): cpu = 00:00:13 ; elapsed = 00:00:32 . Memory (MB): peak = 736.207 ; gain = 493.223
---------------------------------------------------------------------------------

Report RTL Partitions: 
+-+--------------+------------+----------+
| |RTL Partition |Replication |Instances |
+-+--------------+------------+----------+
+-+--------------+------------+----------+
---------------------------------------------------------------------------------
Start Applying XDC Timing Constraints
---------------------------------------------------------------------------------
---------------------------------------------------------------------------------
Finished Applying XDC Timing Constraints : Time (s): cpu = 00:00:17 ; elapsed = 00:00:41 . Memory (MB): peak = 736.207 ; gain = 493.223
---------------------------------------------------------------------------------
---------------------------------------------------------------------------------
Start Timing Optimization
---------------------------------------------------------------------------------
---------------------------------------------------------------------------------
Finished Timing Optimization : Time (s): cpu = 00:00:17 ; elapsed = 00:00:41 . Memory (MB): peak = 736.207 ; gain = 493.223
---------------------------------------------------------------------------------

Report RTL Partitions: 
+-+--------------+------------+----------+
| |RTL Partition |Replication |Instances |
+-+--------------+------------+----------+
+-+--------------+------------+----------+
---------------------------------------------------------------------------------
Start Technology Mapping
---------------------------------------------------------------------------------
---------------------------------------------------------------------------------
Finished Technology Mapping : Time (s): cpu = 00:00:17 ; elapsed = 00:00:41 . Memory (MB): peak = 747.098 ; gain = 504.113
---------------------------------------------------------------------------------

Report RTL Partitions: 
+-+--------------+------------+----------+
| |RTL Partition |Replication |Instances |
+-+--------------+------------+----------+
+-+--------------+------------+----------+
---------------------------------------------------------------------------------
Start IO Insertion
---------------------------------------------------------------------------------
---------------------------------------------------------------------------------
Start Flattening Before IO Insertion
---------------------------------------------------------------------------------
---------------------------------------------------------------------------------
Finished Flattening Before IO Insertion
---------------------------------------------------------------------------------
---------------------------------------------------------------------------------
Start Final Netlist Cleanup
---------------------------------------------------------------------------------
---------------------------------------------------------------------------------
Finished Final Netlist Cleanup
---------------------------------------------------------------------------------
---------------------------------------------------------------------------------
Finished IO Insertion : Time (s): cpu = 00:00:18 ; elapsed = 00:00:42 . Memory (MB): peak = 747.098 ; gain = 504.113
---------------------------------------------------------------------------------

Report Check Netlist: 
+------+------------------+-------+---------+-------+------------------+
|      |Item              |Errors |Warnings |Status |Description       |
+------+------------------+-------+---------+-------+------------------+
|1     |multi_driven_nets |      0|        0|Passed |Multi driven nets |
+------+------------------+-------+---------+-------+------------------+
---------------------------------------------------------------------------------
Start Renaming Generated Instances
---------------------------------------------------------------------------------
---------------------------------------------------------------------------------
Finished Renaming Generated Instances : Time (s): cpu = 00:00:18 ; elapsed = 00:00:42 . Memory (MB): peak = 747.098 ; gain = 504.113
---------------------------------------------------------------------------------

Report RTL Partitions: 
+-+--------------+------------+----------+
| |RTL Partition |Replication |Instances |
+-+--------------+------------+----------+
+-+--------------+------------+----------+
---------------------------------------------------------------------------------
Start Rebuilding User Hierarchy
---------------------------------------------------------------------------------
---------------------------------------------------------------------------------
Finished Rebuilding User Hierarchy : Time (s): cpu = 00:00:18 ; elapsed = 00:00:42 . Memory (MB): peak = 747.098 ; gain = 504.113
---------------------------------------------------------------------------------
---------------------------------------------------------------------------------
Start Renaming Generated Ports
---------------------------------------------------------------------------------
---------------------------------------------------------------------------------
Finished Renaming Generated Ports : Time (s): cpu = 00:00:18 ; elapsed = 00:00:42 . Memory (MB): peak = 747.098 ; gain = 504.113
---------------------------------------------------------------------------------
---------------------------------------------------------------------------------
Start Handling Custom Attributes
---------------------------------------------------------------------------------
---------------------------------------------------------------------------------
Finished Handling Custom Attributes : Time (s): cpu = 00:00:18 ; elapsed = 00:00:42 . Memory (MB): peak = 747.098 ; gain = 504.113
---------------------------------------------------------------------------------
---------------------------------------------------------------------------------
Start Renaming Generated Nets
---------------------------------------------------------------------------------
---------------------------------------------------------------------------------
Finished Renaming Generated Nets : Time (s): cpu = 00:00:18 ; elapsed = 00:00:42 . Memory (MB): peak = 747.098 ; gain = 504.113
---------------------------------------------------------------------------------
---------------------------------------------------------------------------------
Start Writing Synthesis Report
---------------------------------------------------------------------------------

Report BlackBoxes: 
+-+--------------+----------+
| |BlackBox name |Instances |
+-+--------------+----------+
+-+--------------+----------+

Report Cell Usage: 
+------+---------+------+
|      |Cell     |Count |
+------+---------+------+
|1     |CARRY4   |    37|
|2     |LUT1     |     6|
|3     |LUT2     |   145|
|4     |LUT3     |    22|
|5     |LUT4     |   120|
|6     |MULT_AND |   135|
|7     |MUXCY    |   136|
|8     |XORCY    |   144|
|9     |FDRE     |    32|
+------+---------+------+
---------------------------------------------------------------------------------
Finished Writing Synthesis Report : Time (s): cpu = 00:00:18 ; elapsed = 00:00:42 . Memory (MB): peak = 747.098 ; gain = 504.113
---------------------------------------------------------------------------------
Synthesis finished with 0 errors, 0 critical warnings and 1 warnings.
Synthesis Optimization Runtime : Time (s): cpu = 00:00:10 ; elapsed = 00:00:34 . Memory (MB): peak = 747.098 ; gain = 182.117
Synthesis Optimization Complete : Time (s): cpu = 00:00:18 ; elapsed = 00:00:42 . Memory (MB): peak = 747.098 ; gain = 504.113
INFO: [Project 1-571] Translating synthesized netlist
INFO: [Netlist 29-17] Analyzing 452 Unisim elements for replacement
INFO: [Netlist 29-28] Unisim Transformation completed in 0 CPU seconds
INFO: [Project 1-570] Preparing netlist for logic optimization
INFO: [Opt 31-138] Pushed 0 inverter(s) to 0 load pin(s).
INFO: [Project 1-111] Unisim Transformation Summary:
  A total of 181 instances were transformed.
  (MUXCY,XORCY) => CARRY4: 46 instances
  MULT_AND => LUT2: 135 instances

INFO: [Common 17-83] Releasing license: Synthesis
19 Infos, 4 Warnings, 0 Critical Warnings and 0 Errors encountered.
synth_design completed successfully
synth_design: Time (s): cpu = 00:00:19 ; elapsed = 00:00:44 . Memory (MB): peak = 747.793 ; gain = 514.879
INFO: [Common 17-1381] The checkpoint 'F:/Users/Lenovo/Desktop/fpga_zynq/energy_detection_2/vivado_prj/energy_detection_2.runs/multiplier_synth_1/multiplier.dcp' has been generated.
